[1.029s] Invoking command in '/home/aravind/ros2_logistics_amr/build/amr_controller': PYTHONPATH=/home/aravind/ros2_logistics_amr/build/amr_controller/prefix_override:/usr/lib/python3/dist-packages/colcon_core/task/python/colcon_distutils_commands:/home/aravind/ros2_logistics_amr/install/amr_controller/lib/python3.12/site-packages:${PYTHONPATH} /usr/bin/python3 -W ignore:setup.py install is deprecated -W ignore:easy_install command is deprecated setup.py develop --editable --build-directory /home/aravind/ros2_logistics_amr/build/amr_controller/build --no-deps symlink_data
[1.381s] running develop
[1.501s] /usr/lib/python3/dist-packages/setuptools/command/easy_install.py:363: UserWarning: Unbuilt egg for pytest-repeat [unknown version] (/usr/lib/python3/dist-packages)
[1.501s]   self.local_index = Environment(self.shadow_path + sys.path)
[1.526s] running egg_info
[1.526s] creating amr_controller.egg-info
[1.540s] writing amr_controller.egg-info/PKG-INFO
[1.540s] writing dependency_links to amr_controller.egg-info/dependency_links.txt
[1.540s] writing requirements to amr_controller.egg-info/requires.txt
[1.540s] writing top-level names to amr_controller.egg-info/top_level.txt
[1.540s] writing manifest file 'amr_controller.egg-info/SOURCES.txt'
[1.575s] reading manifest file 'amr_controller.egg-info/SOURCES.txt'
[1.575s] writing manifest file 'amr_controller.egg-info/SOURCES.txt'
[1.594s] running build_ext
[1.594s] Creating /home/aravind/ros2_logistics_amr/install/amr_controller/lib/python3.12/site-packages/amr-controller.egg-link (link to .)
[1.594s] 
[1.594s] Installed /home/aravind/ros2_logistics_amr/build/amr_controller
[1.595s] running symlink_data
[1.595s] creating /home/aravind/ros2_logistics_amr/install/amr_controller/share/ament_index
[1.595s] creating /home/aravind/ros2_logistics_amr/install/amr_controller/share/ament_index/resource_index
[1.595s] creating /home/aravind/ros2_logistics_amr/install/amr_controller/share/ament_index/resource_index/packages
[1.595s] symbolically linking /home/aravind/ros2_logistics_amr/build/amr_controller/resource/amr_controller -> /home/aravind/ros2_logistics_amr/install/amr_controller/share/ament_index/resource_index/packages
[1.595s] symbolically linking /home/aravind/ros2_logistics_amr/build/amr_controller/package.xml -> /home/aravind/ros2_logistics_amr/install/amr_controller/share/amr_controller
[1.630s] Invoked command in '/home/aravind/ros2_logistics_amr/build/amr_controller' returned '0': PYTHONPATH=/home/aravind/ros2_logistics_amr/build/amr_controller/prefix_override:/usr/lib/python3/dist-packages/colcon_core/task/python/colcon_distutils_commands:/home/aravind/ros2_logistics_amr/install/amr_controller/lib/python3.12/site-packages:${PYTHONPATH} /usr/bin/python3 -W ignore:setup.py install is deprecated -W ignore:easy_install command is deprecated setup.py develop --editable --build-directory /home/aravind/ros2_logistics_amr/build/amr_controller/build --no-deps symlink_data
