[0.220s] DEBUG:colcon:Command line arguments: ['/usr/bin/colcon', 'build', '--symlink-install']
[0.220s] DEBUG:colcon:Parsed command line arguments: Namespace(log_base=None, log_level=None, verb_name='build', build_base='build', install_base='install', merge_install=False, symlink_install=True, test_result_base=None, continue_on_error=False, executor='parallel', parallel_workers=16, event_handlers=None, ignore_user_meta=False, metas=['./colcon.meta'], base_paths=['.'], packages_ignore=None, packages_ignore_regex=None, paths=None, packages_up_to=None, packages_up_to_regex=None, packages_above=None, packages_above_and_dependencies=None, packages_above_depth=None, packages_select_by_dep=None, packages_skip_by_dep=None, packages_skip_up_to=None, packages_select_build_failed=False, packages_skip_build_finished=False, packages_select_test_failures=False, packages_skip_test_passed=False, packages_select=None, packages_skip=None, packages_select_regex=None, packages_skip_regex=None, packages_start=None, packages_end=None, allow_overriding=[], cmake_args=None, cmake_target=None, cmake_target_skip_unavailable=False, cmake_clean_cache=False, cmake_clean_first=False, cmake_force_configure=False, ament_cmake_args=None, catkin_cmake_args=None, catkin_skip_building_tests=False, mixin_files=None, mixin=None, verb_parser=<colcon_mixin.mixin.mixin_argument.MixinArgumentDecorator object at 0x7c279b36f620>, verb_extension=<colcon_core.verb.build.BuildVerb object at 0x7c279b36f290>, main=<bound method BuildVerb.main of <colcon_core.verb.build.BuildVerb object at 0x7c279b36f290>>, mixin_verb=('build',))
[0.258s] Level 1:colcon.colcon_core.package_discovery:discover_packages(colcon_meta) check parameters
[0.258s] Level 1:colcon.colcon_core.package_discovery:discover_packages(recursive) check parameters
[0.258s] Level 1:colcon.colcon_core.package_discovery:discover_packages(ignore) check parameters
[0.258s] Level 1:colcon.colcon_core.package_discovery:discover_packages(path) check parameters
[0.258s] Level 1:colcon.colcon_core.package_discovery:discover_packages(colcon_meta) discover
[0.258s] Level 1:colcon.colcon_core.package_discovery:discover_packages(recursive) discover
[0.258s] INFO:colcon.colcon_core.package_discovery:Crawling recursively for packages in '/home/aravind/ros2_logistics_amr'
[0.258s] Level 1:colcon.colcon_core.package_identification:_identify(.) by extensions ['ignore', 'ignore_ament_install']
[0.258s] Level 1:colcon.colcon_core.package_identification:_identify(.) by extension 'ignore'
[0.259s] Level 1:colcon.colcon_core.package_identification:_identify(.) by extension 'ignore_ament_install'
[0.259s] Level 1:colcon.colcon_core.package_identification:_identify(.) by extensions ['colcon_pkg']
[0.259s] Level 1:colcon.colcon_core.package_identification:_identify(.) by extension 'colcon_pkg'
[0.259s] Level 1:colcon.colcon_core.package_identification:_identify(.) by extensions ['colcon_meta']
[0.259s] Level 1:colcon.colcon_core.package_identification:_identify(.) by extension 'colcon_meta'
[0.259s] Level 1:colcon.colcon_core.package_identification:_identify(.) by extensions ['ros']
[0.259s] Level 1:colcon.colcon_core.package_identification:_identify(.) by extension 'ros'
[0.287s] Level 1:colcon.colcon_core.package_identification:_identify(.) by extensions ['cmake', 'python']
[0.287s] Level 1:colcon.colcon_core.package_identification:_identify(.) by extension 'cmake'
[0.287s] Level 1:colcon.colcon_core.package_identification:_identify(.) by extension 'python'
[0.287s] Level 1:colcon.colcon_core.package_identification:_identify(.) by extensions ['python_setup_py']
[0.287s] Level 1:colcon.colcon_core.package_identification:_identify(.) by extension 'python_setup_py'
[0.287s] Level 1:colcon.colcon_core.package_identification:_identify(build) by extensions ['ignore', 'ignore_ament_install']
[0.288s] Level 1:colcon.colcon_core.package_identification:_identify(build) by extension 'ignore'
[0.288s] Level 1:colcon.colcon_core.package_identification:_identify(build) ignored
[0.288s] Level 1:colcon.colcon_core.package_identification:_identify(docker) by extensions ['ignore', 'ignore_ament_install']
[0.288s] Level 1:colcon.colcon_core.package_identification:_identify(docker) by extension 'ignore'
[0.288s] Level 1:colcon.colcon_core.package_identification:_identify(docker) by extension 'ignore_ament_install'
[0.288s] Level 1:colcon.colcon_core.package_identification:_identify(docker) by extensions ['colcon_pkg']
[0.288s] Level 1:colcon.colcon_core.package_identification:_identify(docker) by extension 'colcon_pkg'
[0.288s] Level 1:colcon.colcon_core.package_identification:_identify(docker) by extensions ['colcon_meta']
[0.288s] Level 1:colcon.colcon_core.package_identification:_identify(docker) by extension 'colcon_meta'
[0.288s] Level 1:colcon.colcon_core.package_identification:_identify(docker) by extensions ['ros']
[0.288s] Level 1:colcon.colcon_core.package_identification:_identify(docker) by extension 'ros'
[0.289s] Level 1:colcon.colcon_core.package_identification:_identify(docker) by extensions ['cmake', 'python']
[0.289s] Level 1:colcon.colcon_core.package_identification:_identify(docker) by extension 'cmake'
[0.289s] Level 1:colcon.colcon_core.package_identification:_identify(docker) by extension 'python'
[0.289s] Level 1:colcon.colcon_core.package_identification:_identify(docker) by extensions ['python_setup_py']
[0.289s] Level 1:colcon.colcon_core.package_identification:_identify(docker) by extension 'python_setup_py'
[0.289s] Level 1:colcon.colcon_core.package_identification:_identify(install) by extensions ['ignore', 'ignore_ament_install']
[0.289s] Level 1:colcon.colcon_core.package_identification:_identify(install) by extension 'ignore'
[0.289s] Level 1:colcon.colcon_core.package_identification:_identify(install) ignored
[0.289s] Level 1:colcon.colcon_core.package_identification:_identify(log) by extensions ['ignore', 'ignore_ament_install']
[0.289s] Level 1:colcon.colcon_core.package_identification:_identify(log) by extension 'ignore'
[0.289s] Level 1:colcon.colcon_core.package_identification:_identify(log) ignored
[0.289s] Level 1:colcon.colcon_core.package_identification:_identify(maps) by extensions ['ignore', 'ignore_ament_install']
[0.290s] Level 1:colcon.colcon_core.package_identification:_identify(maps) by extension 'ignore'
[0.290s] Level 1:colcon.colcon_core.package_identification:_identify(maps) by extension 'ignore_ament_install'
[0.290s] Level 1:colcon.colcon_core.package_identification:_identify(maps) by extensions ['colcon_pkg']
[0.290s] Level 1:colcon.colcon_core.package_identification:_identify(maps) by extension 'colcon_pkg'
[0.290s] Level 1:colcon.colcon_core.package_identification:_identify(maps) by extensions ['colcon_meta']
[0.290s] Level 1:colcon.colcon_core.package_identification:_identify(maps) by extension 'colcon_meta'
[0.290s] Level 1:colcon.colcon_core.package_identification:_identify(maps) by extensions ['ros']
[0.290s] Level 1:colcon.colcon_core.package_identification:_identify(maps) by extension 'ros'
[0.290s] Level 1:colcon.colcon_core.package_identification:_identify(maps) by extensions ['cmake', 'python']
[0.290s] Level 1:colcon.colcon_core.package_identification:_identify(maps) by extension 'cmake'
[0.290s] Level 1:colcon.colcon_core.package_identification:_identify(maps) by extension 'python'
[0.290s] Level 1:colcon.colcon_core.package_identification:_identify(maps) by extensions ['python_setup_py']
[0.290s] Level 1:colcon.colcon_core.package_identification:_identify(maps) by extension 'python_setup_py'
[0.290s] Level 1:colcon.colcon_core.package_identification:_identify(src) by extensions ['ignore', 'ignore_ament_install']
[0.290s] Level 1:colcon.colcon_core.package_identification:_identify(src) by extension 'ignore'
[0.290s] Level 1:colcon.colcon_core.package_identification:_identify(src) by extension 'ignore_ament_install'
[0.290s] Level 1:colcon.colcon_core.package_identification:_identify(src) by extensions ['colcon_pkg']
[0.290s] Level 1:colcon.colcon_core.package_identification:_identify(src) by extension 'colcon_pkg'
[0.290s] Level 1:colcon.colcon_core.package_identification:_identify(src) by extensions ['colcon_meta']
[0.290s] Level 1:colcon.colcon_core.package_identification:_identify(src) by extension 'colcon_meta'
[0.290s] Level 1:colcon.colcon_core.package_identification:_identify(src) by extensions ['ros']
[0.290s] Level 1:colcon.colcon_core.package_identification:_identify(src) by extension 'ros'
[0.291s] Level 1:colcon.colcon_core.package_identification:_identify(src) by extensions ['cmake', 'python']
[0.291s] Level 1:colcon.colcon_core.package_identification:_identify(src) by extension 'cmake'
[0.291s] Level 1:colcon.colcon_core.package_identification:_identify(src) by extension 'python'
[0.291s] Level 1:colcon.colcon_core.package_identification:_identify(src) by extensions ['python_setup_py']
[0.291s] Level 1:colcon.colcon_core.package_identification:_identify(src) by extension 'python_setup_py'
[0.291s] Level 1:colcon.colcon_core.package_identification:_identify(src/amr_bringup) by extensions ['ignore', 'ignore_ament_install']
[0.291s] Level 1:colcon.colcon_core.package_identification:_identify(src/amr_bringup) by extension 'ignore'
[0.291s] Level 1:colcon.colcon_core.package_identification:_identify(src/amr_bringup) by extension 'ignore_ament_install'
[0.291s] Level 1:colcon.colcon_core.package_identification:_identify(src/amr_bringup) by extensions ['colcon_pkg']
[0.291s] Level 1:colcon.colcon_core.package_identification:_identify(src/amr_bringup) by extension 'colcon_pkg'
[0.291s] Level 1:colcon.colcon_core.package_identification:_identify(src/amr_bringup) by extensions ['colcon_meta']
[0.291s] Level 1:colcon.colcon_core.package_identification:_identify(src/amr_bringup) by extension 'colcon_meta'
[0.291s] Level 1:colcon.colcon_core.package_identification:_identify(src/amr_bringup) by extensions ['ros']
[0.291s] Level 1:colcon.colcon_core.package_identification:_identify(src/amr_bringup) by extension 'ros'
[0.294s] DEBUG:colcon.colcon_core.package_identification:Package 'src/amr_bringup' with type 'ros.ament_cmake' and name 'amr_bringup'
[0.294s] Level 1:colcon.colcon_core.package_identification:_identify(src/amr_controller) by extensions ['ignore', 'ignore_ament_install']
[0.294s] Level 1:colcon.colcon_core.package_identification:_identify(src/amr_controller) by extension 'ignore'
[0.294s] Level 1:colcon.colcon_core.package_identification:_identify(src/amr_controller) by extension 'ignore_ament_install'
[0.294s] Level 1:colcon.colcon_core.package_identification:_identify(src/amr_controller) by extensions ['colcon_pkg']
[0.294s] Level 1:colcon.colcon_core.package_identification:_identify(src/amr_controller) by extension 'colcon_pkg'
[0.295s] Level 1:colcon.colcon_core.package_identification:_identify(src/amr_controller) by extensions ['colcon_meta']
[0.295s] Level 1:colcon.colcon_core.package_identification:_identify(src/amr_controller) by extension 'colcon_meta'
[0.295s] Level 1:colcon.colcon_core.package_identification:_identify(src/amr_controller) by extensions ['ros']
[0.295s] Level 1:colcon.colcon_core.package_identification:_identify(src/amr_controller) by extension 'ros'
[0.295s] DEBUG:colcon.colcon_core.package_identification:Package 'src/amr_controller' with type 'ros.ament_python' and name 'amr_controller'
[0.295s] Level 1:colcon.colcon_core.package_identification:_identify(src/amr_description) by extensions ['ignore', 'ignore_ament_install']
[0.295s] Level 1:colcon.colcon_core.package_identification:_identify(src/amr_description) by extension 'ignore'
[0.296s] Level 1:colcon.colcon_core.package_identification:_identify(src/amr_description) by extension 'ignore_ament_install'
[0.296s] Level 1:colcon.colcon_core.package_identification:_identify(src/amr_description) by extensions ['colcon_pkg']
[0.296s] Level 1:colcon.colcon_core.package_identification:_identify(src/amr_description) by extension 'colcon_pkg'
[0.296s] Level 1:colcon.colcon_core.package_identification:_identify(src/amr_description) by extensions ['colcon_meta']
[0.296s] Level 1:colcon.colcon_core.package_identification:_identify(src/amr_description) by extension 'colcon_meta'
[0.296s] Level 1:colcon.colcon_core.package_identification:_identify(src/amr_description) by extensions ['ros']
[0.296s] Level 1:colcon.colcon_core.package_identification:_identify(src/amr_description) by extension 'ros'
[0.296s] DEBUG:colcon.colcon_core.package_identification:Package 'src/amr_description' with type 'ros.ament_cmake' and name 'amr_description'
[0.296s] Level 1:colcon.colcon_core.package_identification:_identify(src/amr_navigation) by extensions ['ignore', 'ignore_ament_install']
[0.296s] Level 1:colcon.colcon_core.package_identification:_identify(src/amr_navigation) by extension 'ignore'
[0.296s] Level 1:colcon.colcon_core.package_identification:_identify(src/amr_navigation) by extension 'ignore_ament_install'
[0.296s] Level 1:colcon.colcon_core.package_identification:_identify(src/amr_navigation) by extensions ['colcon_pkg']
[0.296s] Level 1:colcon.colcon_core.package_identification:_identify(src/amr_navigation) by extension 'colcon_pkg'
[0.296s] Level 1:colcon.colcon_core.package_identification:_identify(src/amr_navigation) by extensions ['colcon_meta']
[0.296s] Level 1:colcon.colcon_core.package_identification:_identify(src/amr_navigation) by extension 'colcon_meta'
[0.296s] Level 1:colcon.colcon_core.package_identification:_identify(src/amr_navigation) by extensions ['ros']
[0.297s] Level 1:colcon.colcon_core.package_identification:_identify(src/amr_navigation) by extension 'ros'
[0.297s] DEBUG:colcon.colcon_core.package_identification:Package 'src/amr_navigation' with type 'ros.ament_cmake' and name 'amr_navigation'
[0.297s] Level 1:colcon.colcon_core.package_identification:_identify(tests) by extensions ['ignore', 'ignore_ament_install']
[0.297s] Level 1:colcon.colcon_core.package_identification:_identify(tests) by extension 'ignore'
[0.297s] Level 1:colcon.colcon_core.package_identification:_identify(tests) by extension 'ignore_ament_install'
[0.297s] Level 1:colcon.colcon_core.package_identification:_identify(tests) by extensions ['colcon_pkg']
[0.297s] Level 1:colcon.colcon_core.package_identification:_identify(tests) by extension 'colcon_pkg'
[0.297s] Level 1:colcon.colcon_core.package_identification:_identify(tests) by extensions ['colcon_meta']
[0.297s] Level 1:colcon.colcon_core.package_identification:_identify(tests) by extension 'colcon_meta'
[0.297s] Level 1:colcon.colcon_core.package_identification:_identify(tests) by extensions ['ros']
[0.297s] Level 1:colcon.colcon_core.package_identification:_identify(tests) by extension 'ros'
[0.297s] Level 1:colcon.colcon_core.package_identification:_identify(tests) by extensions ['cmake', 'python']
[0.297s] Level 1:colcon.colcon_core.package_identification:_identify(tests) by extension 'cmake'
[0.297s] Level 1:colcon.colcon_core.package_identification:_identify(tests) by extension 'python'
[0.297s] Level 1:colcon.colcon_core.package_identification:_identify(tests) by extensions ['python_setup_py']
[0.297s] Level 1:colcon.colcon_core.package_identification:_identify(tests) by extension 'python_setup_py'
[0.298s] Level 1:colcon.colcon_core.package_identification:_identify(worlds) by extensions ['ignore', 'ignore_ament_install']
[0.298s] Level 1:colcon.colcon_core.package_identification:_identify(worlds) by extension 'ignore'
[0.298s] Level 1:colcon.colcon_core.package_identification:_identify(worlds) by extension 'ignore_ament_install'
[0.298s] Level 1:colcon.colcon_core.package_identification:_identify(worlds) by extensions ['colcon_pkg']
[0.298s] Level 1:colcon.colcon_core.package_identification:_identify(worlds) by extension 'colcon_pkg'
[0.298s] Level 1:colcon.colcon_core.package_identification:_identify(worlds) by extensions ['colcon_meta']
[0.298s] Level 1:colcon.colcon_core.package_identification:_identify(worlds) by extension 'colcon_meta'
[0.298s] Level 1:colcon.colcon_core.package_identification:_identify(worlds) by extensions ['ros']
[0.298s] Level 1:colcon.colcon_core.package_identification:_identify(worlds) by extension 'ros'
[0.298s] Level 1:colcon.colcon_core.package_identification:_identify(worlds) by extensions ['cmake', 'python']
[0.298s] Level 1:colcon.colcon_core.package_identification:_identify(worlds) by extension 'cmake'
[0.298s] Level 1:colcon.colcon_core.package_identification:_identify(worlds) by extension 'python'
[0.298s] Level 1:colcon.colcon_core.package_identification:_identify(worlds) by extensions ['python_setup_py']
[0.298s] Level 1:colcon.colcon_core.package_identification:_identify(worlds) by extension 'python_setup_py'
[0.298s] Level 1:colcon.colcon_core.package_discovery:discover_packages(recursive) using defaults
[0.298s] Level 1:colcon.colcon_core.package_discovery:discover_packages(ignore) discover
[0.298s] Level 1:colcon.colcon_core.package_discovery:discover_packages(ignore) using defaults
[0.298s] Level 1:colcon.colcon_core.package_discovery:discover_packages(path) discover
[0.298s] Level 1:colcon.colcon_core.package_discovery:discover_packages(path) using defaults
[0.320s] Level 1:colcon.colcon_core.package_discovery:discover_packages(prefix_path) check parameters
[0.321s] Level 1:colcon.colcon_core.package_discovery:discover_packages(prefix_path) discover
[0.324s] DEBUG:colcon.colcon_installed_package_information.package_discovery:Found 4 installed packages in /home/aravind/ros2_logistics_amr/install
[0.325s] DEBUG:colcon.colcon_installed_package_information.package_discovery:Found 389 installed packages in /opt/ros/jazzy
[0.327s] Level 1:colcon.colcon_core.package_discovery:discover_packages(prefix_path) using defaults
[0.364s] Level 5:colcon.colcon_core.verb:set package 'amr_bringup' build argument 'cmake_args' from command line to 'None'
[0.364s] Level 5:colcon.colcon_core.verb:set package 'amr_bringup' build argument 'cmake_target' from command line to 'None'
[0.364s] Level 5:colcon.colcon_core.verb:set package 'amr_bringup' build argument 'cmake_target_skip_unavailable' from command line to 'False'
[0.364s] Level 5:colcon.colcon_core.verb:set package 'amr_bringup' build argument 'cmake_clean_cache' from command line to 'False'
[0.364s] Level 5:colcon.colcon_core.verb:set package 'amr_bringup' build argument 'cmake_clean_first' from command line to 'False'
[0.364s] Level 5:colcon.colcon_core.verb:set package 'amr_bringup' build argument 'cmake_force_configure' from command line to 'False'
[0.364s] Level 5:colcon.colcon_core.verb:set package 'amr_bringup' build argument 'ament_cmake_args' from command line to 'None'
[0.364s] Level 5:colcon.colcon_core.verb:set package 'amr_bringup' build argument 'catkin_cmake_args' from command line to 'None'
[0.364s] Level 5:colcon.colcon_core.verb:set package 'amr_bringup' build argument 'catkin_skip_building_tests' from command line to 'False'
[0.364s] DEBUG:colcon.colcon_core.verb:Building package 'amr_bringup' with the following arguments: {'ament_cmake_args': None, 'build_base': '/home/aravind/ros2_logistics_amr/build/amr_bringup', 'catkin_cmake_args': None, 'catkin_skip_building_tests': False, 'cmake_args': None, 'cmake_clean_cache': False, 'cmake_clean_first': False, 'cmake_force_configure': False, 'cmake_target': None, 'cmake_target_skip_unavailable': False, 'install_base': '/home/aravind/ros2_logistics_amr/install/amr_bringup', 'merge_install': False, 'path': '/home/aravind/ros2_logistics_amr/src/amr_bringup', 'symlink_install': True, 'test_result_base': None}
[0.364s] Level 5:colcon.colcon_core.verb:set package 'amr_controller' build argument 'cmake_args' from command line to 'None'
[0.364s] Level 5:colcon.colcon_core.verb:set package 'amr_controller' build argument 'cmake_target' from command line to 'None'
[0.364s] Level 5:colcon.colcon_core.verb:set package 'amr_controller' build argument 'cmake_target_skip_unavailable' from command line to 'False'
[0.364s] Level 5:colcon.colcon_core.verb:set package 'amr_controller' build argument 'cmake_clean_cache' from command line to 'False'
[0.364s] Level 5:colcon.colcon_core.verb:set package 'amr_controller' build argument 'cmake_clean_first' from command line to 'False'
[0.364s] Level 5:colcon.colcon_core.verb:set package 'amr_controller' build argument 'cmake_force_configure' from command line to 'False'
[0.364s] Level 5:colcon.colcon_core.verb:set package 'amr_controller' build argument 'ament_cmake_args' from command line to 'None'
[0.364s] Level 5:colcon.colcon_core.verb:set package 'amr_controller' build argument 'catkin_cmake_args' from command line to 'None'
[0.364s] Level 5:colcon.colcon_core.verb:set package 'amr_controller' build argument 'catkin_skip_building_tests' from command line to 'False'
[0.364s] DEBUG:colcon.colcon_core.verb:Building package 'amr_controller' with the following arguments: {'ament_cmake_args': None, 'build_base': '/home/aravind/ros2_logistics_amr/build/amr_controller', 'catkin_cmake_args': None, 'catkin_skip_building_tests': False, 'cmake_args': None, 'cmake_clean_cache': False, 'cmake_clean_first': False, 'cmake_force_configure': False, 'cmake_target': None, 'cmake_target_skip_unavailable': False, 'install_base': '/home/aravind/ros2_logistics_amr/install/amr_controller', 'merge_install': False, 'path': '/home/aravind/ros2_logistics_amr/src/amr_controller', 'symlink_install': True, 'test_result_base': None}
[0.364s] Level 5:colcon.colcon_core.verb:set package 'amr_description' build argument 'cmake_args' from command line to 'None'
[0.364s] Level 5:colcon.colcon_core.verb:set package 'amr_description' build argument 'cmake_target' from command line to 'None'
[0.364s] Level 5:colcon.colcon_core.verb:set package 'amr_description' build argument 'cmake_target_skip_unavailable' from command line to 'False'
[0.364s] Level 5:colcon.colcon_core.verb:set package 'amr_description' build argument 'cmake_clean_cache' from command line to 'False'
[0.364s] Level 5:colcon.colcon_core.verb:set package 'amr_description' build argument 'cmake_clean_first' from command line to 'False'
[0.365s] Level 5:colcon.colcon_core.verb:set package 'amr_description' build argument 'cmake_force_configure' from command line to 'False'
[0.365s] Level 5:colcon.colcon_core.verb:set package 'amr_description' build argument 'ament_cmake_args' from command line to 'None'
[0.365s] Level 5:colcon.colcon_core.verb:set package 'amr_description' build argument 'catkin_cmake_args' from command line to 'None'
[0.365s] Level 5:colcon.colcon_core.verb:set package 'amr_description' build argument 'catkin_skip_building_tests' from command line to 'False'
[0.365s] DEBUG:colcon.colcon_core.verb:Building package 'amr_description' with the following arguments: {'ament_cmake_args': None, 'build_base': '/home/aravind/ros2_logistics_amr/build/amr_description', 'catkin_cmake_args': None, 'catkin_skip_building_tests': False, 'cmake_args': None, 'cmake_clean_cache': False, 'cmake_clean_first': False, 'cmake_force_configure': False, 'cmake_target': None, 'cmake_target_skip_unavailable': False, 'install_base': '/home/aravind/ros2_logistics_amr/install/amr_description', 'merge_install': False, 'path': '/home/aravind/ros2_logistics_amr/src/amr_description', 'symlink_install': True, 'test_result_base': None}
[0.365s] Level 5:colcon.colcon_core.verb:set package 'amr_navigation' build argument 'cmake_args' from command line to 'None'
[0.365s] Level 5:colcon.colcon_core.verb:set package 'amr_navigation' build argument 'cmake_target' from command line to 'None'
[0.365s] Level 5:colcon.colcon_core.verb:set package 'amr_navigation' build argument 'cmake_target_skip_unavailable' from command line to 'False'
[0.365s] Level 5:colcon.colcon_core.verb:set package 'amr_navigation' build argument 'cmake_clean_cache' from command line to 'False'
[0.365s] Level 5:colcon.colcon_core.verb:set package 'amr_navigation' build argument 'cmake_clean_first' from command line to 'False'
[0.365s] Level 5:colcon.colcon_core.verb:set package 'amr_navigation' build argument 'cmake_force_configure' from command line to 'False'
[0.365s] Level 5:colcon.colcon_core.verb:set package 'amr_navigation' build argument 'ament_cmake_args' from command line to 'None'
[0.365s] Level 5:colcon.colcon_core.verb:set package 'amr_navigation' build argument 'catkin_cmake_args' from command line to 'None'
[0.365s] Level 5:colcon.colcon_core.verb:set package 'amr_navigation' build argument 'catkin_skip_building_tests' from command line to 'False'
[0.365s] DEBUG:colcon.colcon_core.verb:Building package 'amr_navigation' with the following arguments: {'ament_cmake_args': None, 'build_base': '/home/aravind/ros2_logistics_amr/build/amr_navigation', 'catkin_cmake_args': None, 'catkin_skip_building_tests': False, 'cmake_args': None, 'cmake_clean_cache': False, 'cmake_clean_first': False, 'cmake_force_configure': False, 'cmake_target': None, 'cmake_target_skip_unavailable': False, 'install_base': '/home/aravind/ros2_logistics_amr/install/amr_navigation', 'merge_install': False, 'path': '/home/aravind/ros2_logistics_amr/src/amr_navigation', 'symlink_install': True, 'test_result_base': None}
[0.365s] INFO:colcon.colcon_core.executor:Executing jobs using 'parallel' executor
[0.366s] DEBUG:colcon.colcon_parallel_executor.executor.parallel:run_until_complete
[0.366s] INFO:colcon.colcon_ros.task.ament_cmake.build:Building ROS package in '/home/aravind/ros2_logistics_amr/src/amr_bringup' with build type 'ament_cmake'
[0.366s] INFO:colcon.colcon_cmake.task.cmake.build:Building CMake package in '/home/aravind/ros2_logistics_amr/src/amr_bringup'
[0.375s] INFO:colcon.colcon_core.plugin_system:Skipping extension 'colcon_core.shell.bat': Not used on non-Windows systems
[0.375s] INFO:colcon.colcon_core.shell:Skip shell extension 'powershell' for command environment: Not usable outside of PowerShell
[0.375s] DEBUG:colcon.colcon_core.shell:Skip shell extension 'dsv' for command environment
[0.378s] INFO:colcon.colcon_ros.task.ament_python.build:Building ROS package in '/home/aravind/ros2_logistics_amr/src/amr_controller' with build type 'ament_python'
[0.378s] Level 1:colcon.colcon_core.shell:create_environment_hook('amr_controller', 'ament_prefix_path')
[0.378s] INFO:colcon.colcon_core.shell:Creating environment hook '/home/aravind/ros2_logistics_amr/install/amr_controller/share/amr_controller/hook/ament_prefix_path.ps1'
[0.379s] INFO:colcon.colcon_core.shell:Creating environment descriptor '/home/aravind/ros2_logistics_amr/install/amr_controller/share/amr_controller/hook/ament_prefix_path.dsv'
[0.380s] INFO:colcon.colcon_core.shell:Creating environment hook '/home/aravind/ros2_logistics_amr/install/amr_controller/share/amr_controller/hook/ament_prefix_path.sh'
[0.380s] INFO:colcon.colcon_core.shell:Skip shell extension 'powershell' for command environment: Not usable outside of PowerShell
[0.380s] DEBUG:colcon.colcon_core.shell:Skip shell extension 'dsv' for command environment
[0.384s] INFO:colcon.colcon_ros.task.ament_cmake.build:Building ROS package in '/home/aravind/ros2_logistics_amr/src/amr_description' with build type 'ament_cmake'
[0.384s] INFO:colcon.colcon_cmake.task.cmake.build:Building CMake package in '/home/aravind/ros2_logistics_amr/src/amr_description'
[0.384s] INFO:colcon.colcon_core.shell:Skip shell extension 'powershell' for command environment: Not usable outside of PowerShell
[0.384s] DEBUG:colcon.colcon_core.shell:Skip shell extension 'dsv' for command environment
[0.387s] INFO:colcon.colcon_ros.task.ament_cmake.build:Building ROS package in '/home/aravind/ros2_logistics_amr/src/amr_navigation' with build type 'ament_cmake'
[0.388s] INFO:colcon.colcon_cmake.task.cmake.build:Building CMake package in '/home/aravind/ros2_logistics_amr/src/amr_navigation'
[0.388s] INFO:colcon.colcon_core.shell:Skip shell extension 'powershell' for command environment: Not usable outside of PowerShell
[0.388s] DEBUG:colcon.colcon_core.shell:Skip shell extension 'dsv' for command environment
[0.396s] DEBUG:colcon.colcon_core.event_handler.log_command:Invoking command in '/home/aravind/ros2_logistics_amr/build/amr_bringup': CMAKE_PREFIX_PATH=${CMAKE_PREFIX_PATH}:/home/aravind/ros2_logistics_amr/install/amr_controller:/opt/ros/jazzy /usr/bin/cmake --build /home/aravind/ros2_logistics_amr/build/amr_bringup -- -j16 -l16
[0.557s] INFO:colcon.colcon_core.task.python.build:Building Python package in '/home/aravind/ros2_logistics_amr/src/amr_controller'
[0.557s] INFO:colcon.colcon_core.shell:Skip shell extension 'powershell' for command environment: Not usable outside of PowerShell
[0.557s] DEBUG:colcon.colcon_core.shell:Skip shell extension 'dsv' for command environment
[0.566s] DEBUG:colcon.colcon_core.event_handler.log_command:Invoking command in '/home/aravind/ros2_logistics_amr/build/amr_description': CMAKE_PREFIX_PATH=${CMAKE_PREFIX_PATH}:/home/aravind/ros2_logistics_amr/install/amr_controller:/opt/ros/jazzy /usr/bin/cmake --build /home/aravind/ros2_logistics_amr/build/amr_description -- -j16 -l16
[0.566s] DEBUG:colcon.colcon_core.event_handler.log_command:Invoked command in '/home/aravind/ros2_logistics_amr/build/amr_bringup' returned '0': CMAKE_PREFIX_PATH=${CMAKE_PREFIX_PATH}:/home/aravind/ros2_logistics_amr/install/amr_controller:/opt/ros/jazzy /usr/bin/cmake --build /home/aravind/ros2_logistics_amr/build/amr_bringup -- -j16 -l16
[0.576s] DEBUG:colcon.colcon_core.event_handler.log_command:Invoking command in '/home/aravind/ros2_logistics_amr/build/amr_bringup': CMAKE_PREFIX_PATH=${CMAKE_PREFIX_PATH}:/home/aravind/ros2_logistics_amr/install/amr_controller:/opt/ros/jazzy /usr/bin/cmake --install /home/aravind/ros2_logistics_amr/build/amr_bringup
[0.581s] DEBUG:colcon.colcon_core.event_handler.log_command:Invoking command in '/home/aravind/ros2_logistics_amr/build/amr_navigation': CMAKE_PREFIX_PATH=${CMAKE_PREFIX_PATH}:/home/aravind/ros2_logistics_amr/install/amr_controller:/opt/ros/jazzy /usr/bin/cmake --build /home/aravind/ros2_logistics_amr/build/amr_navigation -- -j16 -l16
[0.599s] DEBUG:colcon.colcon_core.event_handler.log_command:Invoked command in '/home/aravind/ros2_logistics_amr/build/amr_description' returned '0': CMAKE_PREFIX_PATH=${CMAKE_PREFIX_PATH}:/home/aravind/ros2_logistics_amr/install/amr_controller:/opt/ros/jazzy /usr/bin/cmake --build /home/aravind/ros2_logistics_amr/build/amr_description -- -j16 -l16
[0.600s] DEBUG:colcon.colcon_core.event_handler.log_command:Invoking command in '/home/aravind/ros2_logistics_amr/build/amr_description': CMAKE_PREFIX_PATH=${CMAKE_PREFIX_PATH}:/home/aravind/ros2_logistics_amr/install/amr_controller:/opt/ros/jazzy /usr/bin/cmake --install /home/aravind/ros2_logistics_amr/build/amr_description
[0.606s] Level 1:colcon.colcon_core.environment:create_environment_scripts_only(amr_bringup)
[0.607s] DEBUG:colcon.colcon_core.event_handler.log_command:Invoked command in '/home/aravind/ros2_logistics_amr/build/amr_bringup' returned '0': CMAKE_PREFIX_PATH=${CMAKE_PREFIX_PATH}:/home/aravind/ros2_logistics_amr/install/amr_controller:/opt/ros/jazzy /usr/bin/cmake --install /home/aravind/ros2_logistics_amr/build/amr_bringup
[0.615s] Level 1:colcon.colcon_core.environment:checking '/home/aravind/ros2_logistics_amr/install/amr_bringup' for CMake module files
[0.616s] Level 1:colcon.colcon_core.environment:checking '/home/aravind/ros2_logistics_amr/install/amr_bringup' for CMake config files
[0.617s] Level 1:colcon.colcon_core.shell:create_environment_hook('amr_bringup', 'cmake_prefix_path')
[0.617s] INFO:colcon.colcon_core.shell:Creating environment hook '/home/aravind/ros2_logistics_amr/install/amr_bringup/share/amr_bringup/hook/cmake_prefix_path.ps1'
[0.618s] INFO:colcon.colcon_core.shell:Creating environment descriptor '/home/aravind/ros2_logistics_amr/install/amr_bringup/share/amr_bringup/hook/cmake_prefix_path.dsv'
[0.618s] INFO:colcon.colcon_core.shell:Creating environment hook '/home/aravind/ros2_logistics_amr/install/amr_bringup/share/amr_bringup/hook/cmake_prefix_path.sh'
[0.618s] Level 1:colcon.colcon_core.environment:checking '/home/aravind/ros2_logistics_amr/install/amr_bringup/bin'
[0.618s] Level 1:colcon.colcon_core.environment:checking '/home/aravind/ros2_logistics_amr/install/amr_bringup/lib/pkgconfig/amr_bringup.pc'
[0.619s] Level 1:colcon.colcon_core.environment:checking '/home/aravind/ros2_logistics_amr/install/amr_bringup/lib/python3.12/site-packages'
[0.619s] Level 1:colcon.colcon_core.environment:checking '/home/aravind/ros2_logistics_amr/install/amr_bringup/bin'
[0.619s] INFO:colcon.colcon_core.shell:Creating package script '/home/aravind/ros2_logistics_amr/install/amr_bringup/share/amr_bringup/package.ps1'
[0.620s] INFO:colcon.colcon_core.shell:Creating package descriptor '/home/aravind/ros2_logistics_amr/install/amr_bringup/share/amr_bringup/package.dsv'
[0.621s] INFO:colcon.colcon_core.shell:Creating package script '/home/aravind/ros2_logistics_amr/install/amr_bringup/share/amr_bringup/package.sh'
[0.622s] INFO:colcon.colcon_core.shell:Creating package script '/home/aravind/ros2_logistics_amr/install/amr_bringup/share/amr_bringup/package.bash'
[0.623s] INFO:colcon.colcon_core.shell:Creating package script '/home/aravind/ros2_logistics_amr/install/amr_bringup/share/amr_bringup/package.zsh'
[0.624s] Level 1:colcon.colcon_core.environment:create_file_with_runtime_dependencies(/home/aravind/ros2_logistics_amr/install/amr_bringup/share/colcon-core/packages/amr_bringup)
[0.624s] Level 1:colcon.colcon_core.environment:create_environment_scripts_only(amr_bringup)
[0.624s] Level 1:colcon.colcon_core.environment:checking '/home/aravind/ros2_logistics_amr/install/amr_bringup' for CMake module files
[0.624s] Level 1:colcon.colcon_core.environment:checking '/home/aravind/ros2_logistics_amr/install/amr_bringup' for CMake config files
[0.625s] Level 1:colcon.colcon_core.shell:create_environment_hook('amr_bringup', 'cmake_prefix_path')
[0.625s] INFO:colcon.colcon_core.shell:Creating environment hook '/home/aravind/ros2_logistics_amr/install/amr_bringup/share/amr_bringup/hook/cmake_prefix_path.ps1'
[0.625s] INFO:colcon.colcon_core.shell:Creating environment descriptor '/home/aravind/ros2_logistics_amr/install/amr_bringup/share/amr_bringup/hook/cmake_prefix_path.dsv'
[0.625s] INFO:colcon.colcon_core.shell:Creating environment hook '/home/aravind/ros2_logistics_amr/install/amr_bringup/share/amr_bringup/hook/cmake_prefix_path.sh'
[0.626s] Level 1:colcon.colcon_core.environment:checking '/home/aravind/ros2_logistics_amr/install/amr_bringup/bin'
[0.626s] Level 1:colcon.colcon_core.environment:checking '/home/aravind/ros2_logistics_amr/install/amr_bringup/lib/pkgconfig/amr_bringup.pc'
[0.626s] Level 1:colcon.colcon_core.environment:checking '/home/aravind/ros2_logistics_amr/install/amr_bringup/lib/python3.12/site-packages'
[0.626s] Level 1:colcon.colcon_core.environment:checking '/home/aravind/ros2_logistics_amr/install/amr_bringup/bin'
[0.627s] INFO:colcon.colcon_core.shell:Creating package script '/home/aravind/ros2_logistics_amr/install/amr_bringup/share/amr_bringup/package.ps1'
[0.627s] INFO:colcon.colcon_core.shell:Creating package descriptor '/home/aravind/ros2_logistics_amr/install/amr_bringup/share/amr_bringup/package.dsv'
[0.627s] INFO:colcon.colcon_core.shell:Creating package script '/home/aravind/ros2_logistics_amr/install/amr_bringup/share/amr_bringup/package.sh'
[0.627s] INFO:colcon.colcon_core.shell:Creating package script '/home/aravind/ros2_logistics_amr/install/amr_bringup/share/amr_bringup/package.bash'
[0.628s] INFO:colcon.colcon_core.shell:Creating package script '/home/aravind/ros2_logistics_amr/install/amr_bringup/share/amr_bringup/package.zsh'
[0.628s] Level 1:colcon.colcon_core.environment:create_file_with_runtime_dependencies(/home/aravind/ros2_logistics_amr/install/amr_bringup/share/colcon-core/packages/amr_bringup)
[0.629s] Level 1:colcon.colcon_core.environment:create_environment_scripts_only(amr_description)
[0.630s] DEBUG:colcon.colcon_core.event_handler.log_command:Invoked command in '/home/aravind/ros2_logistics_amr/build/amr_description' returned '0': CMAKE_PREFIX_PATH=${CMAKE_PREFIX_PATH}:/home/aravind/ros2_logistics_amr/install/amr_controller:/opt/ros/jazzy /usr/bin/cmake --install /home/aravind/ros2_logistics_amr/build/amr_description
[0.630s] Level 1:colcon.colcon_core.environment:checking '/home/aravind/ros2_logistics_amr/install/amr_description' for CMake module files
[0.630s] Level 1:colcon.colcon_core.environment:checking '/home/aravind/ros2_logistics_amr/install/amr_description' for CMake config files
[0.631s] Level 1:colcon.colcon_core.shell:create_environment_hook('amr_description', 'cmake_prefix_path')
[0.631s] INFO:colcon.colcon_core.shell:Creating environment hook '/home/aravind/ros2_logistics_amr/install/amr_description/share/amr_description/hook/cmake_prefix_path.ps1'
[0.631s] INFO:colcon.colcon_core.shell:Creating environment descriptor '/home/aravind/ros2_logistics_amr/install/amr_description/share/amr_description/hook/cmake_prefix_path.dsv'
[0.631s] INFO:colcon.colcon_core.shell:Creating environment hook '/home/aravind/ros2_logistics_amr/install/amr_description/share/amr_description/hook/cmake_prefix_path.sh'
[0.632s] Level 1:colcon.colcon_core.environment:checking '/home/aravind/ros2_logistics_amr/install/amr_description/bin'
[0.632s] Level 1:colcon.colcon_core.environment:checking '/home/aravind/ros2_logistics_amr/install/amr_description/lib/pkgconfig/amr_description.pc'
[0.632s] Level 1:colcon.colcon_core.environment:checking '/home/aravind/ros2_logistics_amr/install/amr_description/lib/python3.12/site-packages'
[0.632s] Level 1:colcon.colcon_core.environment:checking '/home/aravind/ros2_logistics_amr/install/amr_description/bin'
[0.632s] INFO:colcon.colcon_core.shell:Creating package script '/home/aravind/ros2_logistics_amr/install/amr_description/share/amr_description/package.ps1'
[0.632s] INFO:colcon.colcon_core.shell:Creating package descriptor '/home/aravind/ros2_logistics_amr/install/amr_description/share/amr_description/package.dsv'
[0.633s] INFO:colcon.colcon_core.shell:Creating package script '/home/aravind/ros2_logistics_amr/install/amr_description/share/amr_description/package.sh'
[0.633s] INFO:colcon.colcon_core.shell:Creating package script '/home/aravind/ros2_logistics_amr/install/amr_description/share/amr_description/package.bash'
[0.633s] INFO:colcon.colcon_core.shell:Creating package script '/home/aravind/ros2_logistics_amr/install/amr_description/share/amr_description/package.zsh'
[0.633s] Level 1:colcon.colcon_core.environment:create_file_with_runtime_dependencies(/home/aravind/ros2_logistics_amr/install/amr_description/share/colcon-core/packages/amr_description)
[0.634s] Level 1:colcon.colcon_core.environment:create_environment_scripts_only(amr_description)
[0.634s] Level 1:colcon.colcon_core.environment:checking '/home/aravind/ros2_logistics_amr/install/amr_description' for CMake module files
[0.634s] Level 1:colcon.colcon_core.environment:checking '/home/aravind/ros2_logistics_amr/install/amr_description' for CMake config files
[0.634s] Level 1:colcon.colcon_core.shell:create_environment_hook('amr_description', 'cmake_prefix_path')
[0.634s] INFO:colcon.colcon_core.shell:Creating environment hook '/home/aravind/ros2_logistics_amr/install/amr_description/share/amr_description/hook/cmake_prefix_path.ps1'
[0.635s] INFO:colcon.colcon_core.shell:Creating environment descriptor '/home/aravind/ros2_logistics_amr/install/amr_description/share/amr_description/hook/cmake_prefix_path.dsv'
[0.635s] INFO:colcon.colcon_core.shell:Creating environment hook '/home/aravind/ros2_logistics_amr/install/amr_description/share/amr_description/hook/cmake_prefix_path.sh'
[0.635s] Level 1:colcon.colcon_core.environment:checking '/home/aravind/ros2_logistics_amr/install/amr_description/bin'
[0.635s] Level 1:colcon.colcon_core.environment:checking '/home/aravind/ros2_logistics_amr/install/amr_description/lib/pkgconfig/amr_description.pc'
[0.635s] Level 1:colcon.colcon_core.environment:checking '/home/aravind/ros2_logistics_amr/install/amr_description/lib/python3.12/site-packages'
[0.636s] Level 1:colcon.colcon_core.environment:checking '/home/aravind/ros2_logistics_amr/install/amr_description/bin'
[0.636s] INFO:colcon.colcon_core.shell:Creating package script '/home/aravind/ros2_logistics_amr/install/amr_description/share/amr_description/package.ps1'
[0.636s] INFO:colcon.colcon_core.shell:Creating package descriptor '/home/aravind/ros2_logistics_amr/install/amr_description/share/amr_description/package.dsv'
[0.637s] INFO:colcon.colcon_core.shell:Creating package script '/home/aravind/ros2_logistics_amr/install/amr_description/share/amr_description/package.sh'
[0.637s] INFO:colcon.colcon_core.shell:Creating package script '/home/aravind/ros2_logistics_amr/install/amr_description/share/amr_description/package.bash'
[0.637s] INFO:colcon.colcon_core.shell:Creating package script '/home/aravind/ros2_logistics_amr/install/amr_description/share/amr_description/package.zsh'
[0.637s] Level 1:colcon.colcon_core.environment:create_file_with_runtime_dependencies(/home/aravind/ros2_logistics_amr/install/amr_description/share/colcon-core/packages/amr_description)
[0.907s] DEBUG:colcon.colcon_core.event_handler.log_command:Invoked command in '/home/aravind/ros2_logistics_amr/build/amr_navigation' returned '0': CMAKE_PREFIX_PATH=${CMAKE_PREFIX_PATH}:/home/aravind/ros2_logistics_amr/install/amr_controller:/opt/ros/jazzy /usr/bin/cmake --build /home/aravind/ros2_logistics_amr/build/amr_navigation -- -j16 -l16
[0.908s] DEBUG:colcon.colcon_core.event_handler.log_command:Invoking command in '/home/aravind/ros2_logistics_amr/build/amr_navigation': CMAKE_PREFIX_PATH=${CMAKE_PREFIX_PATH}:/home/aravind/ros2_logistics_amr/install/amr_controller:/opt/ros/jazzy /usr/bin/cmake --install /home/aravind/ros2_logistics_amr/build/amr_navigation
[0.932s] Level 1:colcon.colcon_core.environment:create_environment_scripts_only(amr_navigation)
[0.932s] Level 1:colcon.colcon_core.environment:checking '/home/aravind/ros2_logistics_amr/install/amr_navigation' for CMake module files
[0.933s] DEBUG:colcon.colcon_core.event_handler.log_command:Invoked command in '/home/aravind/ros2_logistics_amr/build/amr_navigation' returned '0': CMAKE_PREFIX_PATH=${CMAKE_PREFIX_PATH}:/home/aravind/ros2_logistics_amr/install/amr_controller:/opt/ros/jazzy /usr/bin/cmake --install /home/aravind/ros2_logistics_amr/build/amr_navigation
[0.934s] Level 1:colcon.colcon_core.environment:checking '/home/aravind/ros2_logistics_amr/install/amr_navigation' for CMake config files
[0.934s] Level 1:colcon.colcon_core.shell:create_environment_hook('amr_navigation', 'cmake_prefix_path')
[0.934s] INFO:colcon.colcon_core.shell:Creating environment hook '/home/aravind/ros2_logistics_amr/install/amr_navigation/share/amr_navigation/hook/cmake_prefix_path.ps1'
[0.934s] INFO:colcon.colcon_core.shell:Creating environment descriptor '/home/aravind/ros2_logistics_amr/install/amr_navigation/share/amr_navigation/hook/cmake_prefix_path.dsv'
[0.935s] INFO:colcon.colcon_core.shell:Creating environment hook '/home/aravind/ros2_logistics_amr/install/amr_navigation/share/amr_navigation/hook/cmake_prefix_path.sh'
[0.935s] Level 1:colcon.colcon_core.environment:checking '/home/aravind/ros2_logistics_amr/install/amr_navigation/bin'
[0.935s] Level 1:colcon.colcon_core.environment:checking '/home/aravind/ros2_logistics_amr/install/amr_navigation/lib/pkgconfig/amr_navigation.pc'
[0.935s] Level 1:colcon.colcon_core.environment:checking '/home/aravind/ros2_logistics_amr/install/amr_navigation/lib/python3.12/site-packages'
[0.936s] Level 1:colcon.colcon_core.environment:checking '/home/aravind/ros2_logistics_amr/install/amr_navigation/bin'
[0.936s] INFO:colcon.colcon_core.shell:Creating package script '/home/aravind/ros2_logistics_amr/install/amr_navigation/share/amr_navigation/package.ps1'
[0.936s] INFO:colcon.colcon_core.shell:Creating package descriptor '/home/aravind/ros2_logistics_amr/install/amr_navigation/share/amr_navigation/package.dsv'
[0.936s] INFO:colcon.colcon_core.shell:Creating package script '/home/aravind/ros2_logistics_amr/install/amr_navigation/share/amr_navigation/package.sh'
[0.937s] INFO:colcon.colcon_core.shell:Creating package script '/home/aravind/ros2_logistics_amr/install/amr_navigation/share/amr_navigation/package.bash'
[0.937s] INFO:colcon.colcon_core.shell:Creating package script '/home/aravind/ros2_logistics_amr/install/amr_navigation/share/amr_navigation/package.zsh'
[0.938s] Level 1:colcon.colcon_core.environment:create_file_with_runtime_dependencies(/home/aravind/ros2_logistics_amr/install/amr_navigation/share/colcon-core/packages/amr_navigation)
[0.938s] Level 1:colcon.colcon_core.environment:create_environment_scripts_only(amr_navigation)
[0.938s] Level 1:colcon.colcon_core.environment:checking '/home/aravind/ros2_logistics_amr/install/amr_navigation' for CMake module files
[0.939s] Level 1:colcon.colcon_core.environment:checking '/home/aravind/ros2_logistics_amr/install/amr_navigation' for CMake config files
[0.939s] Level 1:colcon.colcon_core.shell:create_environment_hook('amr_navigation', 'cmake_prefix_path')
[0.939s] INFO:colcon.colcon_core.shell:Creating environment hook '/home/aravind/ros2_logistics_amr/install/amr_navigation/share/amr_navigation/hook/cmake_prefix_path.ps1'
[0.939s] INFO:colcon.colcon_core.shell:Creating environment descriptor '/home/aravind/ros2_logistics_amr/install/amr_navigation/share/amr_navigation/hook/cmake_prefix_path.dsv'
[0.940s] INFO:colcon.colcon_core.shell:Creating environment hook '/home/aravind/ros2_logistics_amr/install/amr_navigation/share/amr_navigation/hook/cmake_prefix_path.sh'
[0.941s] Level 1:colcon.colcon_core.environment:checking '/home/aravind/ros2_logistics_amr/install/amr_navigation/bin'
[0.941s] Level 1:colcon.colcon_core.environment:checking '/home/aravind/ros2_logistics_amr/install/amr_navigation/lib/pkgconfig/amr_navigation.pc'
[0.941s] Level 1:colcon.colcon_core.environment:checking '/home/aravind/ros2_logistics_amr/install/amr_navigation/lib/python3.12/site-packages'
[0.942s] Level 1:colcon.colcon_core.environment:checking '/home/aravind/ros2_logistics_amr/install/amr_navigation/bin'
[0.942s] INFO:colcon.colcon_core.shell:Creating package script '/home/aravind/ros2_logistics_amr/install/amr_navigation/share/amr_navigation/package.ps1'
[0.942s] INFO:colcon.colcon_core.shell:Creating package descriptor '/home/aravind/ros2_logistics_amr/install/amr_navigation/share/amr_navigation/package.dsv'
[0.943s] INFO:colcon.colcon_core.shell:Creating package script '/home/aravind/ros2_logistics_amr/install/amr_navigation/share/amr_navigation/package.sh'
[0.943s] INFO:colcon.colcon_core.shell:Creating package script '/home/aravind/ros2_logistics_amr/install/amr_navigation/share/amr_navigation/package.bash'
[0.943s] INFO:colcon.colcon_core.shell:Creating package script '/home/aravind/ros2_logistics_amr/install/amr_navigation/share/amr_navigation/package.zsh'
[0.943s] Level 1:colcon.colcon_core.environment:create_file_with_runtime_dependencies(/home/aravind/ros2_logistics_amr/install/amr_navigation/share/colcon-core/packages/amr_navigation)
[1.225s] DEBUG:colcon.colcon_core.event_handler.log_command:Invoking command in '/home/aravind/ros2_logistics_amr/build/amr_controller': PYTHONPATH=/home/aravind/ros2_logistics_amr/build/amr_controller/prefix_override:/usr/lib/python3/dist-packages/colcon_core/task/python/colcon_distutils_commands:/home/aravind/ros2_logistics_amr/install/amr_controller/lib/python3.12/site-packages:${PYTHONPATH} /usr/bin/python3 -W ignore:setup.py install is deprecated -W ignore:easy_install command is deprecated setup.py develop --editable --build-directory /home/aravind/ros2_logistics_amr/build/amr_controller/build --no-deps symlink_data
[1.735s] Level 1:colcon.colcon_core.shell:create_environment_hook('amr_controller', 'pythonpath_develop')
[1.735s] INFO:colcon.colcon_core.shell:Creating environment hook '/home/aravind/ros2_logistics_amr/build/amr_controller/share/amr_controller/hook/pythonpath_develop.ps1'
[1.736s] DEBUG:colcon.colcon_core.event_handler.log_command:Invoked command in '/home/aravind/ros2_logistics_amr/build/amr_controller' returned '0': PYTHONPATH=/home/aravind/ros2_logistics_amr/build/amr_controller/prefix_override:/usr/lib/python3/dist-packages/colcon_core/task/python/colcon_distutils_commands:/home/aravind/ros2_logistics_amr/install/amr_controller/lib/python3.12/site-packages:${PYTHONPATH} /usr/bin/python3 -W ignore:setup.py install is deprecated -W ignore:easy_install command is deprecated setup.py develop --editable --build-directory /home/aravind/ros2_logistics_amr/build/amr_controller/build --no-deps symlink_data
[1.736s] INFO:colcon.colcon_core.shell:Creating environment descriptor '/home/aravind/ros2_logistics_amr/build/amr_controller/share/amr_controller/hook/pythonpath_develop.dsv'
[1.737s] INFO:colcon.colcon_core.shell:Creating environment hook '/home/aravind/ros2_logistics_amr/build/amr_controller/share/amr_controller/hook/pythonpath_develop.sh'
[1.737s] Level 1:colcon.colcon_core.environment:checking '/home/aravind/ros2_logistics_amr/install/amr_controller' for CMake module files
[1.737s] Level 1:colcon.colcon_core.environment:checking '/home/aravind/ros2_logistics_amr/install/amr_controller' for CMake config files
[1.738s] Level 1:colcon.colcon_core.environment:checking '/home/aravind/ros2_logistics_amr/install/amr_controller/lib'
[1.738s] Level 1:colcon.colcon_core.environment:checking '/home/aravind/ros2_logistics_amr/install/amr_controller/bin'
[1.738s] Level 1:colcon.colcon_core.environment:checking '/home/aravind/ros2_logistics_amr/install/amr_controller/lib/pkgconfig/amr_controller.pc'
[1.738s] Level 1:colcon.colcon_core.environment:checking '/home/aravind/ros2_logistics_amr/install/amr_controller/lib/python3.12/site-packages'
[1.738s] Level 1:colcon.colcon_core.shell:create_environment_hook('amr_controller', 'pythonpath')
[1.738s] INFO:colcon.colcon_core.shell:Creating environment hook '/home/aravind/ros2_logistics_amr/install/amr_controller/share/amr_controller/hook/pythonpath.ps1'
[1.738s] INFO:colcon.colcon_core.shell:Creating environment descriptor '/home/aravind/ros2_logistics_amr/install/amr_controller/share/amr_controller/hook/pythonpath.dsv'
[1.739s] INFO:colcon.colcon_core.shell:Creating environment hook '/home/aravind/ros2_logistics_amr/install/amr_controller/share/amr_controller/hook/pythonpath.sh'
[1.739s] Level 1:colcon.colcon_core.environment:checking '/home/aravind/ros2_logistics_amr/install/amr_controller/bin'
[1.739s] Level 1:colcon.colcon_core.environment:create_environment_scripts_only(amr_controller)
[1.739s] INFO:colcon.colcon_core.shell:Creating package script '/home/aravind/ros2_logistics_amr/install/amr_controller/share/amr_controller/package.ps1'
[1.740s] INFO:colcon.colcon_core.shell:Creating package descriptor '/home/aravind/ros2_logistics_amr/install/amr_controller/share/amr_controller/package.dsv'
[1.740s] INFO:colcon.colcon_core.shell:Creating package script '/home/aravind/ros2_logistics_amr/install/amr_controller/share/amr_controller/package.sh'
[1.740s] INFO:colcon.colcon_core.shell:Creating package script '/home/aravind/ros2_logistics_amr/install/amr_controller/share/amr_controller/package.bash'
[1.741s] INFO:colcon.colcon_core.shell:Creating package script '/home/aravind/ros2_logistics_amr/install/amr_controller/share/amr_controller/package.zsh'
[1.741s] Level 1:colcon.colcon_core.environment:create_file_with_runtime_dependencies(/home/aravind/ros2_logistics_amr/install/amr_controller/share/colcon-core/packages/amr_controller)
[1.741s] DEBUG:colcon.colcon_parallel_executor.executor.parallel:closing loop
[1.741s] DEBUG:colcon.colcon_parallel_executor.executor.parallel:loop closed
[1.742s] DEBUG:colcon.colcon_parallel_executor.executor.parallel:run_until_complete finished with '0'
[1.742s] DEBUG:colcon.colcon_core.event_reactor:joining thread
[1.818s] INFO:colcon.colcon_core.plugin_system:Skipping extension 'colcon_notification.desktop_notification.notify_send': Could not find 'notify-send'
[1.818s] INFO:colcon.colcon_core.plugin_system:Skipping extension 'colcon_notification.desktop_notification.terminal_notifier': Not used on non-Darwin systems
[1.818s] INFO:colcon.colcon_core.plugin_system:Skipping extension 'colcon_notification.desktop_notification.win32': Not used on non-Windows systems
[1.818s] INFO:colcon.colcon_notification.desktop_notification:Sending desktop notification using 'notify2'
[1.860s] DEBUG:colcon.colcon_notification.desktop_notification.notify2:Failed to initialize notify2: org.freedesktop.DBus.Error.ServiceUnknown: The name org.freedesktop.Notifications was not provided by any .service files
[1.861s] DEBUG:colcon.colcon_core.event_reactor:joined thread
[1.861s] INFO:colcon.colcon_core.shell:Creating prefix script '/home/aravind/ros2_logistics_amr/install/local_setup.ps1'
[1.863s] INFO:colcon.colcon_core.shell:Creating prefix util module '/home/aravind/ros2_logistics_amr/install/_local_setup_util_ps1.py'
[1.866s] INFO:colcon.colcon_core.shell:Creating prefix chain script '/home/aravind/ros2_logistics_amr/install/setup.ps1'
[1.868s] INFO:colcon.colcon_core.shell:Creating prefix script '/home/aravind/ros2_logistics_amr/install/local_setup.sh'
[1.870s] INFO:colcon.colcon_core.shell:Creating prefix util module '/home/aravind/ros2_logistics_amr/install/_local_setup_util_sh.py'
[1.872s] INFO:colcon.colcon_core.shell:Creating prefix chain script '/home/aravind/ros2_logistics_amr/install/setup.sh'
[1.874s] INFO:colcon.colcon_core.shell:Creating prefix script '/home/aravind/ros2_logistics_amr/install/local_setup.bash'
[1.876s] INFO:colcon.colcon_core.shell:Creating prefix chain script '/home/aravind/ros2_logistics_amr/install/setup.bash'
[1.879s] INFO:colcon.colcon_core.shell:Creating prefix script '/home/aravind/ros2_logistics_amr/install/local_setup.zsh'
[1.881s] INFO:colcon.colcon_core.shell:Creating prefix chain script '/home/aravind/ros2_logistics_amr/install/setup.zsh'
