[1.196s] Invoking command in '/home/aravind/ros2_logistics_amr/build/amr_controller': PYTHONPATH=/home/aravind/ros2_logistics_amr/build/amr_controller/prefix_override:/usr/lib/python3/dist-packages/colcon_core/task/python/colcon_distutils_commands:/home/aravind/ros2_logistics_amr/install/amr_controller/lib/python3.12/site-packages:${PYTHONPATH} /usr/bin/python3 -W ignore:setup.py install is deprecated -W ignore:easy_install command is deprecated setup.py develop --editable --build-directory /home/aravind/ros2_logistics_amr/build/amr_controller/build --no-deps symlink_data
[1.643s] running develop
[1.876s] /usr/lib/python3/dist-packages/setuptools/command/easy_install.py:363: UserWarning: Unbuilt egg for pytest-repeat [unknown version] (/usr/lib/python3/dist-packages)
[1.876s]   self.local_index = Environment(self.shadow_path + sys.path)
[1.921s] running egg_info
[1.947s] writing amr_controller.egg-info/PKG-INFO
[1.952s] writing dependency_links to amr_controller.egg-info/dependency_links.txt
[1.952s] writing entry points to amr_controller.egg-info/entry_points.txt
[1.952s] writing requirements to amr_controller.egg-info/requires.txt
[1.952s] writing top-level names to amr_controller.egg-info/top_level.txt
[1.994s] reading manifest file 'amr_controller.egg-info/SOURCES.txt'
[1.996s] writing manifest file 'amr_controller.egg-info/SOURCES.txt'
[2.034s] running build_ext
[2.034s] Creating /home/aravind/ros2_logistics_amr/install/amr_controller/lib/python3.12/site-packages/amr-controller.egg-link (link to .)
[2.035s] Installing initial_pose_publisher script to /home/aravind/ros2_logistics_amr/install/amr_controller/lib/amr_controller
[2.036s] Installing odom_tf_broadcaster script to /home/aravind/ros2_logistics_amr/install/amr_controller/lib/amr_controller
[2.037s] 
[2.037s] Installed /home/aravind/ros2_logistics_amr/build/amr_controller
[2.037s] running symlink_data
[2.094s] Invoked command in '/home/aravind/ros2_logistics_amr/build/amr_controller' returned '0': PYTHONPATH=/home/aravind/ros2_logistics_amr/build/amr_controller/prefix_override:/usr/lib/python3/dist-packages/colcon_core/task/python/colcon_distutils_commands:/home/aravind/ros2_logistics_amr/install/amr_controller/lib/python3.12/site-packages:${PYTHONPATH} /usr/bin/python3 -W ignore:setup.py install is deprecated -W ignore:easy_install command is deprecated setup.py develop --editable --build-directory /home/aravind/ros2_logistics_amr/build/amr_controller/build --no-deps symlink_data
