[0.183s] Invoking command in '/home/aravind/ros2_logistics_amr/build/amr_description': CMAKE_PREFIX_PATH=${CMAKE_PREFIX_PATH}:/opt/ros/jazzy /usr/bin/cmake /home/aravind/ros2_logistics_amr/src/amr_description -DAMENT_CMAKE_SYMLINK_INSTALL=1 -DCMAKE_INSTALL_PREFIX=/home/aravind/ros2_logistics_amr/install/amr_description
[0.329s] -- The C compiler identification is GNU 13.3.0
[1.111s] -- The CXX compiler identification is GNU 13.3.0
[1.637s] -- Detecting C compiler ABI info
[1.957s] -- Detecting C compiler ABI info - done
[1.964s] -- Check for working C compiler: /usr/bin/cc - skipped
[1.965s] -- Detecting C compile features
[1.966s] -- Detecting C compile features - done
[2.055s] -- Detecting CXX compiler ABI info
[2.397s] -- Detecting CXX compiler ABI info - done
[2.407s] -- Check for working CXX compiler: /usr/bin/c++ - skipped
[2.408s] -- Detecting CXX compile features
[2.408s] -- Detecting CXX compile features - done
[2.440s] -- Found ament_cmake: 2.5.5 (/opt/ros/jazzy/share/ament_cmake/cmake)
[2.616s] -- Found Python3: /usr/bin/python3 (found version "3.12.3") found components: Interpreter 
[2.686s] -- Override CMake install command with custom implementation using symlinks instead of copying resources
[2.740s] -- Found ament_lint_auto: 0.17.4 (/opt/ros/jazzy/share/ament_lint_auto/cmake)
[2.842s] -- Added test 'lint_cmake' to check CMake code style
[2.844s] -- Added test 'xmllint' to check XML markup files
[2.847s] -- Configuring done (2.7s)
[2.852s] -- Generating done (0.0s)
[2.853s] -- Build files have been written to: /home/aravind/ros2_logistics_amr/build/amr_description
[2.858s] Invoked command in '/home/aravind/ros2_logistics_amr/build/amr_description' returned '0': CMAKE_PREFIX_PATH=${CMAKE_PREFIX_PATH}:/opt/ros/jazzy /usr/bin/cmake /home/aravind/ros2_logistics_amr/src/amr_description -DAMENT_CMAKE_SYMLINK_INSTALL=1 -DCMAKE_INSTALL_PREFIX=/home/aravind/ros2_logistics_amr/install/amr_description
[2.859s] Invoking command in '/home/aravind/ros2_logistics_amr/build/amr_description': CMAKE_PREFIX_PATH=${CMAKE_PREFIX_PATH}:/opt/ros/jazzy /usr/bin/cmake --build /home/aravind/ros2_logistics_amr/build/amr_description -- -j16 -l16
[2.900s] Invoked command in '/home/aravind/ros2_logistics_amr/build/amr_description' returned '0': CMAKE_PREFIX_PATH=${CMAKE_PREFIX_PATH}:/opt/ros/jazzy /usr/bin/cmake --build /home/aravind/ros2_logistics_amr/build/amr_description -- -j16 -l16
[2.902s] Invoking command in '/home/aravind/ros2_logistics_amr/build/amr_description': CMAKE_PREFIX_PATH=${CMAKE_PREFIX_PATH}:/opt/ros/jazzy /usr/bin/cmake --install /home/aravind/ros2_logistics_amr/build/amr_description
[2.907s] -- Install configuration: ""
[2.908s] -- Execute custom install script
[2.908s] -- Symlinking: /home/aravind/ros2_logistics_amr/install/amr_description/share/ament_index/resource_index/package_run_dependencies/amr_description
[2.917s] -- Symlinking: /home/aravind/ros2_logistics_amr/install/amr_description/share/ament_index/resource_index/parent_prefix_path/amr_description
[2.924s] -- Symlinking: /home/aravind/ros2_logistics_amr/install/amr_description/share/amr_description/environment/ament_prefix_path.sh
[2.932s] -- Symlinking: /home/aravind/ros2_logistics_amr/install/amr_description/share/amr_description/environment/ament_prefix_path.dsv
[2.939s] -- Symlinking: /home/aravind/ros2_logistics_amr/install/amr_description/share/amr_description/environment/path.sh
[2.947s] -- Symlinking: /home/aravind/ros2_logistics_amr/install/amr_description/share/amr_description/environment/path.dsv
[2.954s] -- Symlinking: /home/aravind/ros2_logistics_amr/install/amr_description/share/amr_description/local_setup.bash
[2.961s] -- Symlinking: /home/aravind/ros2_logistics_amr/install/amr_description/share/amr_description/local_setup.sh
[2.969s] -- Symlinking: /home/aravind/ros2_logistics_amr/install/amr_description/share/amr_description/local_setup.zsh
[2.977s] -- Symlinking: /home/aravind/ros2_logistics_amr/install/amr_description/share/amr_description/local_setup.dsv
[2.984s] -- Symlinking: /home/aravind/ros2_logistics_amr/install/amr_description/share/amr_description/package.dsv
[2.991s] -- Symlinking: /home/aravind/ros2_logistics_amr/install/amr_description/share/ament_index/resource_index/packages/amr_description
[2.999s] -- Symlinking: /home/aravind/ros2_logistics_amr/install/amr_description/share/amr_description/cmake/amr_descriptionConfig.cmake
[3.008s] -- Symlinking: /home/aravind/ros2_logistics_amr/install/amr_description/share/amr_description/cmake/amr_descriptionConfig-version.cmake
[3.015s] -- Symlinking: /home/aravind/ros2_logistics_amr/install/amr_description/share/amr_description/package.xml
[3.028s] Invoked command in '/home/aravind/ros2_logistics_amr/build/amr_description' returned '0': CMAKE_PREFIX_PATH=${CMAKE_PREFIX_PATH}:/opt/ros/jazzy /usr/bin/cmake --install /home/aravind/ros2_logistics_amr/build/amr_description
