[0.045s] Invoking command in '/home/aravind/ros2_logistics_amr/build/amr_bringup': CMAKE_PREFIX_PATH=${CMAKE_PREFIX_PATH}:/home/aravind/ros2_logistics_amr/install/amr_controller:/opt/ros/jazzy /usr/bin/cmake --build /home/aravind/ros2_logistics_amr/build/amr_bringup -- -j16 -l16
[0.374s] Invoked command in '/home/aravind/ros2_logistics_amr/build/amr_bringup' returned '0': CMAKE_PREFIX_PATH=${CMAKE_PREFIX_PATH}:/home/aravind/ros2_logistics_amr/install/amr_controller:/opt/ros/jazzy /usr/bin/cmake --build /home/aravind/ros2_logistics_amr/build/amr_bringup -- -j16 -l16
[0.387s] Invoking command in '/home/aravind/ros2_logistics_amr/build/amr_bringup': CMAKE_PREFIX_PATH=${CMAKE_PREFIX_PATH}:/home/aravind/ros2_logistics_amr/install/amr_controller:/opt/ros/jazzy /usr/bin/cmake --install /home/aravind/ros2_logistics_amr/build/amr_bringup
[0.399s] -- Install configuration: ""
[0.400s] -- Execute custom install script
[0.400s] -- Up-to-date symlink: /home/aravind/ros2_logistics_amr/install/amr_bringup/share/amr_bringup/launch/amr_gazebo.launch.py
[0.401s] -- Up-to-date symlink: /home/aravind/ros2_logistics_amr/install/amr_bringup/share/amr_bringup/launch/nav2.launch.py
[0.401s] -- Up-to-date symlink: /home/aravind/ros2_logistics_amr/install/amr_bringup/share/ament_index/resource_index/package_run_dependencies/amr_bringup
[0.402s] -- Up-to-date symlink: /home/aravind/ros2_logistics_amr/install/amr_bringup/share/ament_index/resource_index/parent_prefix_path/amr_bringup
[0.402s] -- Up-to-date symlink: /home/aravind/ros2_logistics_amr/install/amr_bringup/share/amr_bringup/environment/ament_prefix_path.sh
[0.402s] -- Up-to-date symlink: /home/aravind/ros2_logistics_amr/install/amr_bringup/share/amr_bringup/environment/ament_prefix_path.dsv
[0.405s] -- Up-to-date symlink: /home/aravind/ros2_logistics_amr/install/amr_bringup/share/amr_bringup/environment/path.sh
[0.406s] -- Up-to-date symlink: /home/aravind/ros2_logistics_amr/install/amr_bringup/share/amr_bringup/environment/path.dsv
[0.409s] -- Up-to-date symlink: /home/aravind/ros2_logistics_amr/install/amr_bringup/share/amr_bringup/local_setup.bash
[0.409s] -- Up-to-date symlink: /home/aravind/ros2_logistics_amr/install/amr_bringup/share/amr_bringup/local_setup.sh
[0.409s] -- Up-to-date symlink: /home/aravind/ros2_logistics_amr/install/amr_bringup/share/amr_bringup/local_setup.zsh
[0.410s] -- Up-to-date symlink: /home/aravind/ros2_logistics_amr/install/amr_bringup/share/amr_bringup/local_setup.dsv
[0.410s] -- Symlinking: /home/aravind/ros2_logistics_amr/install/amr_bringup/share/amr_bringup/package.dsv
[0.424s] -- Up-to-date symlink: /home/aravind/ros2_logistics_amr/install/amr_bringup/share/ament_index/resource_index/packages/amr_bringup
[0.425s] -- Up-to-date symlink: /home/aravind/ros2_logistics_amr/install/amr_bringup/share/amr_bringup/cmake/amr_bringupConfig.cmake
[0.425s] -- Up-to-date symlink: /home/aravind/ros2_logistics_amr/install/amr_bringup/share/amr_bringup/cmake/amr_bringupConfig-version.cmake
[0.426s] -- Up-to-date symlink: /home/aravind/ros2_logistics_amr/install/amr_bringup/share/amr_bringup/package.xml
[0.426s] Invoked command in '/home/aravind/ros2_logistics_amr/build/amr_bringup' returned '0': CMAKE_PREFIX_PATH=${CMAKE_PREFIX_PATH}:/home/aravind/ros2_logistics_amr/install/amr_controller:/opt/ros/jazzy /usr/bin/cmake --install /home/aravind/ros2_logistics_amr/build/amr_bringup
