[0.234s] DEBUG:colcon:Command line arguments: ['/usr/bin/colcon', 'build', '--symlink-install']
[0.234s] DEBUG:colcon:Parsed command line arguments: Namespace(log_base=None, log_level=None, verb_name='build', build_base='build', install_base='install', merge_install=False, symlink_install=True, test_result_base=None, continue_on_error=False, executor='parallel', parallel_workers=16, event_handlers=None, ignore_user_meta=False, metas=['./colcon.meta'], base_paths=['.'], packages_ignore=None, packages_ignore_regex=None, paths=None, packages_up_to=None, packages_up_to_regex=None, packages_above=None, packages_above_and_dependencies=None, packages_above_depth=None, packages_select_by_dep=None, packages_skip_by_dep=None, packages_skip_up_to=None, packages_select_build_failed=False, packages_skip_build_finished=False, packages_select_test_failures=False, packages_skip_test_passed=False, packages_select=None, packages_skip=None, packages_select_regex=None, packages_skip_regex=None, packages_start=None, packages_end=None, allow_overriding=[], cmake_args=None, cmake_target=None, cmake_target_skip_unavailable=False, cmake_clean_cache=False, cmake_clean_first=False, cmake_force_configure=False, ament_cmake_args=None, catkin_cmake_args=None, catkin_skip_building_tests=False, mixin_files=None, mixin=None, verb_parser=<colcon_mixin.mixin.mixin_argument.MixinArgumentDecorator object at 0x7b408417b560>, verb_extension=<colcon_core.verb.build.BuildVerb object at 0x7b408417b320>, main=<bound method BuildVerb.main of <colcon_core.verb.build.BuildVerb object at 0x7b408417b320>>, mixin_verb=('build',))
[0.275s] Level 1:colcon.colcon_core.package_discovery:discover_packages(colcon_meta) check parameters
[0.275s] Level 1:colcon.colcon_core.package_discovery:discover_packages(recursive) check parameters
[0.275s] Level 1:colcon.colcon_core.package_discovery:discover_packages(ignore) check parameters
[0.275s] Level 1:colcon.colcon_core.package_discovery:discover_packages(path) check parameters
[0.275s] Level 1:colcon.colcon_core.package_discovery:discover_packages(colcon_meta) discover
[0.275s] Level 1:colcon.colcon_core.package_discovery:discover_packages(recursive) discover
[0.275s] INFO:colcon.colcon_core.package_discovery:Crawling recursively for packages in '/home/aravind/ros2_logistics_amr'
[0.275s] Level 1:colcon.colcon_core.package_identification:_identify(.) by extensions ['ignore', 'ignore_ament_install']
[0.275s] Level 1:colcon.colcon_core.package_identification:_identify(.) by extension 'ignore'
[0.275s] Level 1:colcon.colcon_core.package_identification:_identify(.) by extension 'ignore_ament_install'
[0.276s] Level 1:colcon.colcon_core.package_identification:_identify(.) by extensions ['colcon_pkg']
[0.276s] Level 1:colcon.colcon_core.package_identification:_identify(.) by extension 'colcon_pkg'
[0.276s] Level 1:colcon.colcon_core.package_identification:_identify(.) by extensions ['colcon_meta']
[0.276s] Level 1:colcon.colcon_core.package_identification:_identify(.) by extension 'colcon_meta'
[0.276s] Level 1:colcon.colcon_core.package_identification:_identify(.) by extensions ['ros']
[0.276s] Level 1:colcon.colcon_core.package_identification:_identify(.) by extension 'ros'
[0.302s] Level 1:colcon.colcon_core.package_identification:_identify(.) by extensions ['cmake', 'python']
[0.303s] Level 1:colcon.colcon_core.package_identification:_identify(.) by extension 'cmake'
[0.303s] Level 1:colcon.colcon_core.package_identification:_identify(.) by extension 'python'
[0.303s] Level 1:colcon.colcon_core.package_identification:_identify(.) by extensions ['python_setup_py']
[0.303s] Level 1:colcon.colcon_core.package_identification:_identify(.) by extension 'python_setup_py'
[0.303s] Level 1:colcon.colcon_core.package_identification:_identify(build) by extensions ['ignore', 'ignore_ament_install']
[0.303s] Level 1:colcon.colcon_core.package_identification:_identify(build) by extension 'ignore'
[0.303s] Level 1:colcon.colcon_core.package_identification:_identify(build) ignored
[0.303s] Level 1:colcon.colcon_core.package_identification:_identify(docker) by extensions ['ignore', 'ignore_ament_install']
[0.303s] Level 1:colcon.colcon_core.package_identification:_identify(docker) by extension 'ignore'
[0.303s] Level 1:colcon.colcon_core.package_identification:_identify(docker) by extension 'ignore_ament_install'
[0.303s] Level 1:colcon.colcon_core.package_identification:_identify(docker) by extensions ['colcon_pkg']
[0.303s] Level 1:colcon.colcon_core.package_identification:_identify(docker) by extension 'colcon_pkg'
[0.303s] Level 1:colcon.colcon_core.package_identification:_identify(docker) by extensions ['colcon_meta']
[0.304s] Level 1:colcon.colcon_core.package_identification:_identify(docker) by extension 'colcon_meta'
[0.304s] Level 1:colcon.colcon_core.package_identification:_identify(docker) by extensions ['ros']
[0.304s] Level 1:colcon.colcon_core.package_identification:_identify(docker) by extension 'ros'
[0.304s] Level 1:colcon.colcon_core.package_identification:_identify(docker) by extensions ['cmake', 'python']
[0.304s] Level 1:colcon.colcon_core.package_identification:_identify(docker) by extension 'cmake'
[0.304s] Level 1:colcon.colcon_core.package_identification:_identify(docker) by extension 'python'
[0.304s] Level 1:colcon.colcon_core.package_identification:_identify(docker) by extensions ['python_setup_py']
[0.304s] Level 1:colcon.colcon_core.package_identification:_identify(docker) by extension 'python_setup_py'
[0.304s] Level 1:colcon.colcon_core.package_identification:_identify(install) by extensions ['ignore', 'ignore_ament_install']
[0.304s] Level 1:colcon.colcon_core.package_identification:_identify(install) by extension 'ignore'
[0.304s] Level 1:colcon.colcon_core.package_identification:_identify(install) ignored
[0.304s] Level 1:colcon.colcon_core.package_identification:_identify(log) by extensions ['ignore', 'ignore_ament_install']
[0.304s] Level 1:colcon.colcon_core.package_identification:_identify(log) by extension 'ignore'
[0.304s] Level 1:colcon.colcon_core.package_identification:_identify(log) ignored
[0.304s] Level 1:colcon.colcon_core.package_identification:_identify(maps) by extensions ['ignore', 'ignore_ament_install']
[0.304s] Level 1:colcon.colcon_core.package_identification:_identify(maps) by extension 'ignore'
[0.304s] Level 1:colcon.colcon_core.package_identification:_identify(maps) by extension 'ignore_ament_install'
[0.304s] Level 1:colcon.colcon_core.package_identification:_identify(maps) by extensions ['colcon_pkg']
[0.304s] Level 1:colcon.colcon_core.package_identification:_identify(maps) by extension 'colcon_pkg'
[0.304s] Level 1:colcon.colcon_core.package_identification:_identify(maps) by extensions ['colcon_meta']
[0.304s] Level 1:colcon.colcon_core.package_identification:_identify(maps) by extension 'colcon_meta'
[0.305s] Level 1:colcon.colcon_core.package_identification:_identify(maps) by extensions ['ros']
[0.305s] Level 1:colcon.colcon_core.package_identification:_identify(maps) by extension 'ros'
[0.305s] Level 1:colcon.colcon_core.package_identification:_identify(maps) by extensions ['cmake', 'python']
[0.305s] Level 1:colcon.colcon_core.package_identification:_identify(maps) by extension 'cmake'
[0.305s] Level 1:colcon.colcon_core.package_identification:_identify(maps) by extension 'python'
[0.305s] Level 1:colcon.colcon_core.package_identification:_identify(maps) by extensions ['python_setup_py']
[0.305s] Level 1:colcon.colcon_core.package_identification:_identify(maps) by extension 'python_setup_py'
[0.305s] Level 1:colcon.colcon_core.package_identification:_identify(src) by extensions ['ignore', 'ignore_ament_install']
[0.305s] Level 1:colcon.colcon_core.package_identification:_identify(src) by extension 'ignore'
[0.305s] Level 1:colcon.colcon_core.package_identification:_identify(src) by extension 'ignore_ament_install'
[0.305s] Level 1:colcon.colcon_core.package_identification:_identify(src) by extensions ['colcon_pkg']
[0.305s] Level 1:colcon.colcon_core.package_identification:_identify(src) by extension 'colcon_pkg'
[0.305s] Level 1:colcon.colcon_core.package_identification:_identify(src) by extensions ['colcon_meta']
[0.305s] Level 1:colcon.colcon_core.package_identification:_identify(src) by extension 'colcon_meta'
[0.305s] Level 1:colcon.colcon_core.package_identification:_identify(src) by extensions ['ros']
[0.305s] Level 1:colcon.colcon_core.package_identification:_identify(src) by extension 'ros'
[0.305s] Level 1:colcon.colcon_core.package_identification:_identify(src) by extensions ['cmake', 'python']
[0.305s] Level 1:colcon.colcon_core.package_identification:_identify(src) by extension 'cmake'
[0.305s] Level 1:colcon.colcon_core.package_identification:_identify(src) by extension 'python'
[0.305s] Level 1:colcon.colcon_core.package_identification:_identify(src) by extensions ['python_setup_py']
[0.305s] Level 1:colcon.colcon_core.package_identification:_identify(src) by extension 'python_setup_py'
[0.305s] Level 1:colcon.colcon_core.package_identification:_identify(src/amr_bringup) by extensions ['ignore', 'ignore_ament_install']
[0.305s] Level 1:colcon.colcon_core.package_identification:_identify(src/amr_bringup) by extension 'ignore'
[0.305s] Level 1:colcon.colcon_core.package_identification:_identify(src/amr_bringup) by extension 'ignore_ament_install'
[0.305s] Level 1:colcon.colcon_core.package_identification:_identify(src/amr_bringup) by extensions ['colcon_pkg']
[0.305s] Level 1:colcon.colcon_core.package_identification:_identify(src/amr_bringup) by extension 'colcon_pkg'
[0.305s] Level 1:colcon.colcon_core.package_identification:_identify(src/amr_bringup) by extensions ['colcon_meta']
[0.305s] Level 1:colcon.colcon_core.package_identification:_identify(src/amr_bringup) by extension 'colcon_meta'
[0.305s] Level 1:colcon.colcon_core.package_identification:_identify(src/amr_bringup) by extensions ['ros']
[0.306s] Level 1:colcon.colcon_core.package_identification:_identify(src/amr_bringup) by extension 'ros'
[0.307s] DEBUG:colcon.colcon_core.package_identification:Package 'src/amr_bringup' with type 'ros.ament_cmake' and name 'amr_bringup'
[0.308s] Level 1:colcon.colcon_core.package_identification:_identify(src/amr_controller) by extensions ['ignore', 'ignore_ament_install']
[0.308s] Level 1:colcon.colcon_core.package_identification:_identify(src/amr_controller) by extension 'ignore'
[0.308s] Level 1:colcon.colcon_core.package_identification:_identify(src/amr_controller) by extension 'ignore_ament_install'
[0.308s] Level 1:colcon.colcon_core.package_identification:_identify(src/amr_controller) by extensions ['colcon_pkg']
[0.308s] Level 1:colcon.colcon_core.package_identification:_identify(src/amr_controller) by extension 'colcon_pkg'
[0.308s] Level 1:colcon.colcon_core.package_identification:_identify(src/amr_controller) by extensions ['colcon_meta']
[0.308s] Level 1:colcon.colcon_core.package_identification:_identify(src/amr_controller) by extension 'colcon_meta'
[0.308s] Level 1:colcon.colcon_core.package_identification:_identify(src/amr_controller) by extensions ['ros']
[0.308s] Level 1:colcon.colcon_core.package_identification:_identify(src/amr_controller) by extension 'ros'
[0.308s] DEBUG:colcon.colcon_core.package_identification:Package 'src/amr_controller' with type 'ros.ament_python' and name 'amr_controller'
[0.308s] Level 1:colcon.colcon_core.package_identification:_identify(src/amr_description) by extensions ['ignore', 'ignore_ament_install']
[0.308s] Level 1:colcon.colcon_core.package_identification:_identify(src/amr_description) by extension 'ignore'
[0.308s] Level 1:colcon.colcon_core.package_identification:_identify(src/amr_description) by extension 'ignore_ament_install'
[0.308s] Level 1:colcon.colcon_core.package_identification:_identify(src/amr_description) by extensions ['colcon_pkg']
[0.309s] Level 1:colcon.colcon_core.package_identification:_identify(src/amr_description) by extension 'colcon_pkg'
[0.309s] Level 1:colcon.colcon_core.package_identification:_identify(src/amr_description) by extensions ['colcon_meta']
[0.309s] Level 1:colcon.colcon_core.package_identification:_identify(src/amr_description) by extension 'colcon_meta'
[0.309s] Level 1:colcon.colcon_core.package_identification:_identify(src/amr_description) by extensions ['ros']
[0.309s] Level 1:colcon.colcon_core.package_identification:_identify(src/amr_description) by extension 'ros'
[0.309s] DEBUG:colcon.colcon_core.package_identification:Package 'src/amr_description' with type 'ros.ament_cmake' and name 'amr_description'
[0.309s] Level 1:colcon.colcon_core.package_identification:_identify(src/amr_navigation) by extensions ['ignore', 'ignore_ament_install']
[0.309s] Level 1:colcon.colcon_core.package_identification:_identify(src/amr_navigation) by extension 'ignore'
[0.309s] Level 1:colcon.colcon_core.package_identification:_identify(src/amr_navigation) by extension 'ignore_ament_install'
[0.309s] Level 1:colcon.colcon_core.package_identification:_identify(src/amr_navigation) by extensions ['colcon_pkg']
[0.309s] Level 1:colcon.colcon_core.package_identification:_identify(src/amr_navigation) by extension 'colcon_pkg'
[0.309s] Level 1:colcon.colcon_core.package_identification:_identify(src/amr_navigation) by extensions ['colcon_meta']
[0.309s] Level 1:colcon.colcon_core.package_identification:_identify(src/amr_navigation) by extension 'colcon_meta'
[0.309s] Level 1:colcon.colcon_core.package_identification:_identify(src/amr_navigation) by extensions ['ros']
[0.309s] Level 1:colcon.colcon_core.package_identification:_identify(src/amr_navigation) by extension 'ros'
[0.310s] DEBUG:colcon.colcon_core.package_identification:Package 'src/amr_navigation' with type 'ros.ament_cmake' and name 'amr_navigation'
[0.310s] Level 1:colcon.colcon_core.package_identification:_identify(tests) by extensions ['ignore', 'ignore_ament_install']
[0.310s] Level 1:colcon.colcon_core.package_identification:_identify(tests) by extension 'ignore'
[0.310s] Level 1:colcon.colcon_core.package_identification:_identify(tests) by extension 'ignore_ament_install'
[0.310s] Level 1:colcon.colcon_core.package_identification:_identify(tests) by extensions ['colcon_pkg']
[0.310s] Level 1:colcon.colcon_core.package_identification:_identify(tests) by extension 'colcon_pkg'
[0.310s] Level 1:colcon.colcon_core.package_identification:_identify(tests) by extensions ['colcon_meta']
[0.310s] Level 1:colcon.colcon_core.package_identification:_identify(tests) by extension 'colcon_meta'
[0.310s] Level 1:colcon.colcon_core.package_identification:_identify(tests) by extensions ['ros']
[0.310s] Level 1:colcon.colcon_core.package_identification:_identify(tests) by extension 'ros'
[0.310s] Level 1:colcon.colcon_core.package_identification:_identify(tests) by extensions ['cmake', 'python']
[0.310s] Level 1:colcon.colcon_core.package_identification:_identify(tests) by extension 'cmake'
[0.310s] Level 1:colcon.colcon_core.package_identification:_identify(tests) by extension 'python'
[0.310s] Level 1:colcon.colcon_core.package_identification:_identify(tests) by extensions ['python_setup_py']
[0.310s] Level 1:colcon.colcon_core.package_identification:_identify(tests) by extension 'python_setup_py'
[0.310s] Level 1:colcon.colcon_core.package_identification:_identify(worlds) by extensions ['ignore', 'ignore_ament_install']
[0.310s] Level 1:colcon.colcon_core.package_identification:_identify(worlds) by extension 'ignore'
[0.310s] Level 1:colcon.colcon_core.package_identification:_identify(worlds) by extension 'ignore_ament_install'
[0.311s] Level 1:colcon.colcon_core.package_identification:_identify(worlds) by extensions ['colcon_pkg']
[0.311s] Level 1:colcon.colcon_core.package_identification:_identify(worlds) by extension 'colcon_pkg'
[0.311s] Level 1:colcon.colcon_core.package_identification:_identify(worlds) by extensions ['colcon_meta']
[0.311s] Level 1:colcon.colcon_core.package_identification:_identify(worlds) by extension 'colcon_meta'
[0.311s] Level 1:colcon.colcon_core.package_identification:_identify(worlds) by extensions ['ros']
[0.311s] Level 1:colcon.colcon_core.package_identification:_identify(worlds) by extension 'ros'
[0.312s] Level 1:colcon.colcon_core.package_identification:_identify(worlds) by extensions ['cmake', 'python']
[0.312s] Level 1:colcon.colcon_core.package_identification:_identify(worlds) by extension 'cmake'
[0.312s] Level 1:colcon.colcon_core.package_identification:_identify(worlds) by extension 'python'
[0.312s] Level 1:colcon.colcon_core.package_identification:_identify(worlds) by extensions ['python_setup_py']
[0.312s] Level 1:colcon.colcon_core.package_identification:_identify(worlds) by extension 'python_setup_py'
[0.312s] Level 1:colcon.colcon_core.package_discovery:discover_packages(recursive) using defaults
[0.312s] Level 1:colcon.colcon_core.package_discovery:discover_packages(ignore) discover
[0.312s] Level 1:colcon.colcon_core.package_discovery:discover_packages(ignore) using defaults
[0.313s] Level 1:colcon.colcon_core.package_discovery:discover_packages(path) discover
[0.313s] Level 1:colcon.colcon_core.package_discovery:discover_packages(path) using defaults
[0.333s] Level 1:colcon.colcon_core.package_discovery:discover_packages(prefix_path) check parameters
[0.333s] Level 1:colcon.colcon_core.package_discovery:discover_packages(prefix_path) discover
[0.334s] DEBUG:colcon.colcon_installed_package_information.package_discovery:Found 4 installed packages in /home/aravind/ros2_logistics_amr/install
[0.335s] DEBUG:colcon.colcon_installed_package_information.package_discovery:Found 390 installed packages in /opt/ros/jazzy
[0.337s] Level 1:colcon.colcon_core.package_discovery:discover_packages(prefix_path) using defaults
[0.382s] Level 5:colcon.colcon_core.verb:set package 'amr_bringup' build argument 'cmake_args' from command line to 'None'
[0.382s] Level 5:colcon.colcon_core.verb:set package 'amr_bringup' build argument 'cmake_target' from command line to 'None'
[0.382s] Level 5:colcon.colcon_core.verb:set package 'amr_bringup' build argument 'cmake_target_skip_unavailable' from command line to 'False'
[0.382s] Level 5:colcon.colcon_core.verb:set package 'amr_bringup' build argument 'cmake_clean_cache' from command line to 'False'
[0.382s] Level 5:colcon.colcon_core.verb:set package 'amr_bringup' build argument 'cmake_clean_first' from command line to 'False'
[0.382s] Level 5:colcon.colcon_core.verb:set package 'amr_bringup' build argument 'cmake_force_configure' from command line to 'False'
[0.382s] Level 5:colcon.colcon_core.verb:set package 'amr_bringup' build argument 'ament_cmake_args' from command line to 'None'
[0.382s] Level 5:colcon.colcon_core.verb:set package 'amr_bringup' build argument 'catkin_cmake_args' from command line to 'None'
[0.382s] Level 5:colcon.colcon_core.verb:set package 'amr_bringup' build argument 'catkin_skip_building_tests' from command line to 'False'
[0.382s] DEBUG:colcon.colcon_core.verb:Building package 'amr_bringup' with the following arguments: {'ament_cmake_args': None, 'build_base': '/home/aravind/ros2_logistics_amr/build/amr_bringup', 'catkin_cmake_args': None, 'catkin_skip_building_tests': False, 'cmake_args': None, 'cmake_clean_cache': False, 'cmake_clean_first': False, 'cmake_force_configure': False, 'cmake_target': None, 'cmake_target_skip_unavailable': False, 'install_base': '/home/aravind/ros2_logistics_amr/install/amr_bringup', 'merge_install': False, 'path': '/home/aravind/ros2_logistics_amr/src/amr_bringup', 'symlink_install': True, 'test_result_base': None}
[0.382s] Level 5:colcon.colcon_core.verb:set package 'amr_controller' build argument 'cmake_args' from command line to 'None'
[0.382s] Level 5:colcon.colcon_core.verb:set package 'amr_controller' build argument 'cmake_target' from command line to 'None'
[0.382s] Level 5:colcon.colcon_core.verb:set package 'amr_controller' build argument 'cmake_target_skip_unavailable' from command line to 'False'
[0.383s] Level 5:colcon.colcon_core.verb:set package 'amr_controller' build argument 'cmake_clean_cache' from command line to 'False'
[0.383s] Level 5:colcon.colcon_core.verb:set package 'amr_controller' build argument 'cmake_clean_first' from command line to 'False'
[0.383s] Level 5:colcon.colcon_core.verb:set package 'amr_controller' build argument 'cmake_force_configure' from command line to 'False'
[0.383s] Level 5:colcon.colcon_core.verb:set package 'amr_controller' build argument 'ament_cmake_args' from command line to 'None'
[0.383s] Level 5:colcon.colcon_core.verb:set package 'amr_controller' build argument 'catkin_cmake_args' from command line to 'None'
[0.383s] Level 5:colcon.colcon_core.verb:set package 'amr_controller' build argument 'catkin_skip_building_tests' from command line to 'False'
[0.383s] DEBUG:colcon.colcon_core.verb:Building package 'amr_controller' with the following arguments: {'ament_cmake_args': None, 'build_base': '/home/aravind/ros2_logistics_amr/build/amr_controller', 'catkin_cmake_args': None, 'catkin_skip_building_tests': False, 'cmake_args': None, 'cmake_clean_cache': False, 'cmake_clean_first': False, 'cmake_force_configure': False, 'cmake_target': None, 'cmake_target_skip_unavailable': False, 'install_base': '/home/aravind/ros2_logistics_amr/install/amr_controller', 'merge_install': False, 'path': '/home/aravind/ros2_logistics_amr/src/amr_controller', 'symlink_install': True, 'test_result_base': None}
[0.383s] Level 5:colcon.colcon_core.verb:set package 'amr_description' build argument 'cmake_args' from command line to 'None'
[0.383s] Level 5:colcon.colcon_core.verb:set package 'amr_description' build argument 'cmake_target' from command line to 'None'
[0.383s] Level 5:colcon.colcon_core.verb:set package 'amr_description' build argument 'cmake_target_skip_unavailable' from command line to 'False'
[0.383s] Level 5:colcon.colcon_core.verb:set package 'amr_description' build argument 'cmake_clean_cache' from command line to 'False'
[0.383s] Level 5:colcon.colcon_core.verb:set package 'amr_description' build argument 'cmake_clean_first' from command line to 'False'
[0.383s] Level 5:colcon.colcon_core.verb:set package 'amr_description' build argument 'cmake_force_configure' from command line to 'False'
[0.383s] Level 5:colcon.colcon_core.verb:set package 'amr_description' build argument 'ament_cmake_args' from command line to 'None'
[0.383s] Level 5:colcon.colcon_core.verb:set package 'amr_description' build argument 'catkin_cmake_args' from command line to 'None'
[0.383s] Level 5:colcon.colcon_core.verb:set package 'amr_description' build argument 'catkin_skip_building_tests' from command line to 'False'
[0.383s] DEBUG:colcon.colcon_core.verb:Building package 'amr_description' with the following arguments: {'ament_cmake_args': None, 'build_base': '/home/aravind/ros2_logistics_amr/build/amr_description', 'catkin_cmake_args': None, 'catkin_skip_building_tests': False, 'cmake_args': None, 'cmake_clean_cache': False, 'cmake_clean_first': False, 'cmake_force_configure': False, 'cmake_target': None, 'cmake_target_skip_unavailable': False, 'install_base': '/home/aravind/ros2_logistics_amr/install/amr_description', 'merge_install': False, 'path': '/home/aravind/ros2_logistics_amr/src/amr_description', 'symlink_install': True, 'test_result_base': None}
[0.384s] Level 5:colcon.colcon_core.verb:set package 'amr_navigation' build argument 'cmake_args' from command line to 'None'
[0.384s] Level 5:colcon.colcon_core.verb:set package 'amr_navigation' build argument 'cmake_target' from command line to 'None'
[0.384s] Level 5:colcon.colcon_core.verb:set package 'amr_navigation' build argument 'cmake_target_skip_unavailable' from command line to 'False'
[0.384s] Level 5:colcon.colcon_core.verb:set package 'amr_navigation' build argument 'cmake_clean_cache' from command line to 'False'
[0.384s] Level 5:colcon.colcon_core.verb:set package 'amr_navigation' build argument 'cmake_clean_first' from command line to 'False'
[0.384s] Level 5:colcon.colcon_core.verb:set package 'amr_navigation' build argument 'cmake_force_configure' from command line to 'False'
[0.384s] Level 5:colcon.colcon_core.verb:set package 'amr_navigation' build argument 'ament_cmake_args' from command line to 'None'
[0.384s] Level 5:colcon.colcon_core.verb:set package 'amr_navigation' build argument 'catkin_cmake_args' from command line to 'None'
[0.384s] Level 5:colcon.colcon_core.verb:set package 'amr_navigation' build argument 'catkin_skip_building_tests' from command line to 'False'
[0.384s] DEBUG:colcon.colcon_core.verb:Building package 'amr_navigation' with the following arguments: {'ament_cmake_args': None, 'build_base': '/home/aravind/ros2_logistics_amr/build/amr_navigation', 'catkin_cmake_args': None, 'catkin_skip_building_tests': False, 'cmake_args': None, 'cmake_clean_cache': False, 'cmake_clean_first': False, 'cmake_force_configure': False, 'cmake_target': None, 'cmake_target_skip_unavailable': False, 'install_base': '/home/aravind/ros2_logistics_amr/install/amr_navigation', 'merge_install': False, 'path': '/home/aravind/ros2_logistics_amr/src/amr_navigation', 'symlink_install': True, 'test_result_base': None}
[0.384s] INFO:colcon.colcon_core.executor:Executing jobs using 'parallel' executor
[0.386s] DEBUG:colcon.colcon_parallel_executor.executor.parallel:run_until_complete
[0.387s] INFO:colcon.colcon_ros.task.ament_cmake.build:Building ROS package in '/home/aravind/ros2_logistics_amr/src/amr_bringup' with build type 'ament_cmake'
[0.387s] INFO:colcon.colcon_cmake.task.cmake.build:Building CMake package in '/home/aravind/ros2_logistics_amr/src/amr_bringup'
[0.391s] INFO:colcon.colcon_core.plugin_system:Skipping extension 'colcon_core.shell.bat': Not used on non-Windows systems
[0.392s] INFO:colcon.colcon_core.shell:Skip shell extension 'powershell' for command environment: Not usable outside of PowerShell
[0.392s] DEBUG:colcon.colcon_core.shell:Skip shell extension 'dsv' for command environment
[0.395s] INFO:colcon.colcon_ros.task.ament_python.build:Building ROS package in '/home/aravind/ros2_logistics_amr/src/amr_controller' with build type 'ament_python'
[0.395s] Level 1:colcon.colcon_core.shell:create_environment_hook('amr_controller', 'ament_prefix_path')
[0.395s] INFO:colcon.colcon_core.shell:Creating environment hook '/home/aravind/ros2_logistics_amr/install/amr_controller/share/amr_controller/hook/ament_prefix_path.ps1'
[0.397s] INFO:colcon.colcon_core.shell:Creating environment descriptor '/home/aravind/ros2_logistics_amr/install/amr_controller/share/amr_controller/hook/ament_prefix_path.dsv'
[0.397s] INFO:colcon.colcon_core.shell:Creating environment hook '/home/aravind/ros2_logistics_amr/install/amr_controller/share/amr_controller/hook/ament_prefix_path.sh'
[0.398s] INFO:colcon.colcon_core.shell:Skip shell extension 'powershell' for command environment: Not usable outside of PowerShell
[0.398s] DEBUG:colcon.colcon_core.shell:Skip shell extension 'dsv' for command environment
[0.401s] INFO:colcon.colcon_ros.task.ament_cmake.build:Building ROS package in '/home/aravind/ros2_logistics_amr/src/amr_description' with build type 'ament_cmake'
[0.401s] INFO:colcon.colcon_cmake.task.cmake.build:Building CMake package in '/home/aravind/ros2_logistics_amr/src/amr_description'
[0.402s] INFO:colcon.colcon_core.shell:Skip shell extension 'powershell' for command environment: Not usable outside of PowerShell
[0.402s] DEBUG:colcon.colcon_core.shell:Skip shell extension 'dsv' for command environment
[0.405s] INFO:colcon.colcon_ros.task.ament_cmake.build:Building ROS package in '/home/aravind/ros2_logistics_amr/src/amr_navigation' with build type 'ament_cmake'
[0.405s] INFO:colcon.colcon_cmake.task.cmake.build:Building CMake package in '/home/aravind/ros2_logistics_amr/src/amr_navigation'
[0.406s] INFO:colcon.colcon_core.shell:Skip shell extension 'powershell' for command environment: Not usable outside of PowerShell
[0.406s] DEBUG:colcon.colcon_core.shell:Skip shell extension 'dsv' for command environment
[0.419s] DEBUG:colcon.colcon_core.event_handler.log_command:Invoking command in '/home/aravind/ros2_logistics_amr/build/amr_bringup': CMAKE_PREFIX_PATH=${CMAKE_PREFIX_PATH}:/home/aravind/ros2_logistics_amr/install/amr_controller:/opt/ros/jazzy /usr/bin/cmake --build /home/aravind/ros2_logistics_amr/build/amr_bringup -- -j16 -l16
[0.631s] INFO:colcon.colcon_core.task.python.build:Building Python package in '/home/aravind/ros2_logistics_amr/src/amr_controller'
[0.631s] INFO:colcon.colcon_core.shell:Skip shell extension 'powershell' for command environment: Not usable outside of PowerShell
[0.631s] DEBUG:colcon.colcon_core.shell:Skip shell extension 'dsv' for command environment
[0.641s] DEBUG:colcon.colcon_core.event_handler.log_command:Invoking command in '/home/aravind/ros2_logistics_amr/build/amr_description': CMAKE_PREFIX_PATH=${CMAKE_PREFIX_PATH}:/home/aravind/ros2_logistics_amr/install/amr_controller:/opt/ros/jazzy /usr/bin/cmake --build /home/aravind/ros2_logistics_amr/build/amr_description -- -j16 -l16
[0.644s] DEBUG:colcon.colcon_core.event_handler.log_command:Invoked command in '/home/aravind/ros2_logistics_amr/build/amr_bringup' returned '0': CMAKE_PREFIX_PATH=${CMAKE_PREFIX_PATH}:/home/aravind/ros2_logistics_amr/install/amr_controller:/opt/ros/jazzy /usr/bin/cmake --build /home/aravind/ros2_logistics_amr/build/amr_bringup -- -j16 -l16
[0.655s] DEBUG:colcon.colcon_core.event_handler.log_command:Invoking command in '/home/aravind/ros2_logistics_amr/build/amr_bringup': CMAKE_PREFIX_PATH=${CMAKE_PREFIX_PATH}:/home/aravind/ros2_logistics_amr/install/amr_controller:/opt/ros/jazzy /usr/bin/cmake --install /home/aravind/ros2_logistics_amr/build/amr_bringup
[0.662s] DEBUG:colcon.colcon_core.event_handler.log_command:Invoking command in '/home/aravind/ros2_logistics_amr/build/amr_navigation': CMAKE_PREFIX_PATH=${CMAKE_PREFIX_PATH}:/home/aravind/ros2_logistics_amr/install/amr_controller:/opt/ros/jazzy /usr/bin/cmake --build /home/aravind/ros2_logistics_amr/build/amr_navigation -- -j16 -l16
[0.686s] Level 1:colcon.colcon_core.environment:create_environment_scripts_only(amr_bringup)
[0.686s] DEBUG:colcon.colcon_core.event_handler.log_command:Invoked command in '/home/aravind/ros2_logistics_amr/build/amr_description' returned '0': CMAKE_PREFIX_PATH=${CMAKE_PREFIX_PATH}:/home/aravind/ros2_logistics_amr/install/amr_controller:/opt/ros/jazzy /usr/bin/cmake --build /home/aravind/ros2_logistics_amr/build/amr_description -- -j16 -l16
[0.691s] Level 1:colcon.colcon_core.environment:checking '/home/aravind/ros2_logistics_amr/install/amr_bringup' for CMake module files
[0.691s] Level 1:colcon.colcon_core.environment:checking '/home/aravind/ros2_logistics_amr/install/amr_bringup' for CMake config files
[0.691s] Level 1:colcon.colcon_core.shell:create_environment_hook('amr_bringup', 'cmake_prefix_path')
[0.692s] INFO:colcon.colcon_core.shell:Creating environment hook '/home/aravind/ros2_logistics_amr/install/amr_bringup/share/amr_bringup/hook/cmake_prefix_path.ps1'
[0.693s] DEBUG:colcon.colcon_core.event_handler.log_command:Invoking command in '/home/aravind/ros2_logistics_amr/build/amr_description': CMAKE_PREFIX_PATH=${CMAKE_PREFIX_PATH}:/home/aravind/ros2_logistics_amr/install/amr_controller:/opt/ros/jazzy /usr/bin/cmake --install /home/aravind/ros2_logistics_amr/build/amr_description
[0.693s] DEBUG:colcon.colcon_core.event_handler.log_command:Invoked command in '/home/aravind/ros2_logistics_amr/build/amr_bringup' returned '0': CMAKE_PREFIX_PATH=${CMAKE_PREFIX_PATH}:/home/aravind/ros2_logistics_amr/install/amr_controller:/opt/ros/jazzy /usr/bin/cmake --install /home/aravind/ros2_logistics_amr/build/amr_bringup
[0.693s] INFO:colcon.colcon_core.shell:Creating environment descriptor '/home/aravind/ros2_logistics_amr/install/amr_bringup/share/amr_bringup/hook/cmake_prefix_path.dsv'
[0.693s] INFO:colcon.colcon_core.shell:Creating environment hook '/home/aravind/ros2_logistics_amr/install/amr_bringup/share/amr_bringup/hook/cmake_prefix_path.sh'
[0.695s] Level 1:colcon.colcon_core.environment:checking '/home/aravind/ros2_logistics_amr/install/amr_bringup/bin'
[0.695s] Level 1:colcon.colcon_core.environment:checking '/home/aravind/ros2_logistics_amr/install/amr_bringup/lib/pkgconfig/amr_bringup.pc'
[0.696s] Level 1:colcon.colcon_core.environment:checking '/home/aravind/ros2_logistics_amr/install/amr_bringup/lib/python3.12/site-packages'
[0.696s] Level 1:colcon.colcon_core.environment:checking '/home/aravind/ros2_logistics_amr/install/amr_bringup/bin'
[0.696s] INFO:colcon.colcon_core.shell:Creating package script '/home/aravind/ros2_logistics_amr/install/amr_bringup/share/amr_bringup/package.ps1'
[0.697s] INFO:colcon.colcon_core.shell:Creating package descriptor '/home/aravind/ros2_logistics_amr/install/amr_bringup/share/amr_bringup/package.dsv'
[0.698s] INFO:colcon.colcon_core.shell:Creating package script '/home/aravind/ros2_logistics_amr/install/amr_bringup/share/amr_bringup/package.sh'
[0.699s] INFO:colcon.colcon_core.shell:Creating package script '/home/aravind/ros2_logistics_amr/install/amr_bringup/share/amr_bringup/package.bash'
[0.700s] INFO:colcon.colcon_core.shell:Creating package script '/home/aravind/ros2_logistics_amr/install/amr_bringup/share/amr_bringup/package.zsh'
[0.701s] Level 1:colcon.colcon_core.environment:create_file_with_runtime_dependencies(/home/aravind/ros2_logistics_amr/install/amr_bringup/share/colcon-core/packages/amr_bringup)
[0.701s] Level 1:colcon.colcon_core.environment:create_environment_scripts_only(amr_bringup)
[0.701s] Level 1:colcon.colcon_core.environment:checking '/home/aravind/ros2_logistics_amr/install/amr_bringup' for CMake module files
[0.702s] Level 1:colcon.colcon_core.environment:checking '/home/aravind/ros2_logistics_amr/install/amr_bringup' for CMake config files
[0.702s] Level 1:colcon.colcon_core.shell:create_environment_hook('amr_bringup', 'cmake_prefix_path')
[0.702s] INFO:colcon.colcon_core.shell:Creating environment hook '/home/aravind/ros2_logistics_amr/install/amr_bringup/share/amr_bringup/hook/cmake_prefix_path.ps1'
[0.703s] INFO:colcon.colcon_core.shell:Creating environment descriptor '/home/aravind/ros2_logistics_amr/install/amr_bringup/share/amr_bringup/hook/cmake_prefix_path.dsv'
[0.706s] INFO:colcon.colcon_core.shell:Creating environment hook '/home/aravind/ros2_logistics_amr/install/amr_bringup/share/amr_bringup/hook/cmake_prefix_path.sh'
[0.707s] Level 1:colcon.colcon_core.environment:checking '/home/aravind/ros2_logistics_amr/install/amr_bringup/bin'
[0.707s] Level 1:colcon.colcon_core.environment:checking '/home/aravind/ros2_logistics_amr/install/amr_bringup/lib/pkgconfig/amr_bringup.pc'
[0.708s] Level 1:colcon.colcon_core.environment:checking '/home/aravind/ros2_logistics_amr/install/amr_bringup/lib/python3.12/site-packages'
[0.708s] Level 1:colcon.colcon_core.environment:checking '/home/aravind/ros2_logistics_amr/install/amr_bringup/bin'
[0.708s] INFO:colcon.colcon_core.shell:Creating package script '/home/aravind/ros2_logistics_amr/install/amr_bringup/share/amr_bringup/package.ps1'
[0.709s] INFO:colcon.colcon_core.shell:Creating package descriptor '/home/aravind/ros2_logistics_amr/install/amr_bringup/share/amr_bringup/package.dsv'
[0.710s] INFO:colcon.colcon_core.shell:Creating package script '/home/aravind/ros2_logistics_amr/install/amr_bringup/share/amr_bringup/package.sh'
[0.711s] INFO:colcon.colcon_core.shell:Creating package script '/home/aravind/ros2_logistics_amr/install/amr_bringup/share/amr_bringup/package.bash'
[0.712s] INFO:colcon.colcon_core.shell:Creating package script '/home/aravind/ros2_logistics_amr/install/amr_bringup/share/amr_bringup/package.zsh'
[0.713s] Level 1:colcon.colcon_core.environment:create_file_with_runtime_dependencies(/home/aravind/ros2_logistics_amr/install/amr_bringup/share/colcon-core/packages/amr_bringup)
[0.719s] DEBUG:colcon.colcon_core.event_handler.log_command:Invoked command in '/home/aravind/ros2_logistics_amr/build/amr_navigation' returned '0': CMAKE_PREFIX_PATH=${CMAKE_PREFIX_PATH}:/home/aravind/ros2_logistics_amr/install/amr_controller:/opt/ros/jazzy /usr/bin/cmake --build /home/aravind/ros2_logistics_amr/build/amr_navigation -- -j16 -l16
[0.721s] DEBUG:colcon.colcon_core.event_handler.log_command:Invoking command in '/home/aravind/ros2_logistics_amr/build/amr_navigation': CMAKE_PREFIX_PATH=${CMAKE_PREFIX_PATH}:/home/aravind/ros2_logistics_amr/install/amr_controller:/opt/ros/jazzy /usr/bin/cmake --install /home/aravind/ros2_logistics_amr/build/amr_navigation
[0.721s] Level 1:colcon.colcon_core.environment:create_environment_scripts_only(amr_description)
[0.721s] Level 1:colcon.colcon_core.environment:checking '/home/aravind/ros2_logistics_amr/install/amr_description' for CMake module files
[0.722s] DEBUG:colcon.colcon_core.event_handler.log_command:Invoked command in '/home/aravind/ros2_logistics_amr/build/amr_description' returned '0': CMAKE_PREFIX_PATH=${CMAKE_PREFIX_PATH}:/home/aravind/ros2_logistics_amr/install/amr_controller:/opt/ros/jazzy /usr/bin/cmake --install /home/aravind/ros2_logistics_amr/build/amr_description
[0.723s] Level 1:colcon.colcon_core.environment:checking '/home/aravind/ros2_logistics_amr/install/amr_description' for CMake config files
[0.723s] Level 1:colcon.colcon_core.shell:create_environment_hook('amr_description', 'cmake_prefix_path')
[0.724s] INFO:colcon.colcon_core.shell:Creating environment hook '/home/aravind/ros2_logistics_amr/install/amr_description/share/amr_description/hook/cmake_prefix_path.ps1'
[0.725s] INFO:colcon.colcon_core.shell:Creating environment descriptor '/home/aravind/ros2_logistics_amr/install/amr_description/share/amr_description/hook/cmake_prefix_path.dsv'
[0.725s] INFO:colcon.colcon_core.shell:Creating environment hook '/home/aravind/ros2_logistics_amr/install/amr_description/share/amr_description/hook/cmake_prefix_path.sh'
[0.726s] Level 1:colcon.colcon_core.environment:checking '/home/aravind/ros2_logistics_amr/install/amr_description/bin'
[0.726s] Level 1:colcon.colcon_core.environment:checking '/home/aravind/ros2_logistics_amr/install/amr_description/lib/pkgconfig/amr_description.pc'
[0.727s] Level 1:colcon.colcon_core.environment:checking '/home/aravind/ros2_logistics_amr/install/amr_description/lib/python3.12/site-packages'
[0.727s] Level 1:colcon.colcon_core.environment:checking '/home/aravind/ros2_logistics_amr/install/amr_description/bin'
[0.728s] INFO:colcon.colcon_core.shell:Creating package script '/home/aravind/ros2_logistics_amr/install/amr_description/share/amr_description/package.ps1'
[0.729s] INFO:colcon.colcon_core.shell:Creating package descriptor '/home/aravind/ros2_logistics_amr/install/amr_description/share/amr_description/package.dsv'
[0.734s] INFO:colcon.colcon_core.shell:Creating package script '/home/aravind/ros2_logistics_amr/install/amr_description/share/amr_description/package.sh'
[0.738s] INFO:colcon.colcon_core.shell:Creating package script '/home/aravind/ros2_logistics_amr/install/amr_description/share/amr_description/package.bash'
[0.739s] INFO:colcon.colcon_core.shell:Creating package script '/home/aravind/ros2_logistics_amr/install/amr_description/share/amr_description/package.zsh'
[0.740s] Level 1:colcon.colcon_core.environment:create_file_with_runtime_dependencies(/home/aravind/ros2_logistics_amr/install/amr_description/share/colcon-core/packages/amr_description)
[0.741s] Level 1:colcon.colcon_core.environment:create_environment_scripts_only(amr_description)
[0.741s] Level 1:colcon.colcon_core.environment:checking '/home/aravind/ros2_logistics_amr/install/amr_description' for CMake module files
[0.741s] Level 1:colcon.colcon_core.environment:checking '/home/aravind/ros2_logistics_amr/install/amr_description' for CMake config files
[0.742s] Level 1:colcon.colcon_core.shell:create_environment_hook('amr_description', 'cmake_prefix_path')
[0.742s] INFO:colcon.colcon_core.shell:Creating environment hook '/home/aravind/ros2_logistics_amr/install/amr_description/share/amr_description/hook/cmake_prefix_path.ps1'
[0.743s] INFO:colcon.colcon_core.shell:Creating environment descriptor '/home/aravind/ros2_logistics_amr/install/amr_description/share/amr_description/hook/cmake_prefix_path.dsv'
[0.743s] INFO:colcon.colcon_core.shell:Creating environment hook '/home/aravind/ros2_logistics_amr/install/amr_description/share/amr_description/hook/cmake_prefix_path.sh'
[0.744s] Level 1:colcon.colcon_core.environment:checking '/home/aravind/ros2_logistics_amr/install/amr_description/bin'
[0.744s] Level 1:colcon.colcon_core.environment:checking '/home/aravind/ros2_logistics_amr/install/amr_description/lib/pkgconfig/amr_description.pc'
[0.744s] Level 1:colcon.colcon_core.environment:checking '/home/aravind/ros2_logistics_amr/install/amr_description/lib/python3.12/site-packages'
[0.744s] Level 1:colcon.colcon_core.environment:checking '/home/aravind/ros2_logistics_amr/install/amr_description/bin'
[0.744s] INFO:colcon.colcon_core.shell:Creating package script '/home/aravind/ros2_logistics_amr/install/amr_description/share/amr_description/package.ps1'
[0.745s] INFO:colcon.colcon_core.shell:Creating package descriptor '/home/aravind/ros2_logistics_amr/install/amr_description/share/amr_description/package.dsv'
[0.746s] INFO:colcon.colcon_core.shell:Creating package script '/home/aravind/ros2_logistics_amr/install/amr_description/share/amr_description/package.sh'
[0.746s] INFO:colcon.colcon_core.shell:Creating package script '/home/aravind/ros2_logistics_amr/install/amr_description/share/amr_description/package.bash'
[0.747s] INFO:colcon.colcon_core.shell:Creating package script '/home/aravind/ros2_logistics_amr/install/amr_description/share/amr_description/package.zsh'
[0.747s] Level 1:colcon.colcon_core.environment:create_file_with_runtime_dependencies(/home/aravind/ros2_logistics_amr/install/amr_description/share/colcon-core/packages/amr_description)
[0.752s] Level 1:colcon.colcon_core.environment:create_environment_scripts_only(amr_navigation)
[0.752s] DEBUG:colcon.colcon_core.event_handler.log_command:Invoked command in '/home/aravind/ros2_logistics_amr/build/amr_navigation' returned '0': CMAKE_PREFIX_PATH=${CMAKE_PREFIX_PATH}:/home/aravind/ros2_logistics_amr/install/amr_controller:/opt/ros/jazzy /usr/bin/cmake --install /home/aravind/ros2_logistics_amr/build/amr_navigation
[0.753s] Level 1:colcon.colcon_core.environment:checking '/home/aravind/ros2_logistics_amr/install/amr_navigation' for CMake module files
[0.754s] Level 1:colcon.colcon_core.environment:checking '/home/aravind/ros2_logistics_amr/install/amr_navigation' for CMake config files
[0.754s] Level 1:colcon.colcon_core.shell:create_environment_hook('amr_navigation', 'cmake_prefix_path')
[0.754s] INFO:colcon.colcon_core.shell:Creating environment hook '/home/aravind/ros2_logistics_amr/install/amr_navigation/share/amr_navigation/hook/cmake_prefix_path.ps1'
[0.755s] INFO:colcon.colcon_core.shell:Creating environment descriptor '/home/aravind/ros2_logistics_amr/install/amr_navigation/share/amr_navigation/hook/cmake_prefix_path.dsv'
[0.756s] INFO:colcon.colcon_core.shell:Creating environment hook '/home/aravind/ros2_logistics_amr/install/amr_navigation/share/amr_navigation/hook/cmake_prefix_path.sh'
[0.756s] Level 1:colcon.colcon_core.environment:checking '/home/aravind/ros2_logistics_amr/install/amr_navigation/bin'
[0.756s] Level 1:colcon.colcon_core.environment:checking '/home/aravind/ros2_logistics_amr/install/amr_navigation/lib/pkgconfig/amr_navigation.pc'
[0.756s] Level 1:colcon.colcon_core.environment:checking '/home/aravind/ros2_logistics_amr/install/amr_navigation/lib/python3.12/site-packages'
[0.757s] Level 1:colcon.colcon_core.environment:checking '/home/aravind/ros2_logistics_amr/install/amr_navigation/bin'
[0.757s] INFO:colcon.colcon_core.shell:Creating package script '/home/aravind/ros2_logistics_amr/install/amr_navigation/share/amr_navigation/package.ps1'
[0.757s] INFO:colcon.colcon_core.shell:Creating package descriptor '/home/aravind/ros2_logistics_amr/install/amr_navigation/share/amr_navigation/package.dsv'
[0.758s] INFO:colcon.colcon_core.shell:Creating package script '/home/aravind/ros2_logistics_amr/install/amr_navigation/share/amr_navigation/package.sh'
[0.758s] INFO:colcon.colcon_core.shell:Creating package script '/home/aravind/ros2_logistics_amr/install/amr_navigation/share/amr_navigation/package.bash'
[0.758s] INFO:colcon.colcon_core.shell:Creating package script '/home/aravind/ros2_logistics_amr/install/amr_navigation/share/amr_navigation/package.zsh'
[0.759s] Level 1:colcon.colcon_core.environment:create_file_with_runtime_dependencies(/home/aravind/ros2_logistics_amr/install/amr_navigation/share/colcon-core/packages/amr_navigation)
[0.759s] Level 1:colcon.colcon_core.environment:create_environment_scripts_only(amr_navigation)
[0.759s] Level 1:colcon.colcon_core.environment:checking '/home/aravind/ros2_logistics_amr/install/amr_navigation' for CMake module files
[0.760s] Level 1:colcon.colcon_core.environment:checking '/home/aravind/ros2_logistics_amr/install/amr_navigation' for CMake config files
[0.760s] Level 1:colcon.colcon_core.shell:create_environment_hook('amr_navigation', 'cmake_prefix_path')
[0.760s] INFO:colcon.colcon_core.shell:Creating environment hook '/home/aravind/ros2_logistics_amr/install/amr_navigation/share/amr_navigation/hook/cmake_prefix_path.ps1'
[0.761s] INFO:colcon.colcon_core.shell:Creating environment descriptor '/home/aravind/ros2_logistics_amr/install/amr_navigation/share/amr_navigation/hook/cmake_prefix_path.dsv'
[0.761s] INFO:colcon.colcon_core.shell:Creating environment hook '/home/aravind/ros2_logistics_amr/install/amr_navigation/share/amr_navigation/hook/cmake_prefix_path.sh'
[0.762s] Level 1:colcon.colcon_core.environment:checking '/home/aravind/ros2_logistics_amr/install/amr_navigation/bin'
[0.762s] Level 1:colcon.colcon_core.environment:checking '/home/aravind/ros2_logistics_amr/install/amr_navigation/lib/pkgconfig/amr_navigation.pc'
[0.762s] Level 1:colcon.colcon_core.environment:checking '/home/aravind/ros2_logistics_amr/install/amr_navigation/lib/python3.12/site-packages'
[0.763s] Level 1:colcon.colcon_core.environment:checking '/home/aravind/ros2_logistics_amr/install/amr_navigation/bin'
[0.763s] INFO:colcon.colcon_core.shell:Creating package script '/home/aravind/ros2_logistics_amr/install/amr_navigation/share/amr_navigation/package.ps1'
[0.764s] INFO:colcon.colcon_core.shell:Creating package descriptor '/home/aravind/ros2_logistics_amr/install/amr_navigation/share/amr_navigation/package.dsv'
[0.765s] INFO:colcon.colcon_core.shell:Creating package script '/home/aravind/ros2_logistics_amr/install/amr_navigation/share/amr_navigation/package.sh'
[0.765s] INFO:colcon.colcon_core.shell:Creating package script '/home/aravind/ros2_logistics_amr/install/amr_navigation/share/amr_navigation/package.bash'
[0.766s] INFO:colcon.colcon_core.shell:Creating package script '/home/aravind/ros2_logistics_amr/install/amr_navigation/share/amr_navigation/package.zsh'
[0.767s] Level 1:colcon.colcon_core.environment:create_file_with_runtime_dependencies(/home/aravind/ros2_logistics_amr/install/amr_navigation/share/colcon-core/packages/amr_navigation)
[1.277s] DEBUG:colcon.colcon_core.event_handler.log_command:Invoking command in '/home/aravind/ros2_logistics_amr/build/amr_controller': PYTHONPATH=/home/aravind/ros2_logistics_amr/build/amr_controller/prefix_override:/usr/lib/python3/dist-packages/colcon_core/task/python/colcon_distutils_commands:/home/aravind/ros2_logistics_amr/install/amr_controller/lib/python3.12/site-packages:${PYTHONPATH} /usr/bin/python3 -W ignore:setup.py install is deprecated -W ignore:easy_install command is deprecated setup.py develop --editable --build-directory /home/aravind/ros2_logistics_amr/build/amr_controller/build --no-deps symlink_data
[1.890s] Level 1:colcon.colcon_core.shell:create_environment_hook('amr_controller', 'pythonpath_develop')
[1.890s] INFO:colcon.colcon_core.shell:Creating environment hook '/home/aravind/ros2_logistics_amr/build/amr_controller/share/amr_controller/hook/pythonpath_develop.ps1'
[1.891s] DEBUG:colcon.colcon_core.event_handler.log_command:Invoked command in '/home/aravind/ros2_logistics_amr/build/amr_controller' returned '0': PYTHONPATH=/home/aravind/ros2_logistics_amr/build/amr_controller/prefix_override:/usr/lib/python3/dist-packages/colcon_core/task/python/colcon_distutils_commands:/home/aravind/ros2_logistics_amr/install/amr_controller/lib/python3.12/site-packages:${PYTHONPATH} /usr/bin/python3 -W ignore:setup.py install is deprecated -W ignore:easy_install command is deprecated setup.py develop --editable --build-directory /home/aravind/ros2_logistics_amr/build/amr_controller/build --no-deps symlink_data
[1.892s] INFO:colcon.colcon_core.shell:Creating environment descriptor '/home/aravind/ros2_logistics_amr/build/amr_controller/share/amr_controller/hook/pythonpath_develop.dsv'
[1.892s] INFO:colcon.colcon_core.shell:Creating environment hook '/home/aravind/ros2_logistics_amr/build/amr_controller/share/amr_controller/hook/pythonpath_develop.sh'
[1.893s] Level 1:colcon.colcon_core.environment:checking '/home/aravind/ros2_logistics_amr/install/amr_controller' for CMake module files
[1.893s] Level 1:colcon.colcon_core.environment:checking '/home/aravind/ros2_logistics_amr/install/amr_controller' for CMake config files
[1.894s] Level 1:colcon.colcon_core.environment:checking '/home/aravind/ros2_logistics_amr/install/amr_controller/lib'
[1.894s] Level 1:colcon.colcon_core.environment:checking '/home/aravind/ros2_logistics_amr/install/amr_controller/bin'
[1.894s] Level 1:colcon.colcon_core.environment:checking '/home/aravind/ros2_logistics_amr/install/amr_controller/lib/pkgconfig/amr_controller.pc'
[1.894s] Level 1:colcon.colcon_core.environment:checking '/home/aravind/ros2_logistics_amr/install/amr_controller/lib/python3.12/site-packages'
[1.894s] Level 1:colcon.colcon_core.shell:create_environment_hook('amr_controller', 'pythonpath')
[1.894s] INFO:colcon.colcon_core.shell:Creating environment hook '/home/aravind/ros2_logistics_amr/install/amr_controller/share/amr_controller/hook/pythonpath.ps1'
[1.895s] INFO:colcon.colcon_core.shell:Creating environment descriptor '/home/aravind/ros2_logistics_amr/install/amr_controller/share/amr_controller/hook/pythonpath.dsv'
[1.895s] INFO:colcon.colcon_core.shell:Creating environment hook '/home/aravind/ros2_logistics_amr/install/amr_controller/share/amr_controller/hook/pythonpath.sh'
[1.896s] Level 1:colcon.colcon_core.environment:checking '/home/aravind/ros2_logistics_amr/install/amr_controller/bin'
[1.896s] Level 1:colcon.colcon_core.environment:create_environment_scripts_only(amr_controller)
[1.896s] INFO:colcon.colcon_core.shell:Creating package script '/home/aravind/ros2_logistics_amr/install/amr_controller/share/amr_controller/package.ps1'
[1.897s] INFO:colcon.colcon_core.shell:Creating package descriptor '/home/aravind/ros2_logistics_amr/install/amr_controller/share/amr_controller/package.dsv'
[1.897s] INFO:colcon.colcon_core.shell:Creating package script '/home/aravind/ros2_logistics_amr/install/amr_controller/share/amr_controller/package.sh'
[1.897s] INFO:colcon.colcon_core.shell:Creating package script '/home/aravind/ros2_logistics_amr/install/amr_controller/share/amr_controller/package.bash'
[1.897s] INFO:colcon.colcon_core.shell:Creating package script '/home/aravind/ros2_logistics_amr/install/amr_controller/share/amr_controller/package.zsh'
[1.898s] Level 1:colcon.colcon_core.environment:create_file_with_runtime_dependencies(/home/aravind/ros2_logistics_amr/install/amr_controller/share/colcon-core/packages/amr_controller)
[1.898s] DEBUG:colcon.colcon_parallel_executor.executor.parallel:closing loop
[1.898s] DEBUG:colcon.colcon_parallel_executor.executor.parallel:loop closed
[1.899s] DEBUG:colcon.colcon_parallel_executor.executor.parallel:run_until_complete finished with '0'
[1.899s] DEBUG:colcon.colcon_core.event_reactor:joining thread
[1.969s] INFO:colcon.colcon_core.plugin_system:Skipping extension 'colcon_notification.desktop_notification.notify_send': Could not find 'notify-send'
[1.969s] INFO:colcon.colcon_core.plugin_system:Skipping extension 'colcon_notification.desktop_notification.terminal_notifier': Not used on non-Darwin systems
[1.969s] INFO:colcon.colcon_core.plugin_system:Skipping extension 'colcon_notification.desktop_notification.win32': Not used on non-Windows systems
[1.969s] INFO:colcon.colcon_notification.desktop_notification:Sending desktop notification using 'notify2'
[1.971s] DEBUG:colcon.colcon_notification.desktop_notification.notify2:Failed to initialize notify2: org.freedesktop.DBus.Error.ServiceUnknown: The name org.freedesktop.Notifications was not provided by any .service files
[1.971s] DEBUG:colcon.colcon_core.event_reactor:joined thread
[1.971s] INFO:colcon.colcon_core.shell:Creating prefix script '/home/aravind/ros2_logistics_amr/install/local_setup.ps1'
[1.972s] INFO:colcon.colcon_core.shell:Creating prefix util module '/home/aravind/ros2_logistics_amr/install/_local_setup_util_ps1.py'
[1.973s] INFO:colcon.colcon_core.shell:Creating prefix chain script '/home/aravind/ros2_logistics_amr/install/setup.ps1'
[1.974s] INFO:colcon.colcon_core.shell:Creating prefix script '/home/aravind/ros2_logistics_amr/install/local_setup.sh'
[1.975s] INFO:colcon.colcon_core.shell:Creating prefix util module '/home/aravind/ros2_logistics_amr/install/_local_setup_util_sh.py'
[1.976s] INFO:colcon.colcon_core.shell:Creating prefix chain script '/home/aravind/ros2_logistics_amr/install/setup.sh'
[1.976s] INFO:colcon.colcon_core.shell:Creating prefix script '/home/aravind/ros2_logistics_amr/install/local_setup.bash'
[1.977s] INFO:colcon.colcon_core.shell:Creating prefix chain script '/home/aravind/ros2_logistics_amr/install/setup.bash'
[1.978s] INFO:colcon.colcon_core.shell:Creating prefix script '/home/aravind/ros2_logistics_amr/install/local_setup.zsh'
[1.979s] INFO:colcon.colcon_core.shell:Creating prefix chain script '/home/aravind/ros2_logistics_amr/install/setup.zsh'
