[0.340s] DEBUG:colcon:Command line arguments: ['/usr/bin/colcon', 'build', '--symlink-install']
[0.340s] DEBUG:colcon:Parsed command line arguments: Namespace(log_base=None, log_level=None, verb_name='build', build_base='build', install_base='install', merge_install=False, symlink_install=True, test_result_base=None, continue_on_error=False, executor='parallel', parallel_workers=16, event_handlers=None, ignore_user_meta=False, metas=['./colcon.meta'], base_paths=['.'], packages_ignore=None, packages_ignore_regex=None, paths=None, packages_up_to=None, packages_up_to_regex=None, packages_above=None, packages_above_and_dependencies=None, packages_above_depth=None, packages_select_by_dep=None, packages_skip_by_dep=None, packages_skip_up_to=None, packages_select_build_failed=False, packages_skip_build_finished=False, packages_select_test_failures=False, packages_skip_test_passed=False, packages_select=None, packages_skip=None, packages_select_regex=None, packages_skip_regex=None, packages_start=None, packages_end=None, allow_overriding=[], cmake_args=None, cmake_target=None, cmake_target_skip_unavailable=False, cmake_clean_cache=False, cmake_clean_first=False, cmake_force_configure=False, ament_cmake_args=None, catkin_cmake_args=None, catkin_skip_building_tests=False, mixin_files=None, mixin=None, verb_parser=<colcon_mixin.mixin.mixin_argument.MixinArgumentDecorator object at 0x797d4437f290>, verb_extension=<colcon_core.verb.build.BuildVerb object at 0x797d4437edb0>, main=<bound method BuildVerb.main of <colcon_core.verb.build.BuildVerb object at 0x797d4437edb0>>, mixin_verb=('build',))
[0.368s] Level 1:colcon.colcon_core.package_discovery:discover_packages(colcon_meta) check parameters
[0.368s] Level 1:colcon.colcon_core.package_discovery:discover_packages(recursive) check parameters
[0.368s] Level 1:colcon.colcon_core.package_discovery:discover_packages(ignore) check parameters
[0.368s] Level 1:colcon.colcon_core.package_discovery:discover_packages(path) check parameters
[0.368s] Level 1:colcon.colcon_core.package_discovery:discover_packages(colcon_meta) discover
[0.368s] Level 1:colcon.colcon_core.package_discovery:discover_packages(recursive) discover
[0.368s] INFO:colcon.colcon_core.package_discovery:Crawling recursively for packages in '/home/aravind/ros2_logistics_amr'
[0.368s] Level 1:colcon.colcon_core.package_identification:_identify(.) by extensions ['ignore', 'ignore_ament_install']
[0.368s] Level 1:colcon.colcon_core.package_identification:_identify(.) by extension 'ignore'
[0.368s] Level 1:colcon.colcon_core.package_identification:_identify(.) by extension 'ignore_ament_install'
[0.369s] Level 1:colcon.colcon_core.package_identification:_identify(.) by extensions ['colcon_pkg']
[0.369s] Level 1:colcon.colcon_core.package_identification:_identify(.) by extension 'colcon_pkg'
[0.369s] Level 1:colcon.colcon_core.package_identification:_identify(.) by extensions ['colcon_meta']
[0.369s] Level 1:colcon.colcon_core.package_identification:_identify(.) by extension 'colcon_meta'
[0.369s] Level 1:colcon.colcon_core.package_identification:_identify(.) by extensions ['ros']
[0.369s] Level 1:colcon.colcon_core.package_identification:_identify(.) by extension 'ros'
[0.396s] Level 1:colcon.colcon_core.package_identification:_identify(.) by extensions ['cmake', 'python']
[0.396s] Level 1:colcon.colcon_core.package_identification:_identify(.) by extension 'cmake'
[0.396s] Level 1:colcon.colcon_core.package_identification:_identify(.) by extension 'python'
[0.396s] Level 1:colcon.colcon_core.package_identification:_identify(.) by extensions ['python_setup_py']
[0.396s] Level 1:colcon.colcon_core.package_identification:_identify(.) by extension 'python_setup_py'
[0.396s] Level 1:colcon.colcon_core.package_identification:_identify(build) by extensions ['ignore', 'ignore_ament_install']
[0.396s] Level 1:colcon.colcon_core.package_identification:_identify(build) by extension 'ignore'
[0.396s] Level 1:colcon.colcon_core.package_identification:_identify(build) ignored
[0.397s] Level 1:colcon.colcon_core.package_identification:_identify(docker) by extensions ['ignore', 'ignore_ament_install']
[0.397s] Level 1:colcon.colcon_core.package_identification:_identify(docker) by extension 'ignore'
[0.397s] Level 1:colcon.colcon_core.package_identification:_identify(docker) by extension 'ignore_ament_install'
[0.397s] Level 1:colcon.colcon_core.package_identification:_identify(docker) by extensions ['colcon_pkg']
[0.397s] Level 1:colcon.colcon_core.package_identification:_identify(docker) by extension 'colcon_pkg'
[0.397s] Level 1:colcon.colcon_core.package_identification:_identify(docker) by extensions ['colcon_meta']
[0.397s] Level 1:colcon.colcon_core.package_identification:_identify(docker) by extension 'colcon_meta'
[0.398s] Level 1:colcon.colcon_core.package_identification:_identify(docker) by extensions ['ros']
[0.398s] Level 1:colcon.colcon_core.package_identification:_identify(docker) by extension 'ros'
[0.398s] Level 1:colcon.colcon_core.package_identification:_identify(docker) by extensions ['cmake', 'python']
[0.398s] Level 1:colcon.colcon_core.package_identification:_identify(docker) by extension 'cmake'
[0.398s] Level 1:colcon.colcon_core.package_identification:_identify(docker) by extension 'python'
[0.398s] Level 1:colcon.colcon_core.package_identification:_identify(docker) by extensions ['python_setup_py']
[0.398s] Level 1:colcon.colcon_core.package_identification:_identify(docker) by extension 'python_setup_py'
[0.398s] Level 1:colcon.colcon_core.package_identification:_identify(install) by extensions ['ignore', 'ignore_ament_install']
[0.398s] Level 1:colcon.colcon_core.package_identification:_identify(install) by extension 'ignore'
[0.398s] Level 1:colcon.colcon_core.package_identification:_identify(install) ignored
[0.398s] Level 1:colcon.colcon_core.package_identification:_identify(log) by extensions ['ignore', 'ignore_ament_install']
[0.398s] Level 1:colcon.colcon_core.package_identification:_identify(log) by extension 'ignore'
[0.399s] Level 1:colcon.colcon_core.package_identification:_identify(log) ignored
[0.399s] Level 1:colcon.colcon_core.package_identification:_identify(src) by extensions ['ignore', 'ignore_ament_install']
[0.399s] Level 1:colcon.colcon_core.package_identification:_identify(src) by extension 'ignore'
[0.399s] Level 1:colcon.colcon_core.package_identification:_identify(src) by extension 'ignore_ament_install'
[0.399s] Level 1:colcon.colcon_core.package_identification:_identify(src) by extensions ['colcon_pkg']
[0.399s] Level 1:colcon.colcon_core.package_identification:_identify(src) by extension 'colcon_pkg'
[0.399s] Level 1:colcon.colcon_core.package_identification:_identify(src) by extensions ['colcon_meta']
[0.399s] Level 1:colcon.colcon_core.package_identification:_identify(src) by extension 'colcon_meta'
[0.399s] Level 1:colcon.colcon_core.package_identification:_identify(src) by extensions ['ros']
[0.399s] Level 1:colcon.colcon_core.package_identification:_identify(src) by extension 'ros'
[0.399s] Level 1:colcon.colcon_core.package_identification:_identify(src) by extensions ['cmake', 'python']
[0.399s] Level 1:colcon.colcon_core.package_identification:_identify(src) by extension 'cmake'
[0.399s] Level 1:colcon.colcon_core.package_identification:_identify(src) by extension 'python'
[0.399s] Level 1:colcon.colcon_core.package_identification:_identify(src) by extensions ['python_setup_py']
[0.399s] Level 1:colcon.colcon_core.package_identification:_identify(src) by extension 'python_setup_py'
[0.400s] Level 1:colcon.colcon_core.package_identification:_identify(src/amr_bringup) by extensions ['ignore', 'ignore_ament_install']
[0.400s] Level 1:colcon.colcon_core.package_identification:_identify(src/amr_bringup) by extension 'ignore'
[0.400s] Level 1:colcon.colcon_core.package_identification:_identify(src/amr_bringup) by extension 'ignore_ament_install'
[0.400s] Level 1:colcon.colcon_core.package_identification:_identify(src/amr_bringup) by extensions ['colcon_pkg']
[0.400s] Level 1:colcon.colcon_core.package_identification:_identify(src/amr_bringup) by extension 'colcon_pkg'
[0.400s] Level 1:colcon.colcon_core.package_identification:_identify(src/amr_bringup) by extensions ['colcon_meta']
[0.400s] Level 1:colcon.colcon_core.package_identification:_identify(src/amr_bringup) by extension 'colcon_meta'
[0.400s] Level 1:colcon.colcon_core.package_identification:_identify(src/amr_bringup) by extensions ['ros']
[0.400s] Level 1:colcon.colcon_core.package_identification:_identify(src/amr_bringup) by extension 'ros'
[0.405s] DEBUG:colcon.colcon_core.package_identification:Package 'src/amr_bringup' with type 'ros.ament_cmake' and name 'amr_bringup'
[0.405s] Level 1:colcon.colcon_core.package_identification:_identify(src/amr_controller) by extensions ['ignore', 'ignore_ament_install']
[0.405s] Level 1:colcon.colcon_core.package_identification:_identify(src/amr_controller) by extension 'ignore'
[0.405s] Level 1:colcon.colcon_core.package_identification:_identify(src/amr_controller) by extension 'ignore_ament_install'
[0.405s] Level 1:colcon.colcon_core.package_identification:_identify(src/amr_controller) by extensions ['colcon_pkg']
[0.406s] Level 1:colcon.colcon_core.package_identification:_identify(src/amr_controller) by extension 'colcon_pkg'
[0.406s] Level 1:colcon.colcon_core.package_identification:_identify(src/amr_controller) by extensions ['colcon_meta']
[0.406s] Level 1:colcon.colcon_core.package_identification:_identify(src/amr_controller) by extension 'colcon_meta'
[0.406s] Level 1:colcon.colcon_core.package_identification:_identify(src/amr_controller) by extensions ['ros']
[0.406s] Level 1:colcon.colcon_core.package_identification:_identify(src/amr_controller) by extension 'ros'
[0.407s] DEBUG:colcon.colcon_core.package_identification:Package 'src/amr_controller' with type 'ros.ament_python' and name 'amr_controller'
[0.407s] Level 1:colcon.colcon_core.package_identification:_identify(src/amr_description) by extensions ['ignore', 'ignore_ament_install']
[0.407s] Level 1:colcon.colcon_core.package_identification:_identify(src/amr_description) by extension 'ignore'
[0.407s] Level 1:colcon.colcon_core.package_identification:_identify(src/amr_description) by extension 'ignore_ament_install'
[0.407s] Level 1:colcon.colcon_core.package_identification:_identify(src/amr_description) by extensions ['colcon_pkg']
[0.407s] Level 1:colcon.colcon_core.package_identification:_identify(src/amr_description) by extension 'colcon_pkg'
[0.407s] Level 1:colcon.colcon_core.package_identification:_identify(src/amr_description) by extensions ['colcon_meta']
[0.407s] Level 1:colcon.colcon_core.package_identification:_identify(src/amr_description) by extension 'colcon_meta'
[0.407s] Level 1:colcon.colcon_core.package_identification:_identify(src/amr_description) by extensions ['ros']
[0.407s] Level 1:colcon.colcon_core.package_identification:_identify(src/amr_description) by extension 'ros'
[0.408s] DEBUG:colcon.colcon_core.package_identification:Package 'src/amr_description' with type 'ros.ament_cmake' and name 'amr_description'
[0.408s] Level 1:colcon.colcon_core.package_identification:_identify(src/amr_navigation) by extensions ['ignore', 'ignore_ament_install']
[0.408s] Level 1:colcon.colcon_core.package_identification:_identify(src/amr_navigation) by extension 'ignore'
[0.408s] Level 1:colcon.colcon_core.package_identification:_identify(src/amr_navigation) by extension 'ignore_ament_install'
[0.409s] Level 1:colcon.colcon_core.package_identification:_identify(src/amr_navigation) by extensions ['colcon_pkg']
[0.409s] Level 1:colcon.colcon_core.package_identification:_identify(src/amr_navigation) by extension 'colcon_pkg'
[0.409s] Level 1:colcon.colcon_core.package_identification:_identify(src/amr_navigation) by extensions ['colcon_meta']
[0.409s] Level 1:colcon.colcon_core.package_identification:_identify(src/amr_navigation) by extension 'colcon_meta'
[0.409s] Level 1:colcon.colcon_core.package_identification:_identify(src/amr_navigation) by extensions ['ros']
[0.409s] Level 1:colcon.colcon_core.package_identification:_identify(src/amr_navigation) by extension 'ros'
[0.410s] DEBUG:colcon.colcon_core.package_identification:Package 'src/amr_navigation' with type 'ros.ament_cmake' and name 'amr_navigation'
[0.410s] Level 1:colcon.colcon_core.package_identification:_identify(tests) by extensions ['ignore', 'ignore_ament_install']
[0.410s] Level 1:colcon.colcon_core.package_identification:_identify(tests) by extension 'ignore'
[0.410s] Level 1:colcon.colcon_core.package_identification:_identify(tests) by extension 'ignore_ament_install'
[0.410s] Level 1:colcon.colcon_core.package_identification:_identify(tests) by extensions ['colcon_pkg']
[0.410s] Level 1:colcon.colcon_core.package_identification:_identify(tests) by extension 'colcon_pkg'
[0.410s] Level 1:colcon.colcon_core.package_identification:_identify(tests) by extensions ['colcon_meta']
[0.410s] Level 1:colcon.colcon_core.package_identification:_identify(tests) by extension 'colcon_meta'
[0.410s] Level 1:colcon.colcon_core.package_identification:_identify(tests) by extensions ['ros']
[0.410s] Level 1:colcon.colcon_core.package_identification:_identify(tests) by extension 'ros'
[0.410s] Level 1:colcon.colcon_core.package_identification:_identify(tests) by extensions ['cmake', 'python']
[0.410s] Level 1:colcon.colcon_core.package_identification:_identify(tests) by extension 'cmake'
[0.410s] Level 1:colcon.colcon_core.package_identification:_identify(tests) by extension 'python'
[0.411s] Level 1:colcon.colcon_core.package_identification:_identify(tests) by extensions ['python_setup_py']
[0.411s] Level 1:colcon.colcon_core.package_identification:_identify(tests) by extension 'python_setup_py'
[0.411s] Level 1:colcon.colcon_core.package_identification:_identify(worlds) by extensions ['ignore', 'ignore_ament_install']
[0.411s] Level 1:colcon.colcon_core.package_identification:_identify(worlds) by extension 'ignore'
[0.411s] Level 1:colcon.colcon_core.package_identification:_identify(worlds) by extension 'ignore_ament_install'
[0.411s] Level 1:colcon.colcon_core.package_identification:_identify(worlds) by extensions ['colcon_pkg']
[0.411s] Level 1:colcon.colcon_core.package_identification:_identify(worlds) by extension 'colcon_pkg'
[0.411s] Level 1:colcon.colcon_core.package_identification:_identify(worlds) by extensions ['colcon_meta']
[0.411s] Level 1:colcon.colcon_core.package_identification:_identify(worlds) by extension 'colcon_meta'
[0.411s] Level 1:colcon.colcon_core.package_identification:_identify(worlds) by extensions ['ros']
[0.411s] Level 1:colcon.colcon_core.package_identification:_identify(worlds) by extension 'ros'
[0.411s] Level 1:colcon.colcon_core.package_identification:_identify(worlds) by extensions ['cmake', 'python']
[0.411s] Level 1:colcon.colcon_core.package_identification:_identify(worlds) by extension 'cmake'
[0.411s] Level 1:colcon.colcon_core.package_identification:_identify(worlds) by extension 'python'
[0.412s] Level 1:colcon.colcon_core.package_identification:_identify(worlds) by extensions ['python_setup_py']
[0.412s] Level 1:colcon.colcon_core.package_identification:_identify(worlds) by extension 'python_setup_py'
[0.412s] Level 1:colcon.colcon_core.package_discovery:discover_packages(recursive) using defaults
[0.412s] Level 1:colcon.colcon_core.package_discovery:discover_packages(ignore) discover
[0.412s] Level 1:colcon.colcon_core.package_discovery:discover_packages(ignore) using defaults
[0.412s] Level 1:colcon.colcon_core.package_discovery:discover_packages(path) discover
[0.412s] Level 1:colcon.colcon_core.package_discovery:discover_packages(path) using defaults
[0.430s] Level 1:colcon.colcon_core.package_discovery:discover_packages(prefix_path) check parameters
[0.430s] Level 1:colcon.colcon_core.package_discovery:discover_packages(prefix_path) discover
[0.431s] DEBUG:colcon.colcon_installed_package_information.package_discovery:Found 4 installed packages in /home/aravind/ros2_logistics_amr/install
[0.432s] DEBUG:colcon.colcon_installed_package_information.package_discovery:Found 389 installed packages in /opt/ros/jazzy
[0.434s] Level 1:colcon.colcon_core.package_discovery:discover_packages(prefix_path) using defaults
[0.475s] Level 5:colcon.colcon_core.verb:set package 'amr_bringup' build argument 'cmake_args' from command line to 'None'
[0.475s] Level 5:colcon.colcon_core.verb:set package 'amr_bringup' build argument 'cmake_target' from command line to 'None'
[0.475s] Level 5:colcon.colcon_core.verb:set package 'amr_bringup' build argument 'cmake_target_skip_unavailable' from command line to 'False'
[0.475s] Level 5:colcon.colcon_core.verb:set package 'amr_bringup' build argument 'cmake_clean_cache' from command line to 'False'
[0.475s] Level 5:colcon.colcon_core.verb:set package 'amr_bringup' build argument 'cmake_clean_first' from command line to 'False'
[0.475s] Level 5:colcon.colcon_core.verb:set package 'amr_bringup' build argument 'cmake_force_configure' from command line to 'False'
[0.475s] Level 5:colcon.colcon_core.verb:set package 'amr_bringup' build argument 'ament_cmake_args' from command line to 'None'
[0.476s] Level 5:colcon.colcon_core.verb:set package 'amr_bringup' build argument 'catkin_cmake_args' from command line to 'None'
[0.476s] Level 5:colcon.colcon_core.verb:set package 'amr_bringup' build argument 'catkin_skip_building_tests' from command line to 'False'
[0.476s] DEBUG:colcon.colcon_core.verb:Building package 'amr_bringup' with the following arguments: {'ament_cmake_args': None, 'build_base': '/home/aravind/ros2_logistics_amr/build/amr_bringup', 'catkin_cmake_args': None, 'catkin_skip_building_tests': False, 'cmake_args': None, 'cmake_clean_cache': False, 'cmake_clean_first': False, 'cmake_force_configure': False, 'cmake_target': None, 'cmake_target_skip_unavailable': False, 'install_base': '/home/aravind/ros2_logistics_amr/install/amr_bringup', 'merge_install': False, 'path': '/home/aravind/ros2_logistics_amr/src/amr_bringup', 'symlink_install': True, 'test_result_base': None}
[0.476s] Level 5:colcon.colcon_core.verb:set package 'amr_controller' build argument 'cmake_args' from command line to 'None'
[0.476s] Level 5:colcon.colcon_core.verb:set package 'amr_controller' build argument 'cmake_target' from command line to 'None'
[0.476s] Level 5:colcon.colcon_core.verb:set package 'amr_controller' build argument 'cmake_target_skip_unavailable' from command line to 'False'
[0.476s] Level 5:colcon.colcon_core.verb:set package 'amr_controller' build argument 'cmake_clean_cache' from command line to 'False'
[0.476s] Level 5:colcon.colcon_core.verb:set package 'amr_controller' build argument 'cmake_clean_first' from command line to 'False'
[0.476s] Level 5:colcon.colcon_core.verb:set package 'amr_controller' build argument 'cmake_force_configure' from command line to 'False'
[0.476s] Level 5:colcon.colcon_core.verb:set package 'amr_controller' build argument 'ament_cmake_args' from command line to 'None'
[0.476s] Level 5:colcon.colcon_core.verb:set package 'amr_controller' build argument 'catkin_cmake_args' from command line to 'None'
[0.476s] Level 5:colcon.colcon_core.verb:set package 'amr_controller' build argument 'catkin_skip_building_tests' from command line to 'False'
[0.476s] DEBUG:colcon.colcon_core.verb:Building package 'amr_controller' with the following arguments: {'ament_cmake_args': None, 'build_base': '/home/aravind/ros2_logistics_amr/build/amr_controller', 'catkin_cmake_args': None, 'catkin_skip_building_tests': False, 'cmake_args': None, 'cmake_clean_cache': False, 'cmake_clean_first': False, 'cmake_force_configure': False, 'cmake_target': None, 'cmake_target_skip_unavailable': False, 'install_base': '/home/aravind/ros2_logistics_amr/install/amr_controller', 'merge_install': False, 'path': '/home/aravind/ros2_logistics_amr/src/amr_controller', 'symlink_install': True, 'test_result_base': None}
[0.476s] Level 5:colcon.colcon_core.verb:set package 'amr_description' build argument 'cmake_args' from command line to 'None'
[0.476s] Level 5:colcon.colcon_core.verb:set package 'amr_description' build argument 'cmake_target' from command line to 'None'
[0.476s] Level 5:colcon.colcon_core.verb:set package 'amr_description' build argument 'cmake_target_skip_unavailable' from command line to 'False'
[0.476s] Level 5:colcon.colcon_core.verb:set package 'amr_description' build argument 'cmake_clean_cache' from command line to 'False'
[0.476s] Level 5:colcon.colcon_core.verb:set package 'amr_description' build argument 'cmake_clean_first' from command line to 'False'
[0.476s] Level 5:colcon.colcon_core.verb:set package 'amr_description' build argument 'cmake_force_configure' from command line to 'False'
[0.476s] Level 5:colcon.colcon_core.verb:set package 'amr_description' build argument 'ament_cmake_args' from command line to 'None'
[0.476s] Level 5:colcon.colcon_core.verb:set package 'amr_description' build argument 'catkin_cmake_args' from command line to 'None'
[0.476s] Level 5:colcon.colcon_core.verb:set package 'amr_description' build argument 'catkin_skip_building_tests' from command line to 'False'
[0.476s] DEBUG:colcon.colcon_core.verb:Building package 'amr_description' with the following arguments: {'ament_cmake_args': None, 'build_base': '/home/aravind/ros2_logistics_amr/build/amr_description', 'catkin_cmake_args': None, 'catkin_skip_building_tests': False, 'cmake_args': None, 'cmake_clean_cache': False, 'cmake_clean_first': False, 'cmake_force_configure': False, 'cmake_target': None, 'cmake_target_skip_unavailable': False, 'install_base': '/home/aravind/ros2_logistics_amr/install/amr_description', 'merge_install': False, 'path': '/home/aravind/ros2_logistics_amr/src/amr_description', 'symlink_install': True, 'test_result_base': None}
[0.476s] Level 5:colcon.colcon_core.verb:set package 'amr_navigation' build argument 'cmake_args' from command line to 'None'
[0.476s] Level 5:colcon.colcon_core.verb:set package 'amr_navigation' build argument 'cmake_target' from command line to 'None'
[0.476s] Level 5:colcon.colcon_core.verb:set package 'amr_navigation' build argument 'cmake_target_skip_unavailable' from command line to 'False'
[0.476s] Level 5:colcon.colcon_core.verb:set package 'amr_navigation' build argument 'cmake_clean_cache' from command line to 'False'
[0.476s] Level 5:colcon.colcon_core.verb:set package 'amr_navigation' build argument 'cmake_clean_first' from command line to 'False'
[0.476s] Level 5:colcon.colcon_core.verb:set package 'amr_navigation' build argument 'cmake_force_configure' from command line to 'False'
[0.476s] Level 5:colcon.colcon_core.verb:set package 'amr_navigation' build argument 'ament_cmake_args' from command line to 'None'
[0.476s] Level 5:colcon.colcon_core.verb:set package 'amr_navigation' build argument 'catkin_cmake_args' from command line to 'None'
[0.476s] Level 5:colcon.colcon_core.verb:set package 'amr_navigation' build argument 'catkin_skip_building_tests' from command line to 'False'
[0.476s] DEBUG:colcon.colcon_core.verb:Building package 'amr_navigation' with the following arguments: {'ament_cmake_args': None, 'build_base': '/home/aravind/ros2_logistics_amr/build/amr_navigation', 'catkin_cmake_args': None, 'catkin_skip_building_tests': False, 'cmake_args': None, 'cmake_clean_cache': False, 'cmake_clean_first': False, 'cmake_force_configure': False, 'cmake_target': None, 'cmake_target_skip_unavailable': False, 'install_base': '/home/aravind/ros2_logistics_amr/install/amr_navigation', 'merge_install': False, 'path': '/home/aravind/ros2_logistics_amr/src/amr_navigation', 'symlink_install': True, 'test_result_base': None}
[0.476s] INFO:colcon.colcon_core.executor:Executing jobs using 'parallel' executor
[0.477s] DEBUG:colcon.colcon_parallel_executor.executor.parallel:run_until_complete
[0.477s] INFO:colcon.colcon_ros.task.ament_cmake.build:Building ROS package in '/home/aravind/ros2_logistics_amr/src/amr_bringup' with build type 'ament_cmake'
[0.477s] INFO:colcon.colcon_cmake.task.cmake.build:Building CMake package in '/home/aravind/ros2_logistics_amr/src/amr_bringup'
[0.479s] INFO:colcon.colcon_core.plugin_system:Skipping extension 'colcon_core.shell.bat': Not used on non-Windows systems
[0.479s] INFO:colcon.colcon_core.shell:Skip shell extension 'powershell' for command environment: Not usable outside of PowerShell
[0.479s] DEBUG:colcon.colcon_core.shell:Skip shell extension 'dsv' for command environment
[0.482s] INFO:colcon.colcon_ros.task.ament_python.build:Building ROS package in '/home/aravind/ros2_logistics_amr/src/amr_controller' with build type 'ament_python'
[0.482s] Level 1:colcon.colcon_core.shell:create_environment_hook('amr_controller', 'ament_prefix_path')
[0.482s] INFO:colcon.colcon_core.shell:Creating environment hook '/home/aravind/ros2_logistics_amr/install/amr_controller/share/amr_controller/hook/ament_prefix_path.ps1'
[0.483s] INFO:colcon.colcon_core.shell:Creating environment descriptor '/home/aravind/ros2_logistics_amr/install/amr_controller/share/amr_controller/hook/ament_prefix_path.dsv'
[0.483s] INFO:colcon.colcon_core.shell:Creating environment hook '/home/aravind/ros2_logistics_amr/install/amr_controller/share/amr_controller/hook/ament_prefix_path.sh'
[0.483s] INFO:colcon.colcon_core.shell:Skip shell extension 'powershell' for command environment: Not usable outside of PowerShell
[0.483s] DEBUG:colcon.colcon_core.shell:Skip shell extension 'dsv' for command environment
[0.486s] INFO:colcon.colcon_ros.task.ament_cmake.build:Building ROS package in '/home/aravind/ros2_logistics_amr/src/amr_description' with build type 'ament_cmake'
[0.486s] INFO:colcon.colcon_cmake.task.cmake.build:Building CMake package in '/home/aravind/ros2_logistics_amr/src/amr_description'
[0.486s] INFO:colcon.colcon_core.shell:Skip shell extension 'powershell' for command environment: Not usable outside of PowerShell
[0.486s] DEBUG:colcon.colcon_core.shell:Skip shell extension 'dsv' for command environment
[0.489s] INFO:colcon.colcon_ros.task.ament_cmake.build:Building ROS package in '/home/aravind/ros2_logistics_amr/src/amr_navigation' with build type 'ament_cmake'
[0.489s] INFO:colcon.colcon_cmake.task.cmake.build:Building CMake package in '/home/aravind/ros2_logistics_amr/src/amr_navigation'
[0.489s] INFO:colcon.colcon_core.shell:Skip shell extension 'powershell' for command environment: Not usable outside of PowerShell
[0.489s] DEBUG:colcon.colcon_core.shell:Skip shell extension 'dsv' for command environment
[0.496s] DEBUG:colcon.colcon_core.event_handler.log_command:Invoking command in '/home/aravind/ros2_logistics_amr/build/amr_bringup': CMAKE_PREFIX_PATH=${CMAKE_PREFIX_PATH}:/home/aravind/ros2_logistics_amr/install/amr_controller:/opt/ros/jazzy /usr/bin/cmake --build /home/aravind/ros2_logistics_amr/build/amr_bringup -- -j16 -l16
[0.657s] INFO:colcon.colcon_core.task.python.build:Building Python package in '/home/aravind/ros2_logistics_amr/src/amr_controller'
[0.657s] INFO:colcon.colcon_core.shell:Skip shell extension 'powershell' for command environment: Not usable outside of PowerShell
[0.657s] DEBUG:colcon.colcon_core.shell:Skip shell extension 'dsv' for command environment
[0.664s] DEBUG:colcon.colcon_core.event_handler.log_command:Invoking command in '/home/aravind/ros2_logistics_amr/build/amr_description': CMAKE_PREFIX_PATH=${CMAKE_PREFIX_PATH}:/home/aravind/ros2_logistics_amr/install/amr_controller:/opt/ros/jazzy /usr/bin/cmake --build /home/aravind/ros2_logistics_amr/build/amr_description -- -j16 -l16
[0.665s] DEBUG:colcon.colcon_core.event_handler.log_command:Invoked command in '/home/aravind/ros2_logistics_amr/build/amr_bringup' returned '0': CMAKE_PREFIX_PATH=${CMAKE_PREFIX_PATH}:/home/aravind/ros2_logistics_amr/install/amr_controller:/opt/ros/jazzy /usr/bin/cmake --build /home/aravind/ros2_logistics_amr/build/amr_bringup -- -j16 -l16
[0.673s] DEBUG:colcon.colcon_core.event_handler.log_command:Invoking command in '/home/aravind/ros2_logistics_amr/build/amr_bringup': CMAKE_PREFIX_PATH=${CMAKE_PREFIX_PATH}:/home/aravind/ros2_logistics_amr/install/amr_controller:/opt/ros/jazzy /usr/bin/cmake --install /home/aravind/ros2_logistics_amr/build/amr_bringup
[0.675s] DEBUG:colcon.colcon_core.event_handler.log_command:Invoking command in '/home/aravind/ros2_logistics_amr/build/amr_navigation': CMAKE_PREFIX_PATH=${CMAKE_PREFIX_PATH}:/home/aravind/ros2_logistics_amr/install/amr_controller:/opt/ros/jazzy /usr/bin/cmake --build /home/aravind/ros2_logistics_amr/build/amr_navigation -- -j16 -l16
[0.693s] Level 1:colcon.colcon_core.environment:create_environment_scripts_only(amr_bringup)
[0.694s] DEBUG:colcon.colcon_core.event_handler.log_command:Invoked command in '/home/aravind/ros2_logistics_amr/build/amr_bringup' returned '0': CMAKE_PREFIX_PATH=${CMAKE_PREFIX_PATH}:/home/aravind/ros2_logistics_amr/install/amr_controller:/opt/ros/jazzy /usr/bin/cmake --install /home/aravind/ros2_logistics_amr/build/amr_bringup
[0.696s] Level 1:colcon.colcon_core.environment:checking '/home/aravind/ros2_logistics_amr/install/amr_bringup' for CMake module files
[0.696s] Level 1:colcon.colcon_core.environment:checking '/home/aravind/ros2_logistics_amr/install/amr_bringup' for CMake config files
[0.696s] Level 1:colcon.colcon_core.shell:create_environment_hook('amr_bringup', 'cmake_prefix_path')
[0.696s] INFO:colcon.colcon_core.shell:Creating environment hook '/home/aravind/ros2_logistics_amr/install/amr_bringup/share/amr_bringup/hook/cmake_prefix_path.ps1'
[0.697s] INFO:colcon.colcon_core.shell:Creating environment descriptor '/home/aravind/ros2_logistics_amr/install/amr_bringup/share/amr_bringup/hook/cmake_prefix_path.dsv'
[0.697s] INFO:colcon.colcon_core.shell:Creating environment hook '/home/aravind/ros2_logistics_amr/install/amr_bringup/share/amr_bringup/hook/cmake_prefix_path.sh'
[0.697s] Level 1:colcon.colcon_core.environment:checking '/home/aravind/ros2_logistics_amr/install/amr_bringup/bin'
[0.697s] Level 1:colcon.colcon_core.environment:checking '/home/aravind/ros2_logistics_amr/install/amr_bringup/lib/pkgconfig/amr_bringup.pc'
[0.698s] Level 1:colcon.colcon_core.environment:checking '/home/aravind/ros2_logistics_amr/install/amr_bringup/lib/python3.12/site-packages'
[0.698s] Level 1:colcon.colcon_core.environment:checking '/home/aravind/ros2_logistics_amr/install/amr_bringup/bin'
[0.698s] INFO:colcon.colcon_core.shell:Creating package script '/home/aravind/ros2_logistics_amr/install/amr_bringup/share/amr_bringup/package.ps1'
[0.698s] INFO:colcon.colcon_core.shell:Creating package descriptor '/home/aravind/ros2_logistics_amr/install/amr_bringup/share/amr_bringup/package.dsv'
[0.699s] INFO:colcon.colcon_core.shell:Creating package script '/home/aravind/ros2_logistics_amr/install/amr_bringup/share/amr_bringup/package.sh'
[0.699s] INFO:colcon.colcon_core.shell:Creating package script '/home/aravind/ros2_logistics_amr/install/amr_bringup/share/amr_bringup/package.bash'
[0.700s] INFO:colcon.colcon_core.shell:Creating package script '/home/aravind/ros2_logistics_amr/install/amr_bringup/share/amr_bringup/package.zsh'
[0.700s] Level 1:colcon.colcon_core.environment:create_file_with_runtime_dependencies(/home/aravind/ros2_logistics_amr/install/amr_bringup/share/colcon-core/packages/amr_bringup)
[0.700s] Level 1:colcon.colcon_core.environment:create_environment_scripts_only(amr_bringup)
[0.700s] Level 1:colcon.colcon_core.environment:checking '/home/aravind/ros2_logistics_amr/install/amr_bringup' for CMake module files
[0.700s] Level 1:colcon.colcon_core.environment:checking '/home/aravind/ros2_logistics_amr/install/amr_bringup' for CMake config files
[0.701s] Level 1:colcon.colcon_core.shell:create_environment_hook('amr_bringup', 'cmake_prefix_path')
[0.701s] INFO:colcon.colcon_core.shell:Creating environment hook '/home/aravind/ros2_logistics_amr/install/amr_bringup/share/amr_bringup/hook/cmake_prefix_path.ps1'
[0.701s] INFO:colcon.colcon_core.shell:Creating environment descriptor '/home/aravind/ros2_logistics_amr/install/amr_bringup/share/amr_bringup/hook/cmake_prefix_path.dsv'
[0.701s] INFO:colcon.colcon_core.shell:Creating environment hook '/home/aravind/ros2_logistics_amr/install/amr_bringup/share/amr_bringup/hook/cmake_prefix_path.sh'
[0.702s] Level 1:colcon.colcon_core.environment:checking '/home/aravind/ros2_logistics_amr/install/amr_bringup/bin'
[0.702s] Level 1:colcon.colcon_core.environment:checking '/home/aravind/ros2_logistics_amr/install/amr_bringup/lib/pkgconfig/amr_bringup.pc'
[0.702s] Level 1:colcon.colcon_core.environment:checking '/home/aravind/ros2_logistics_amr/install/amr_bringup/lib/python3.12/site-packages'
[0.702s] Level 1:colcon.colcon_core.environment:checking '/home/aravind/ros2_logistics_amr/install/amr_bringup/bin'
[0.702s] INFO:colcon.colcon_core.shell:Creating package script '/home/aravind/ros2_logistics_amr/install/amr_bringup/share/amr_bringup/package.ps1'
[0.703s] INFO:colcon.colcon_core.shell:Creating package descriptor '/home/aravind/ros2_logistics_amr/install/amr_bringup/share/amr_bringup/package.dsv'
[0.703s] INFO:colcon.colcon_core.shell:Creating package script '/home/aravind/ros2_logistics_amr/install/amr_bringup/share/amr_bringup/package.sh'
[0.704s] INFO:colcon.colcon_core.shell:Creating package script '/home/aravind/ros2_logistics_amr/install/amr_bringup/share/amr_bringup/package.bash'
[0.704s] INFO:colcon.colcon_core.shell:Creating package script '/home/aravind/ros2_logistics_amr/install/amr_bringup/share/amr_bringup/package.zsh'
[0.704s] Level 1:colcon.colcon_core.environment:create_file_with_runtime_dependencies(/home/aravind/ros2_logistics_amr/install/amr_bringup/share/colcon-core/packages/amr_bringup)
[0.706s] DEBUG:colcon.colcon_core.event_handler.log_command:Invoked command in '/home/aravind/ros2_logistics_amr/build/amr_description' returned '0': CMAKE_PREFIX_PATH=${CMAKE_PREFIX_PATH}:/home/aravind/ros2_logistics_amr/install/amr_controller:/opt/ros/jazzy /usr/bin/cmake --build /home/aravind/ros2_logistics_amr/build/amr_description -- -j16 -l16
[0.707s] DEBUG:colcon.colcon_core.event_handler.log_command:Invoking command in '/home/aravind/ros2_logistics_amr/build/amr_description': CMAKE_PREFIX_PATH=${CMAKE_PREFIX_PATH}:/home/aravind/ros2_logistics_amr/install/amr_controller:/opt/ros/jazzy /usr/bin/cmake --install /home/aravind/ros2_logistics_amr/build/amr_description
[0.711s] DEBUG:colcon.colcon_core.event_handler.log_command:Invoked command in '/home/aravind/ros2_logistics_amr/build/amr_navigation' returned '0': CMAKE_PREFIX_PATH=${CMAKE_PREFIX_PATH}:/home/aravind/ros2_logistics_amr/install/amr_controller:/opt/ros/jazzy /usr/bin/cmake --build /home/aravind/ros2_logistics_amr/build/amr_navigation -- -j16 -l16
[0.712s] DEBUG:colcon.colcon_core.event_handler.log_command:Invoking command in '/home/aravind/ros2_logistics_amr/build/amr_navigation': CMAKE_PREFIX_PATH=${CMAKE_PREFIX_PATH}:/home/aravind/ros2_logistics_amr/install/amr_controller:/opt/ros/jazzy /usr/bin/cmake --install /home/aravind/ros2_logistics_amr/build/amr_navigation
[0.727s] Level 1:colcon.colcon_core.environment:create_environment_scripts_only(amr_description)
[0.727s] Level 1:colcon.colcon_core.environment:checking '/home/aravind/ros2_logistics_amr/install/amr_description' for CMake module files
[0.728s] DEBUG:colcon.colcon_core.event_handler.log_command:Invoked command in '/home/aravind/ros2_logistics_amr/build/amr_description' returned '0': CMAKE_PREFIX_PATH=${CMAKE_PREFIX_PATH}:/home/aravind/ros2_logistics_amr/install/amr_controller:/opt/ros/jazzy /usr/bin/cmake --install /home/aravind/ros2_logistics_amr/build/amr_description
[0.729s] Level 1:colcon.colcon_core.environment:checking '/home/aravind/ros2_logistics_amr/install/amr_description' for CMake config files
[0.729s] Level 1:colcon.colcon_core.shell:create_environment_hook('amr_description', 'cmake_prefix_path')
[0.729s] INFO:colcon.colcon_core.shell:Creating environment hook '/home/aravind/ros2_logistics_amr/install/amr_description/share/amr_description/hook/cmake_prefix_path.ps1'
[0.730s] INFO:colcon.colcon_core.shell:Creating environment descriptor '/home/aravind/ros2_logistics_amr/install/amr_description/share/amr_description/hook/cmake_prefix_path.dsv'
[0.730s] INFO:colcon.colcon_core.shell:Creating environment hook '/home/aravind/ros2_logistics_amr/install/amr_description/share/amr_description/hook/cmake_prefix_path.sh'
[0.730s] Level 1:colcon.colcon_core.environment:checking '/home/aravind/ros2_logistics_amr/install/amr_description/bin'
[0.730s] Level 1:colcon.colcon_core.environment:checking '/home/aravind/ros2_logistics_amr/install/amr_description/lib/pkgconfig/amr_description.pc'
[0.730s] Level 1:colcon.colcon_core.environment:checking '/home/aravind/ros2_logistics_amr/install/amr_description/lib/python3.12/site-packages'
[0.731s] Level 1:colcon.colcon_core.environment:checking '/home/aravind/ros2_logistics_amr/install/amr_description/bin'
[0.731s] INFO:colcon.colcon_core.shell:Creating package script '/home/aravind/ros2_logistics_amr/install/amr_description/share/amr_description/package.ps1'
[0.731s] INFO:colcon.colcon_core.shell:Creating package descriptor '/home/aravind/ros2_logistics_amr/install/amr_description/share/amr_description/package.dsv'
[0.731s] INFO:colcon.colcon_core.shell:Creating package script '/home/aravind/ros2_logistics_amr/install/amr_description/share/amr_description/package.sh'
[0.732s] INFO:colcon.colcon_core.shell:Creating package script '/home/aravind/ros2_logistics_amr/install/amr_description/share/amr_description/package.bash'
[0.732s] INFO:colcon.colcon_core.shell:Creating package script '/home/aravind/ros2_logistics_amr/install/amr_description/share/amr_description/package.zsh'
[0.732s] Level 1:colcon.colcon_core.environment:create_file_with_runtime_dependencies(/home/aravind/ros2_logistics_amr/install/amr_description/share/colcon-core/packages/amr_description)
[0.732s] Level 1:colcon.colcon_core.environment:create_environment_scripts_only(amr_description)
[0.732s] Level 1:colcon.colcon_core.environment:checking '/home/aravind/ros2_logistics_amr/install/amr_description' for CMake module files
[0.733s] Level 1:colcon.colcon_core.environment:checking '/home/aravind/ros2_logistics_amr/install/amr_description' for CMake config files
[0.733s] Level 1:colcon.colcon_core.shell:create_environment_hook('amr_description', 'cmake_prefix_path')
[0.733s] INFO:colcon.colcon_core.shell:Creating environment hook '/home/aravind/ros2_logistics_amr/install/amr_description/share/amr_description/hook/cmake_prefix_path.ps1'
[0.733s] INFO:colcon.colcon_core.shell:Creating environment descriptor '/home/aravind/ros2_logistics_amr/install/amr_description/share/amr_description/hook/cmake_prefix_path.dsv'
[0.733s] INFO:colcon.colcon_core.shell:Creating environment hook '/home/aravind/ros2_logistics_amr/install/amr_description/share/amr_description/hook/cmake_prefix_path.sh'
[0.734s] Level 1:colcon.colcon_core.environment:checking '/home/aravind/ros2_logistics_amr/install/amr_description/bin'
[0.734s] Level 1:colcon.colcon_core.environment:checking '/home/aravind/ros2_logistics_amr/install/amr_description/lib/pkgconfig/amr_description.pc'
[0.734s] Level 1:colcon.colcon_core.environment:checking '/home/aravind/ros2_logistics_amr/install/amr_description/lib/python3.12/site-packages'
[0.734s] Level 1:colcon.colcon_core.environment:checking '/home/aravind/ros2_logistics_amr/install/amr_description/bin'
[0.734s] INFO:colcon.colcon_core.shell:Creating package script '/home/aravind/ros2_logistics_amr/install/amr_description/share/amr_description/package.ps1'
[0.734s] INFO:colcon.colcon_core.shell:Creating package descriptor '/home/aravind/ros2_logistics_amr/install/amr_description/share/amr_description/package.dsv'
[0.735s] INFO:colcon.colcon_core.shell:Creating package script '/home/aravind/ros2_logistics_amr/install/amr_description/share/amr_description/package.sh'
[0.735s] INFO:colcon.colcon_core.shell:Creating package script '/home/aravind/ros2_logistics_amr/install/amr_description/share/amr_description/package.bash'
[0.735s] INFO:colcon.colcon_core.shell:Creating package script '/home/aravind/ros2_logistics_amr/install/amr_description/share/amr_description/package.zsh'
[0.735s] Level 1:colcon.colcon_core.environment:create_file_with_runtime_dependencies(/home/aravind/ros2_logistics_amr/install/amr_description/share/colcon-core/packages/amr_description)
[0.736s] Level 1:colcon.colcon_core.environment:create_environment_scripts_only(amr_navigation)
[0.737s] Level 1:colcon.colcon_core.environment:checking '/home/aravind/ros2_logistics_amr/install/amr_navigation' for CMake module files
[0.737s] DEBUG:colcon.colcon_core.event_handler.log_command:Invoked command in '/home/aravind/ros2_logistics_amr/build/amr_navigation' returned '0': CMAKE_PREFIX_PATH=${CMAKE_PREFIX_PATH}:/home/aravind/ros2_logistics_amr/install/amr_controller:/opt/ros/jazzy /usr/bin/cmake --install /home/aravind/ros2_logistics_amr/build/amr_navigation
[0.738s] Level 1:colcon.colcon_core.environment:checking '/home/aravind/ros2_logistics_amr/install/amr_navigation' for CMake config files
[0.738s] Level 1:colcon.colcon_core.shell:create_environment_hook('amr_navigation', 'cmake_prefix_path')
[0.738s] INFO:colcon.colcon_core.shell:Creating environment hook '/home/aravind/ros2_logistics_amr/install/amr_navigation/share/amr_navigation/hook/cmake_prefix_path.ps1'
[0.738s] INFO:colcon.colcon_core.shell:Creating environment descriptor '/home/aravind/ros2_logistics_amr/install/amr_navigation/share/amr_navigation/hook/cmake_prefix_path.dsv'
[0.738s] INFO:colcon.colcon_core.shell:Creating environment hook '/home/aravind/ros2_logistics_amr/install/amr_navigation/share/amr_navigation/hook/cmake_prefix_path.sh'
[0.739s] Level 1:colcon.colcon_core.environment:checking '/home/aravind/ros2_logistics_amr/install/amr_navigation/bin'
[0.739s] Level 1:colcon.colcon_core.environment:checking '/home/aravind/ros2_logistics_amr/install/amr_navigation/lib/pkgconfig/amr_navigation.pc'
[0.739s] Level 1:colcon.colcon_core.environment:checking '/home/aravind/ros2_logistics_amr/install/amr_navigation/lib/python3.12/site-packages'
[0.739s] Level 1:colcon.colcon_core.environment:checking '/home/aravind/ros2_logistics_amr/install/amr_navigation/bin'
[0.739s] INFO:colcon.colcon_core.shell:Creating package script '/home/aravind/ros2_logistics_amr/install/amr_navigation/share/amr_navigation/package.ps1'
[0.740s] INFO:colcon.colcon_core.shell:Creating package descriptor '/home/aravind/ros2_logistics_amr/install/amr_navigation/share/amr_navigation/package.dsv'
[0.740s] INFO:colcon.colcon_core.shell:Creating package script '/home/aravind/ros2_logistics_amr/install/amr_navigation/share/amr_navigation/package.sh'
[0.740s] INFO:colcon.colcon_core.shell:Creating package script '/home/aravind/ros2_logistics_amr/install/amr_navigation/share/amr_navigation/package.bash'
[0.740s] INFO:colcon.colcon_core.shell:Creating package script '/home/aravind/ros2_logistics_amr/install/amr_navigation/share/amr_navigation/package.zsh'
[0.741s] Level 1:colcon.colcon_core.environment:create_file_with_runtime_dependencies(/home/aravind/ros2_logistics_amr/install/amr_navigation/share/colcon-core/packages/amr_navigation)
[0.741s] Level 1:colcon.colcon_core.environment:create_environment_scripts_only(amr_navigation)
[0.741s] Level 1:colcon.colcon_core.environment:checking '/home/aravind/ros2_logistics_amr/install/amr_navigation' for CMake module files
[0.741s] Level 1:colcon.colcon_core.environment:checking '/home/aravind/ros2_logistics_amr/install/amr_navigation' for CMake config files
[0.741s] Level 1:colcon.colcon_core.shell:create_environment_hook('amr_navigation', 'cmake_prefix_path')
[0.741s] INFO:colcon.colcon_core.shell:Creating environment hook '/home/aravind/ros2_logistics_amr/install/amr_navigation/share/amr_navigation/hook/cmake_prefix_path.ps1'
[0.742s] INFO:colcon.colcon_core.shell:Creating environment descriptor '/home/aravind/ros2_logistics_amr/install/amr_navigation/share/amr_navigation/hook/cmake_prefix_path.dsv'
[0.742s] INFO:colcon.colcon_core.shell:Creating environment hook '/home/aravind/ros2_logistics_amr/install/amr_navigation/share/amr_navigation/hook/cmake_prefix_path.sh'
[0.742s] Level 1:colcon.colcon_core.environment:checking '/home/aravind/ros2_logistics_amr/install/amr_navigation/bin'
[0.742s] Level 1:colcon.colcon_core.environment:checking '/home/aravind/ros2_logistics_amr/install/amr_navigation/lib/pkgconfig/amr_navigation.pc'
[0.742s] Level 1:colcon.colcon_core.environment:checking '/home/aravind/ros2_logistics_amr/install/amr_navigation/lib/python3.12/site-packages'
[0.743s] Level 1:colcon.colcon_core.environment:checking '/home/aravind/ros2_logistics_amr/install/amr_navigation/bin'
[0.743s] INFO:colcon.colcon_core.shell:Creating package script '/home/aravind/ros2_logistics_amr/install/amr_navigation/share/amr_navigation/package.ps1'
[0.743s] INFO:colcon.colcon_core.shell:Creating package descriptor '/home/aravind/ros2_logistics_amr/install/amr_navigation/share/amr_navigation/package.dsv'
[0.743s] INFO:colcon.colcon_core.shell:Creating package script '/home/aravind/ros2_logistics_amr/install/amr_navigation/share/amr_navigation/package.sh'
[0.744s] INFO:colcon.colcon_core.shell:Creating package script '/home/aravind/ros2_logistics_amr/install/amr_navigation/share/amr_navigation/package.bash'
[0.744s] INFO:colcon.colcon_core.shell:Creating package script '/home/aravind/ros2_logistics_amr/install/amr_navigation/share/amr_navigation/package.zsh'
[0.744s] Level 1:colcon.colcon_core.environment:create_file_with_runtime_dependencies(/home/aravind/ros2_logistics_amr/install/amr_navigation/share/colcon-core/packages/amr_navigation)
[1.118s] DEBUG:colcon.colcon_core.event_handler.log_command:Invoking command in '/home/aravind/ros2_logistics_amr/build/amr_controller': PYTHONPATH=/home/aravind/ros2_logistics_amr/build/amr_controller/prefix_override:/usr/lib/python3/dist-packages/colcon_core/task/python/colcon_distutils_commands:/home/aravind/ros2_logistics_amr/install/amr_controller/lib/python3.12/site-packages:${PYTHONPATH} /usr/bin/python3 -W ignore:setup.py install is deprecated -W ignore:easy_install command is deprecated setup.py develop --editable --build-directory /home/aravind/ros2_logistics_amr/build/amr_controller/build --no-deps symlink_data
[1.591s] Level 1:colcon.colcon_core.shell:create_environment_hook('amr_controller', 'pythonpath_develop')
[1.592s] INFO:colcon.colcon_core.shell:Creating environment hook '/home/aravind/ros2_logistics_amr/build/amr_controller/share/amr_controller/hook/pythonpath_develop.ps1'
[1.592s] DEBUG:colcon.colcon_core.event_handler.log_command:Invoked command in '/home/aravind/ros2_logistics_amr/build/amr_controller' returned '0': PYTHONPATH=/home/aravind/ros2_logistics_amr/build/amr_controller/prefix_override:/usr/lib/python3/dist-packages/colcon_core/task/python/colcon_distutils_commands:/home/aravind/ros2_logistics_amr/install/amr_controller/lib/python3.12/site-packages:${PYTHONPATH} /usr/bin/python3 -W ignore:setup.py install is deprecated -W ignore:easy_install command is deprecated setup.py develop --editable --build-directory /home/aravind/ros2_logistics_amr/build/amr_controller/build --no-deps symlink_data
[1.592s] INFO:colcon.colcon_core.shell:Creating environment descriptor '/home/aravind/ros2_logistics_amr/build/amr_controller/share/amr_controller/hook/pythonpath_develop.dsv'
[1.593s] INFO:colcon.colcon_core.shell:Creating environment hook '/home/aravind/ros2_logistics_amr/build/amr_controller/share/amr_controller/hook/pythonpath_develop.sh'
[1.593s] Level 1:colcon.colcon_core.environment:checking '/home/aravind/ros2_logistics_amr/install/amr_controller' for CMake module files
[1.593s] Level 1:colcon.colcon_core.environment:checking '/home/aravind/ros2_logistics_amr/install/amr_controller' for CMake config files
[1.594s] Level 1:colcon.colcon_core.environment:checking '/home/aravind/ros2_logistics_amr/install/amr_controller/lib'
[1.594s] Level 1:colcon.colcon_core.environment:checking '/home/aravind/ros2_logistics_amr/install/amr_controller/bin'
[1.594s] Level 1:colcon.colcon_core.environment:checking '/home/aravind/ros2_logistics_amr/install/amr_controller/lib/pkgconfig/amr_controller.pc'
[1.594s] Level 1:colcon.colcon_core.environment:checking '/home/aravind/ros2_logistics_amr/install/amr_controller/lib/python3.12/site-packages'
[1.594s] Level 1:colcon.colcon_core.shell:create_environment_hook('amr_controller', 'pythonpath')
[1.594s] INFO:colcon.colcon_core.shell:Creating environment hook '/home/aravind/ros2_logistics_amr/install/amr_controller/share/amr_controller/hook/pythonpath.ps1'
[1.594s] INFO:colcon.colcon_core.shell:Creating environment descriptor '/home/aravind/ros2_logistics_amr/install/amr_controller/share/amr_controller/hook/pythonpath.dsv'
[1.595s] INFO:colcon.colcon_core.shell:Creating environment hook '/home/aravind/ros2_logistics_amr/install/amr_controller/share/amr_controller/hook/pythonpath.sh'
[1.595s] Level 1:colcon.colcon_core.environment:checking '/home/aravind/ros2_logistics_amr/install/amr_controller/bin'
[1.595s] Level 1:colcon.colcon_core.environment:create_environment_scripts_only(amr_controller)
[1.595s] INFO:colcon.colcon_core.shell:Creating package script '/home/aravind/ros2_logistics_amr/install/amr_controller/share/amr_controller/package.ps1'
[1.596s] INFO:colcon.colcon_core.shell:Creating package descriptor '/home/aravind/ros2_logistics_amr/install/amr_controller/share/amr_controller/package.dsv'
[1.596s] INFO:colcon.colcon_core.shell:Creating package script '/home/aravind/ros2_logistics_amr/install/amr_controller/share/amr_controller/package.sh'
[1.596s] INFO:colcon.colcon_core.shell:Creating package script '/home/aravind/ros2_logistics_amr/install/amr_controller/share/amr_controller/package.bash'
[1.597s] INFO:colcon.colcon_core.shell:Creating package script '/home/aravind/ros2_logistics_amr/install/amr_controller/share/amr_controller/package.zsh'
[1.597s] Level 1:colcon.colcon_core.environment:create_file_with_runtime_dependencies(/home/aravind/ros2_logistics_amr/install/amr_controller/share/colcon-core/packages/amr_controller)
[1.597s] DEBUG:colcon.colcon_parallel_executor.executor.parallel:closing loop
[1.597s] DEBUG:colcon.colcon_parallel_executor.executor.parallel:loop closed
[1.598s] DEBUG:colcon.colcon_parallel_executor.executor.parallel:run_until_complete finished with '0'
[1.598s] DEBUG:colcon.colcon_core.event_reactor:joining thread
[1.645s] INFO:colcon.colcon_core.plugin_system:Skipping extension 'colcon_notification.desktop_notification.notify_send': Could not find 'notify-send'
[1.645s] INFO:colcon.colcon_core.plugin_system:Skipping extension 'colcon_notification.desktop_notification.terminal_notifier': Not used on non-Darwin systems
[1.645s] INFO:colcon.colcon_core.plugin_system:Skipping extension 'colcon_notification.desktop_notification.win32': Not used on non-Windows systems
[1.645s] INFO:colcon.colcon_notification.desktop_notification:Sending desktop notification using 'notify2'
[1.646s] DEBUG:colcon.colcon_notification.desktop_notification.notify2:Failed to initialize notify2: org.freedesktop.DBus.Error.ServiceUnknown: The name org.freedesktop.Notifications was not provided by any .service files
[1.646s] DEBUG:colcon.colcon_core.event_reactor:joined thread
[1.646s] INFO:colcon.colcon_core.shell:Creating prefix script '/home/aravind/ros2_logistics_amr/install/local_setup.ps1'
[1.647s] INFO:colcon.colcon_core.shell:Creating prefix util module '/home/aravind/ros2_logistics_amr/install/_local_setup_util_ps1.py'
[1.648s] INFO:colcon.colcon_core.shell:Creating prefix chain script '/home/aravind/ros2_logistics_amr/install/setup.ps1'
[1.649s] INFO:colcon.colcon_core.shell:Creating prefix script '/home/aravind/ros2_logistics_amr/install/local_setup.sh'
[1.650s] INFO:colcon.colcon_core.shell:Creating prefix util module '/home/aravind/ros2_logistics_amr/install/_local_setup_util_sh.py'
[1.650s] INFO:colcon.colcon_core.shell:Creating prefix chain script '/home/aravind/ros2_logistics_amr/install/setup.sh'
[1.651s] INFO:colcon.colcon_core.shell:Creating prefix script '/home/aravind/ros2_logistics_amr/install/local_setup.bash'
[1.652s] INFO:colcon.colcon_core.shell:Creating prefix chain script '/home/aravind/ros2_logistics_amr/install/setup.bash'
[1.653s] INFO:colcon.colcon_core.shell:Creating prefix script '/home/aravind/ros2_logistics_amr/install/local_setup.zsh'
[1.654s] INFO:colcon.colcon_core.shell:Creating prefix chain script '/home/aravind/ros2_logistics_amr/install/setup.zsh'
