[0.018s] Invoking command in '/home/aravind/ros2_logistics_amr/build/amr_bringup': CMAKE_PREFIX_PATH=${CMAKE_PREFIX_PATH}:/home/aravind/ros2_logistics_amr/install/amr_controller:/opt/ros/jazzy /usr/bin/cmake --build /home/aravind/ros2_logistics_amr/build/amr_bringup -- -j16 -l16
[0.187s] Invoked command in '/home/aravind/ros2_logistics_amr/build/amr_bringup' returned '0': CMAKE_PREFIX_PATH=${CMAKE_PREFIX_PATH}:/home/aravind/ros2_logistics_amr/install/amr_controller:/opt/ros/jazzy /usr/bin/cmake --build /home/aravind/ros2_logistics_amr/build/amr_bringup -- -j16 -l16
[0.195s] Invoking command in '/home/aravind/ros2_logistics_amr/build/amr_bringup': CMAKE_PREFIX_PATH=${CMAKE_PREFIX_PATH}:/home/aravind/ros2_logistics_amr/install/amr_controller:/opt/ros/jazzy /usr/bin/cmake --install /home/aravind/ros2_logistics_amr/build/amr_bringup
[0.202s] -- Install configuration: ""
[0.202s] -- Execute custom install script
[0.202s] -- Up-to-date symlink: /home/aravind/ros2_logistics_amr/install/amr_bringup/share/amr_bringup/launch/amr_gazebo.launch.py
[0.203s] -- Up-to-date symlink: /home/aravind/ros2_logistics_amr/install/amr_bringup/share/ament_index/resource_index/package_run_dependencies/amr_bringup
[0.203s] -- Up-to-date symlink: /home/aravind/ros2_logistics_amr/install/amr_bringup/share/ament_index/resource_index/parent_prefix_path/amr_bringup
[0.203s] -- Up-to-date symlink: /home/aravind/ros2_logistics_amr/install/amr_bringup/share/amr_bringup/environment/ament_prefix_path.sh
[0.203s] -- Up-to-date symlink: /home/aravind/ros2_logistics_amr/install/amr_bringup/share/amr_bringup/environment/ament_prefix_path.dsv
[0.203s] -- Up-to-date symlink: /home/aravind/ros2_logistics_amr/install/amr_bringup/share/amr_bringup/environment/path.sh
[0.203s] -- Up-to-date symlink: /home/aravind/ros2_logistics_amr/install/amr_bringup/share/amr_bringup/environment/path.dsv
[0.203s] -- Up-to-date symlink: /home/aravind/ros2_logistics_amr/install/amr_bringup/share/amr_bringup/local_setup.bash
[0.204s] -- Up-to-date symlink: /home/aravind/ros2_logistics_amr/install/amr_bringup/share/amr_bringup/local_setup.sh
[0.204s] -- Up-to-date symlink: /home/aravind/ros2_logistics_amr/install/amr_bringup/share/amr_bringup/local_setup.zsh
[0.204s] -- Up-to-date symlink: /home/aravind/ros2_logistics_amr/install/amr_bringup/share/amr_bringup/local_setup.dsv
[0.204s] -- Symlinking: /home/aravind/ros2_logistics_amr/install/amr_bringup/share/amr_bringup/package.dsv
[0.214s] -- Up-to-date symlink: /home/aravind/ros2_logistics_amr/install/amr_bringup/share/ament_index/resource_index/packages/amr_bringup
[0.214s] -- Up-to-date symlink: /home/aravind/ros2_logistics_amr/install/amr_bringup/share/amr_bringup/cmake/amr_bringupConfig.cmake
[0.214s] -- Up-to-date symlink: /home/aravind/ros2_logistics_amr/install/amr_bringup/share/amr_bringup/cmake/amr_bringupConfig-version.cmake
[0.214s] -- Up-to-date symlink: /home/aravind/ros2_logistics_amr/install/amr_bringup/share/amr_bringup/package.xml
[0.216s] Invoked command in '/home/aravind/ros2_logistics_amr/build/amr_bringup' returned '0': CMAKE_PREFIX_PATH=${CMAKE_PREFIX_PATH}:/home/aravind/ros2_logistics_amr/install/amr_controller:/opt/ros/jazzy /usr/bin/cmake --install /home/aravind/ros2_logistics_amr/build/amr_bringup
