[0.258s] DEBUG:colcon:Command line arguments: ['/usr/bin/colcon', 'build', '--symlink-install']
[0.258s] DEBUG:colcon:Parsed command line arguments: Namespace(log_base=None, log_level=None, verb_name='build', build_base='build', install_base='install', merge_install=False, symlink_install=True, test_result_base=None, continue_on_error=False, executor='parallel', parallel_workers=16, event_handlers=None, ignore_user_meta=False, metas=['./colcon.meta'], base_paths=['.'], packages_ignore=None, packages_ignore_regex=None, paths=None, packages_up_to=None, packages_up_to_regex=None, packages_above=None, packages_above_and_dependencies=None, packages_above_depth=None, packages_select_by_dep=None, packages_skip_by_dep=None, packages_skip_up_to=None, packages_select_build_failed=False, packages_skip_build_finished=False, packages_select_test_failures=False, packages_skip_test_passed=False, packages_select=None, packages_skip=None, packages_select_regex=None, packages_skip_regex=None, packages_start=None, packages_end=None, allow_overriding=[], cmake_args=None, cmake_target=None, cmake_target_skip_unavailable=False, cmake_clean_cache=False, cmake_clean_first=False, cmake_force_configure=False, ament_cmake_args=None, catkin_cmake_args=None, catkin_skip_building_tests=False, mixin_files=None, mixin=None, verb_parser=<colcon_mixin.mixin.mixin_argument.MixinArgumentDecorator object at 0x7b38ab2ff200>, verb_extension=<colcon_core.verb.build.BuildVerb object at 0x7b38abeffb30>, main=<bound method BuildVerb.main of <colcon_core.verb.build.BuildVerb object at 0x7b38abeffb30>>, mixin_verb=('build',))
[0.301s] Level 1:colcon.colcon_core.package_discovery:discover_packages(colcon_meta) check parameters
[0.301s] Level 1:colcon.colcon_core.package_discovery:discover_packages(recursive) check parameters
[0.301s] Level 1:colcon.colcon_core.package_discovery:discover_packages(ignore) check parameters
[0.301s] Level 1:colcon.colcon_core.package_discovery:discover_packages(path) check parameters
[0.301s] Level 1:colcon.colcon_core.package_discovery:discover_packages(colcon_meta) discover
[0.302s] Level 1:colcon.colcon_core.package_discovery:discover_packages(recursive) discover
[0.302s] INFO:colcon.colcon_core.package_discovery:Crawling recursively for packages in '/home/aravind/ros2_logistics_amr'
[0.302s] Level 1:colcon.colcon_core.package_identification:_identify(.) by extensions ['ignore', 'ignore_ament_install']
[0.302s] Level 1:colcon.colcon_core.package_identification:_identify(.) by extension 'ignore'
[0.302s] Level 1:colcon.colcon_core.package_identification:_identify(.) by extension 'ignore_ament_install'
[0.302s] Level 1:colcon.colcon_core.package_identification:_identify(.) by extensions ['colcon_pkg']
[0.302s] Level 1:colcon.colcon_core.package_identification:_identify(.) by extension 'colcon_pkg'
[0.302s] Level 1:colcon.colcon_core.package_identification:_identify(.) by extensions ['colcon_meta']
[0.302s] Level 1:colcon.colcon_core.package_identification:_identify(.) by extension 'colcon_meta'
[0.302s] Level 1:colcon.colcon_core.package_identification:_identify(.) by extensions ['ros']
[0.302s] Level 1:colcon.colcon_core.package_identification:_identify(.) by extension 'ros'
[0.332s] Level 1:colcon.colcon_core.package_identification:_identify(.) by extensions ['cmake', 'python']
[0.332s] Level 1:colcon.colcon_core.package_identification:_identify(.) by extension 'cmake'
[0.332s] Level 1:colcon.colcon_core.package_identification:_identify(.) by extension 'python'
[0.332s] Level 1:colcon.colcon_core.package_identification:_identify(.) by extensions ['python_setup_py']
[0.332s] Level 1:colcon.colcon_core.package_identification:_identify(.) by extension 'python_setup_py'
[0.332s] Level 1:colcon.colcon_core.package_identification:_identify(build) by extensions ['ignore', 'ignore_ament_install']
[0.333s] Level 1:colcon.colcon_core.package_identification:_identify(build) by extension 'ignore'
[0.333s] Level 1:colcon.colcon_core.package_identification:_identify(build) ignored
[0.333s] Level 1:colcon.colcon_core.package_identification:_identify(docker) by extensions ['ignore', 'ignore_ament_install']
[0.333s] Level 1:colcon.colcon_core.package_identification:_identify(docker) by extension 'ignore'
[0.333s] Level 1:colcon.colcon_core.package_identification:_identify(docker) by extension 'ignore_ament_install'
[0.333s] Level 1:colcon.colcon_core.package_identification:_identify(docker) by extensions ['colcon_pkg']
[0.333s] Level 1:colcon.colcon_core.package_identification:_identify(docker) by extension 'colcon_pkg'
[0.333s] Level 1:colcon.colcon_core.package_identification:_identify(docker) by extensions ['colcon_meta']
[0.333s] Level 1:colcon.colcon_core.package_identification:_identify(docker) by extension 'colcon_meta'
[0.333s] Level 1:colcon.colcon_core.package_identification:_identify(docker) by extensions ['ros']
[0.333s] Level 1:colcon.colcon_core.package_identification:_identify(docker) by extension 'ros'
[0.333s] Level 1:colcon.colcon_core.package_identification:_identify(docker) by extensions ['cmake', 'python']
[0.333s] Level 1:colcon.colcon_core.package_identification:_identify(docker) by extension 'cmake'
[0.333s] Level 1:colcon.colcon_core.package_identification:_identify(docker) by extension 'python'
[0.333s] Level 1:colcon.colcon_core.package_identification:_identify(docker) by extensions ['python_setup_py']
[0.333s] Level 1:colcon.colcon_core.package_identification:_identify(docker) by extension 'python_setup_py'
[0.333s] Level 1:colcon.colcon_core.package_identification:_identify(install) by extensions ['ignore', 'ignore_ament_install']
[0.333s] Level 1:colcon.colcon_core.package_identification:_identify(install) by extension 'ignore'
[0.334s] Level 1:colcon.colcon_core.package_identification:_identify(install) ignored
[0.334s] Level 1:colcon.colcon_core.package_identification:_identify(log) by extensions ['ignore', 'ignore_ament_install']
[0.334s] Level 1:colcon.colcon_core.package_identification:_identify(log) by extension 'ignore'
[0.334s] Level 1:colcon.colcon_core.package_identification:_identify(log) ignored
[0.334s] Level 1:colcon.colcon_core.package_identification:_identify(src) by extensions ['ignore', 'ignore_ament_install']
[0.334s] Level 1:colcon.colcon_core.package_identification:_identify(src) by extension 'ignore'
[0.334s] Level 1:colcon.colcon_core.package_identification:_identify(src) by extension 'ignore_ament_install'
[0.334s] Level 1:colcon.colcon_core.package_identification:_identify(src) by extensions ['colcon_pkg']
[0.334s] Level 1:colcon.colcon_core.package_identification:_identify(src) by extension 'colcon_pkg'
[0.334s] Level 1:colcon.colcon_core.package_identification:_identify(src) by extensions ['colcon_meta']
[0.334s] Level 1:colcon.colcon_core.package_identification:_identify(src) by extension 'colcon_meta'
[0.334s] Level 1:colcon.colcon_core.package_identification:_identify(src) by extensions ['ros']
[0.334s] Level 1:colcon.colcon_core.package_identification:_identify(src) by extension 'ros'
[0.334s] Level 1:colcon.colcon_core.package_identification:_identify(src) by extensions ['cmake', 'python']
[0.334s] Level 1:colcon.colcon_core.package_identification:_identify(src) by extension 'cmake'
[0.334s] Level 1:colcon.colcon_core.package_identification:_identify(src) by extension 'python'
[0.334s] Level 1:colcon.colcon_core.package_identification:_identify(src) by extensions ['python_setup_py']
[0.334s] Level 1:colcon.colcon_core.package_identification:_identify(src) by extension 'python_setup_py'
[0.334s] Level 1:colcon.colcon_core.package_identification:_identify(src/amr_bringup) by extensions ['ignore', 'ignore_ament_install']
[0.334s] Level 1:colcon.colcon_core.package_identification:_identify(src/amr_bringup) by extension 'ignore'
[0.335s] Level 1:colcon.colcon_core.package_identification:_identify(src/amr_bringup) by extension 'ignore_ament_install'
[0.335s] Level 1:colcon.colcon_core.package_identification:_identify(src/amr_bringup) by extensions ['colcon_pkg']
[0.335s] Level 1:colcon.colcon_core.package_identification:_identify(src/amr_bringup) by extension 'colcon_pkg'
[0.335s] Level 1:colcon.colcon_core.package_identification:_identify(src/amr_bringup) by extensions ['colcon_meta']
[0.335s] Level 1:colcon.colcon_core.package_identification:_identify(src/amr_bringup) by extension 'colcon_meta'
[0.335s] Level 1:colcon.colcon_core.package_identification:_identify(src/amr_bringup) by extensions ['ros']
[0.335s] Level 1:colcon.colcon_core.package_identification:_identify(src/amr_bringup) by extension 'ros'
[0.338s] DEBUG:colcon.colcon_core.package_identification:Package 'src/amr_bringup' with type 'ros.ament_cmake' and name 'amr_bringup'
[0.338s] Level 1:colcon.colcon_core.package_identification:_identify(src/amr_controller) by extensions ['ignore', 'ignore_ament_install']
[0.338s] Level 1:colcon.colcon_core.package_identification:_identify(src/amr_controller) by extension 'ignore'
[0.338s] Level 1:colcon.colcon_core.package_identification:_identify(src/amr_controller) by extension 'ignore_ament_install'
[0.338s] Level 1:colcon.colcon_core.package_identification:_identify(src/amr_controller) by extensions ['colcon_pkg']
[0.338s] Level 1:colcon.colcon_core.package_identification:_identify(src/amr_controller) by extension 'colcon_pkg'
[0.338s] Level 1:colcon.colcon_core.package_identification:_identify(src/amr_controller) by extensions ['colcon_meta']
[0.338s] Level 1:colcon.colcon_core.package_identification:_identify(src/amr_controller) by extension 'colcon_meta'
[0.338s] Level 1:colcon.colcon_core.package_identification:_identify(src/amr_controller) by extensions ['ros']
[0.338s] Level 1:colcon.colcon_core.package_identification:_identify(src/amr_controller) by extension 'ros'
[0.339s] DEBUG:colcon.colcon_core.package_identification:Package 'src/amr_controller' with type 'ros.ament_python' and name 'amr_controller'
[0.339s] Level 1:colcon.colcon_core.package_identification:_identify(src/amr_description) by extensions ['ignore', 'ignore_ament_install']
[0.339s] Level 1:colcon.colcon_core.package_identification:_identify(src/amr_description) by extension 'ignore'
[0.339s] Level 1:colcon.colcon_core.package_identification:_identify(src/amr_description) by extension 'ignore_ament_install'
[0.339s] Level 1:colcon.colcon_core.package_identification:_identify(src/amr_description) by extensions ['colcon_pkg']
[0.339s] Level 1:colcon.colcon_core.package_identification:_identify(src/amr_description) by extension 'colcon_pkg'
[0.339s] Level 1:colcon.colcon_core.package_identification:_identify(src/amr_description) by extensions ['colcon_meta']
[0.339s] Level 1:colcon.colcon_core.package_identification:_identify(src/amr_description) by extension 'colcon_meta'
[0.339s] Level 1:colcon.colcon_core.package_identification:_identify(src/amr_description) by extensions ['ros']
[0.339s] Level 1:colcon.colcon_core.package_identification:_identify(src/amr_description) by extension 'ros'
[0.340s] DEBUG:colcon.colcon_core.package_identification:Package 'src/amr_description' with type 'ros.ament_cmake' and name 'amr_description'
[0.340s] Level 1:colcon.colcon_core.package_identification:_identify(src/amr_navigation) by extensions ['ignore', 'ignore_ament_install']
[0.340s] Level 1:colcon.colcon_core.package_identification:_identify(src/amr_navigation) by extension 'ignore'
[0.340s] Level 1:colcon.colcon_core.package_identification:_identify(src/amr_navigation) by extension 'ignore_ament_install'
[0.340s] Level 1:colcon.colcon_core.package_identification:_identify(src/amr_navigation) by extensions ['colcon_pkg']
[0.340s] Level 1:colcon.colcon_core.package_identification:_identify(src/amr_navigation) by extension 'colcon_pkg'
[0.340s] Level 1:colcon.colcon_core.package_identification:_identify(src/amr_navigation) by extensions ['colcon_meta']
[0.340s] Level 1:colcon.colcon_core.package_identification:_identify(src/amr_navigation) by extension 'colcon_meta'
[0.340s] Level 1:colcon.colcon_core.package_identification:_identify(src/amr_navigation) by extensions ['ros']
[0.340s] Level 1:colcon.colcon_core.package_identification:_identify(src/amr_navigation) by extension 'ros'
[0.341s] DEBUG:colcon.colcon_core.package_identification:Package 'src/amr_navigation' with type 'ros.ament_cmake' and name 'amr_navigation'
[0.341s] Level 1:colcon.colcon_core.package_identification:_identify(tests) by extensions ['ignore', 'ignore_ament_install']
[0.341s] Level 1:colcon.colcon_core.package_identification:_identify(tests) by extension 'ignore'
[0.341s] Level 1:colcon.colcon_core.package_identification:_identify(tests) by extension 'ignore_ament_install'
[0.341s] Level 1:colcon.colcon_core.package_identification:_identify(tests) by extensions ['colcon_pkg']
[0.341s] Level 1:colcon.colcon_core.package_identification:_identify(tests) by extension 'colcon_pkg'
[0.341s] Level 1:colcon.colcon_core.package_identification:_identify(tests) by extensions ['colcon_meta']
[0.341s] Level 1:colcon.colcon_core.package_identification:_identify(tests) by extension 'colcon_meta'
[0.341s] Level 1:colcon.colcon_core.package_identification:_identify(tests) by extensions ['ros']
[0.341s] Level 1:colcon.colcon_core.package_identification:_identify(tests) by extension 'ros'
[0.341s] Level 1:colcon.colcon_core.package_identification:_identify(tests) by extensions ['cmake', 'python']
[0.341s] Level 1:colcon.colcon_core.package_identification:_identify(tests) by extension 'cmake'
[0.341s] Level 1:colcon.colcon_core.package_identification:_identify(tests) by extension 'python'
[0.341s] Level 1:colcon.colcon_core.package_identification:_identify(tests) by extensions ['python_setup_py']
[0.341s] Level 1:colcon.colcon_core.package_identification:_identify(tests) by extension 'python_setup_py'
[0.342s] Level 1:colcon.colcon_core.package_identification:_identify(worlds) by extensions ['ignore', 'ignore_ament_install']
[0.342s] Level 1:colcon.colcon_core.package_identification:_identify(worlds) by extension 'ignore'
[0.342s] Level 1:colcon.colcon_core.package_identification:_identify(worlds) by extension 'ignore_ament_install'
[0.342s] Level 1:colcon.colcon_core.package_identification:_identify(worlds) by extensions ['colcon_pkg']
[0.342s] Level 1:colcon.colcon_core.package_identification:_identify(worlds) by extension 'colcon_pkg'
[0.342s] Level 1:colcon.colcon_core.package_identification:_identify(worlds) by extensions ['colcon_meta']
[0.342s] Level 1:colcon.colcon_core.package_identification:_identify(worlds) by extension 'colcon_meta'
[0.342s] Level 1:colcon.colcon_core.package_identification:_identify(worlds) by extensions ['ros']
[0.342s] Level 1:colcon.colcon_core.package_identification:_identify(worlds) by extension 'ros'
[0.342s] Level 1:colcon.colcon_core.package_identification:_identify(worlds) by extensions ['cmake', 'python']
[0.342s] Level 1:colcon.colcon_core.package_identification:_identify(worlds) by extension 'cmake'
[0.342s] Level 1:colcon.colcon_core.package_identification:_identify(worlds) by extension 'python'
[0.342s] Level 1:colcon.colcon_core.package_identification:_identify(worlds) by extensions ['python_setup_py']
[0.342s] Level 1:colcon.colcon_core.package_identification:_identify(worlds) by extension 'python_setup_py'
[0.342s] Level 1:colcon.colcon_core.package_discovery:discover_packages(recursive) using defaults
[0.342s] Level 1:colcon.colcon_core.package_discovery:discover_packages(ignore) discover
[0.342s] Level 1:colcon.colcon_core.package_discovery:discover_packages(ignore) using defaults
[0.342s] Level 1:colcon.colcon_core.package_discovery:discover_packages(path) discover
[0.342s] Level 1:colcon.colcon_core.package_discovery:discover_packages(path) using defaults
[0.363s] Level 1:colcon.colcon_core.package_discovery:discover_packages(prefix_path) check parameters
[0.363s] Level 1:colcon.colcon_core.package_discovery:discover_packages(prefix_path) discover
[0.365s] DEBUG:colcon.colcon_installed_package_information.package_discovery:Found 4 installed packages in /home/aravind/ros2_logistics_amr/install
[0.367s] DEBUG:colcon.colcon_installed_package_information.package_discovery:Found 389 installed packages in /opt/ros/jazzy
[0.369s] Level 1:colcon.colcon_core.package_discovery:discover_packages(prefix_path) using defaults
[0.418s] Level 5:colcon.colcon_core.verb:set package 'amr_bringup' build argument 'cmake_args' from command line to 'None'
[0.418s] Level 5:colcon.colcon_core.verb:set package 'amr_bringup' build argument 'cmake_target' from command line to 'None'
[0.418s] Level 5:colcon.colcon_core.verb:set package 'amr_bringup' build argument 'cmake_target_skip_unavailable' from command line to 'False'
[0.418s] Level 5:colcon.colcon_core.verb:set package 'amr_bringup' build argument 'cmake_clean_cache' from command line to 'False'
[0.418s] Level 5:colcon.colcon_core.verb:set package 'amr_bringup' build argument 'cmake_clean_first' from command line to 'False'
[0.418s] Level 5:colcon.colcon_core.verb:set package 'amr_bringup' build argument 'cmake_force_configure' from command line to 'False'
[0.418s] Level 5:colcon.colcon_core.verb:set package 'amr_bringup' build argument 'ament_cmake_args' from command line to 'None'
[0.418s] Level 5:colcon.colcon_core.verb:set package 'amr_bringup' build argument 'catkin_cmake_args' from command line to 'None'
[0.418s] Level 5:colcon.colcon_core.verb:set package 'amr_bringup' build argument 'catkin_skip_building_tests' from command line to 'False'
[0.418s] DEBUG:colcon.colcon_core.verb:Building package 'amr_bringup' with the following arguments: {'ament_cmake_args': None, 'build_base': '/home/aravind/ros2_logistics_amr/build/amr_bringup', 'catkin_cmake_args': None, 'catkin_skip_building_tests': False, 'cmake_args': None, 'cmake_clean_cache': False, 'cmake_clean_first': False, 'cmake_force_configure': False, 'cmake_target': None, 'cmake_target_skip_unavailable': False, 'install_base': '/home/aravind/ros2_logistics_amr/install/amr_bringup', 'merge_install': False, 'path': '/home/aravind/ros2_logistics_amr/src/amr_bringup', 'symlink_install': True, 'test_result_base': None}
[0.419s] Level 5:colcon.colcon_core.verb:set package 'amr_controller' build argument 'cmake_args' from command line to 'None'
[0.419s] Level 5:colcon.colcon_core.verb:set package 'amr_controller' build argument 'cmake_target' from command line to 'None'
[0.419s] Level 5:colcon.colcon_core.verb:set package 'amr_controller' build argument 'cmake_target_skip_unavailable' from command line to 'False'
[0.419s] Level 5:colcon.colcon_core.verb:set package 'amr_controller' build argument 'cmake_clean_cache' from command line to 'False'
[0.419s] Level 5:colcon.colcon_core.verb:set package 'amr_controller' build argument 'cmake_clean_first' from command line to 'False'
[0.419s] Level 5:colcon.colcon_core.verb:set package 'amr_controller' build argument 'cmake_force_configure' from command line to 'False'
[0.419s] Level 5:colcon.colcon_core.verb:set package 'amr_controller' build argument 'ament_cmake_args' from command line to 'None'
[0.419s] Level 5:colcon.colcon_core.verb:set package 'amr_controller' build argument 'catkin_cmake_args' from command line to 'None'
[0.419s] Level 5:colcon.colcon_core.verb:set package 'amr_controller' build argument 'catkin_skip_building_tests' from command line to 'False'
[0.419s] DEBUG:colcon.colcon_core.verb:Building package 'amr_controller' with the following arguments: {'ament_cmake_args': None, 'build_base': '/home/aravind/ros2_logistics_amr/build/amr_controller', 'catkin_cmake_args': None, 'catkin_skip_building_tests': False, 'cmake_args': None, 'cmake_clean_cache': False, 'cmake_clean_first': False, 'cmake_force_configure': False, 'cmake_target': None, 'cmake_target_skip_unavailable': False, 'install_base': '/home/aravind/ros2_logistics_amr/install/amr_controller', 'merge_install': False, 'path': '/home/aravind/ros2_logistics_amr/src/amr_controller', 'symlink_install': True, 'test_result_base': None}
[0.419s] Level 5:colcon.colcon_core.verb:set package 'amr_description' build argument 'cmake_args' from command line to 'None'
[0.419s] Level 5:colcon.colcon_core.verb:set package 'amr_description' build argument 'cmake_target' from command line to 'None'
[0.419s] Level 5:colcon.colcon_core.verb:set package 'amr_description' build argument 'cmake_target_skip_unavailable' from command line to 'False'
[0.419s] Level 5:colcon.colcon_core.verb:set package 'amr_description' build argument 'cmake_clean_cache' from command line to 'False'
[0.419s] Level 5:colcon.colcon_core.verb:set package 'amr_description' build argument 'cmake_clean_first' from command line to 'False'
[0.419s] Level 5:colcon.colcon_core.verb:set package 'amr_description' build argument 'cmake_force_configure' from command line to 'False'
[0.419s] Level 5:colcon.colcon_core.verb:set package 'amr_description' build argument 'ament_cmake_args' from command line to 'None'
[0.419s] Level 5:colcon.colcon_core.verb:set package 'amr_description' build argument 'catkin_cmake_args' from command line to 'None'
[0.419s] Level 5:colcon.colcon_core.verb:set package 'amr_description' build argument 'catkin_skip_building_tests' from command line to 'False'
[0.419s] DEBUG:colcon.colcon_core.verb:Building package 'amr_description' with the following arguments: {'ament_cmake_args': None, 'build_base': '/home/aravind/ros2_logistics_amr/build/amr_description', 'catkin_cmake_args': None, 'catkin_skip_building_tests': False, 'cmake_args': None, 'cmake_clean_cache': False, 'cmake_clean_first': False, 'cmake_force_configure': False, 'cmake_target': None, 'cmake_target_skip_unavailable': False, 'install_base': '/home/aravind/ros2_logistics_amr/install/amr_description', 'merge_install': False, 'path': '/home/aravind/ros2_logistics_amr/src/amr_description', 'symlink_install': True, 'test_result_base': None}
[0.419s] Level 5:colcon.colcon_core.verb:set package 'amr_navigation' build argument 'cmake_args' from command line to 'None'
[0.419s] Level 5:colcon.colcon_core.verb:set package 'amr_navigation' build argument 'cmake_target' from command line to 'None'
[0.419s] Level 5:colcon.colcon_core.verb:set package 'amr_navigation' build argument 'cmake_target_skip_unavailable' from command line to 'False'
[0.419s] Level 5:colcon.colcon_core.verb:set package 'amr_navigation' build argument 'cmake_clean_cache' from command line to 'False'
[0.419s] Level 5:colcon.colcon_core.verb:set package 'amr_navigation' build argument 'cmake_clean_first' from command line to 'False'
[0.419s] Level 5:colcon.colcon_core.verb:set package 'amr_navigation' build argument 'cmake_force_configure' from command line to 'False'
[0.419s] Level 5:colcon.colcon_core.verb:set package 'amr_navigation' build argument 'ament_cmake_args' from command line to 'None'
[0.419s] Level 5:colcon.colcon_core.verb:set package 'amr_navigation' build argument 'catkin_cmake_args' from command line to 'None'
[0.419s] Level 5:colcon.colcon_core.verb:set package 'amr_navigation' build argument 'catkin_skip_building_tests' from command line to 'False'
[0.419s] DEBUG:colcon.colcon_core.verb:Building package 'amr_navigation' with the following arguments: {'ament_cmake_args': None, 'build_base': '/home/aravind/ros2_logistics_amr/build/amr_navigation', 'catkin_cmake_args': None, 'catkin_skip_building_tests': False, 'cmake_args': None, 'cmake_clean_cache': False, 'cmake_clean_first': False, 'cmake_force_configure': False, 'cmake_target': None, 'cmake_target_skip_unavailable': False, 'install_base': '/home/aravind/ros2_logistics_amr/install/amr_navigation', 'merge_install': False, 'path': '/home/aravind/ros2_logistics_amr/src/amr_navigation', 'symlink_install': True, 'test_result_base': None}
[0.419s] INFO:colcon.colcon_core.executor:Executing jobs using 'parallel' executor
[0.421s] DEBUG:colcon.colcon_parallel_executor.executor.parallel:run_until_complete
[0.421s] INFO:colcon.colcon_ros.task.ament_cmake.build:Building ROS package in '/home/aravind/ros2_logistics_amr/src/amr_bringup' with build type 'ament_cmake'
[0.421s] INFO:colcon.colcon_cmake.task.cmake.build:Building CMake package in '/home/aravind/ros2_logistics_amr/src/amr_bringup'
[0.424s] INFO:colcon.colcon_core.plugin_system:Skipping extension 'colcon_core.shell.bat': Not used on non-Windows systems
[0.424s] INFO:colcon.colcon_core.shell:Skip shell extension 'powershell' for command environment: Not usable outside of PowerShell
[0.425s] DEBUG:colcon.colcon_core.shell:Skip shell extension 'dsv' for command environment
[0.429s] INFO:colcon.colcon_ros.task.ament_python.build:Building ROS package in '/home/aravind/ros2_logistics_amr/src/amr_controller' with build type 'ament_python'
[0.429s] Level 1:colcon.colcon_core.shell:create_environment_hook('amr_controller', 'ament_prefix_path')
[0.429s] INFO:colcon.colcon_core.shell:Creating environment hook '/home/aravind/ros2_logistics_amr/install/amr_controller/share/amr_controller/hook/ament_prefix_path.ps1'
[0.431s] INFO:colcon.colcon_core.shell:Creating environment descriptor '/home/aravind/ros2_logistics_amr/install/amr_controller/share/amr_controller/hook/ament_prefix_path.dsv'
[0.431s] INFO:colcon.colcon_core.shell:Creating environment hook '/home/aravind/ros2_logistics_amr/install/amr_controller/share/amr_controller/hook/ament_prefix_path.sh'
[0.432s] INFO:colcon.colcon_core.shell:Skip shell extension 'powershell' for command environment: Not usable outside of PowerShell
[0.432s] DEBUG:colcon.colcon_core.shell:Skip shell extension 'dsv' for command environment
[0.437s] INFO:colcon.colcon_ros.task.ament_cmake.build:Building ROS package in '/home/aravind/ros2_logistics_amr/src/amr_description' with build type 'ament_cmake'
[0.437s] INFO:colcon.colcon_cmake.task.cmake.build:Building CMake package in '/home/aravind/ros2_logistics_amr/src/amr_description'
[0.437s] INFO:colcon.colcon_core.shell:Skip shell extension 'powershell' for command environment: Not usable outside of PowerShell
[0.437s] DEBUG:colcon.colcon_core.shell:Skip shell extension 'dsv' for command environment
[0.442s] INFO:colcon.colcon_ros.task.ament_cmake.build:Building ROS package in '/home/aravind/ros2_logistics_amr/src/amr_navigation' with build type 'ament_cmake'
[0.442s] INFO:colcon.colcon_cmake.task.cmake.build:Building CMake package in '/home/aravind/ros2_logistics_amr/src/amr_navigation'
[0.442s] INFO:colcon.colcon_core.shell:Skip shell extension 'powershell' for command environment: Not usable outside of PowerShell
[0.442s] DEBUG:colcon.colcon_core.shell:Skip shell extension 'dsv' for command environment
[0.456s] DEBUG:colcon.colcon_core.event_handler.log_command:Invoking command in '/home/aravind/ros2_logistics_amr/build/amr_bringup': CMAKE_PREFIX_PATH=${CMAKE_PREFIX_PATH}:/home/aravind/ros2_logistics_amr/install/amr_controller:/opt/ros/jazzy /usr/bin/cmake --build /home/aravind/ros2_logistics_amr/build/amr_bringup -- -j16 -l16
[0.717s] INFO:colcon.colcon_core.task.python.build:Building Python package in '/home/aravind/ros2_logistics_amr/src/amr_controller'
[0.717s] INFO:colcon.colcon_core.shell:Skip shell extension 'powershell' for command environment: Not usable outside of PowerShell
[0.717s] DEBUG:colcon.colcon_core.shell:Skip shell extension 'dsv' for command environment
[0.730s] DEBUG:colcon.colcon_core.event_handler.log_command:Invoking command in '/home/aravind/ros2_logistics_amr/build/amr_description': CMAKE_PREFIX_PATH=${CMAKE_PREFIX_PATH}:/home/aravind/ros2_logistics_amr/install/amr_controller:/opt/ros/jazzy /usr/bin/cmake --build /home/aravind/ros2_logistics_amr/build/amr_description -- -j16 -l16
[0.732s] DEBUG:colcon.colcon_core.event_handler.log_command:Invoked command in '/home/aravind/ros2_logistics_amr/build/amr_bringup' returned '0': CMAKE_PREFIX_PATH=${CMAKE_PREFIX_PATH}:/home/aravind/ros2_logistics_amr/install/amr_controller:/opt/ros/jazzy /usr/bin/cmake --build /home/aravind/ros2_logistics_amr/build/amr_bringup -- -j16 -l16
[0.747s] DEBUG:colcon.colcon_core.event_handler.log_command:Invoking command in '/home/aravind/ros2_logistics_amr/build/amr_bringup': CMAKE_PREFIX_PATH=${CMAKE_PREFIX_PATH}:/home/aravind/ros2_logistics_amr/install/amr_controller:/opt/ros/jazzy /usr/bin/cmake --install /home/aravind/ros2_logistics_amr/build/amr_bringup
[0.754s] DEBUG:colcon.colcon_core.event_handler.log_command:Invoking command in '/home/aravind/ros2_logistics_amr/build/amr_navigation': CMAKE_PREFIX_PATH=${CMAKE_PREFIX_PATH}:/home/aravind/ros2_logistics_amr/install/amr_controller:/opt/ros/jazzy /usr/bin/cmake --build /home/aravind/ros2_logistics_amr/build/amr_navigation -- -j16 -l16
[0.774s] DEBUG:colcon.colcon_core.event_handler.log_command:Invoked command in '/home/aravind/ros2_logistics_amr/build/amr_description' returned '0': CMAKE_PREFIX_PATH=${CMAKE_PREFIX_PATH}:/home/aravind/ros2_logistics_amr/install/amr_controller:/opt/ros/jazzy /usr/bin/cmake --build /home/aravind/ros2_logistics_amr/build/amr_description -- -j16 -l16
[0.776s] DEBUG:colcon.colcon_core.event_handler.log_command:Invoking command in '/home/aravind/ros2_logistics_amr/build/amr_description': CMAKE_PREFIX_PATH=${CMAKE_PREFIX_PATH}:/home/aravind/ros2_logistics_amr/install/amr_controller:/opt/ros/jazzy /usr/bin/cmake --install /home/aravind/ros2_logistics_amr/build/amr_description
[0.778s] Level 1:colcon.colcon_core.environment:create_environment_scripts_only(amr_bringup)
[0.779s] DEBUG:colcon.colcon_core.event_handler.log_command:Invoked command in '/home/aravind/ros2_logistics_amr/build/amr_bringup' returned '0': CMAKE_PREFIX_PATH=${CMAKE_PREFIX_PATH}:/home/aravind/ros2_logistics_amr/install/amr_controller:/opt/ros/jazzy /usr/bin/cmake --install /home/aravind/ros2_logistics_amr/build/amr_bringup
[0.783s] Level 1:colcon.colcon_core.environment:checking '/home/aravind/ros2_logistics_amr/install/amr_bringup' for CMake module files
[0.784s] Level 1:colcon.colcon_core.environment:checking '/home/aravind/ros2_logistics_amr/install/amr_bringup' for CMake config files
[0.784s] Level 1:colcon.colcon_core.shell:create_environment_hook('amr_bringup', 'cmake_prefix_path')
[0.785s] INFO:colcon.colcon_core.shell:Creating environment hook '/home/aravind/ros2_logistics_amr/install/amr_bringup/share/amr_bringup/hook/cmake_prefix_path.ps1'
[0.785s] INFO:colcon.colcon_core.shell:Creating environment descriptor '/home/aravind/ros2_logistics_amr/install/amr_bringup/share/amr_bringup/hook/cmake_prefix_path.dsv'
[0.786s] INFO:colcon.colcon_core.shell:Creating environment hook '/home/aravind/ros2_logistics_amr/install/amr_bringup/share/amr_bringup/hook/cmake_prefix_path.sh'
[0.792s] Level 1:colcon.colcon_core.environment:checking '/home/aravind/ros2_logistics_amr/install/amr_bringup/bin'
[0.792s] Level 1:colcon.colcon_core.environment:checking '/home/aravind/ros2_logistics_amr/install/amr_bringup/lib/pkgconfig/amr_bringup.pc'
[0.792s] Level 1:colcon.colcon_core.environment:checking '/home/aravind/ros2_logistics_amr/install/amr_bringup/lib/python3.12/site-packages'
[0.793s] Level 1:colcon.colcon_core.environment:checking '/home/aravind/ros2_logistics_amr/install/amr_bringup/bin'
[0.793s] INFO:colcon.colcon_core.shell:Creating package script '/home/aravind/ros2_logistics_amr/install/amr_bringup/share/amr_bringup/package.ps1'
[0.794s] INFO:colcon.colcon_core.shell:Creating package descriptor '/home/aravind/ros2_logistics_amr/install/amr_bringup/share/amr_bringup/package.dsv'
[0.795s] INFO:colcon.colcon_core.shell:Creating package script '/home/aravind/ros2_logistics_amr/install/amr_bringup/share/amr_bringup/package.sh'
[0.796s] INFO:colcon.colcon_core.shell:Creating package script '/home/aravind/ros2_logistics_amr/install/amr_bringup/share/amr_bringup/package.bash'
[0.797s] INFO:colcon.colcon_core.shell:Creating package script '/home/aravind/ros2_logistics_amr/install/amr_bringup/share/amr_bringup/package.zsh'
[0.798s] Level 1:colcon.colcon_core.environment:create_file_with_runtime_dependencies(/home/aravind/ros2_logistics_amr/install/amr_bringup/share/colcon-core/packages/amr_bringup)
[0.799s] Level 1:colcon.colcon_core.environment:create_environment_scripts_only(amr_bringup)
[0.799s] Level 1:colcon.colcon_core.environment:checking '/home/aravind/ros2_logistics_amr/install/amr_bringup' for CMake module files
[0.799s] Level 1:colcon.colcon_core.environment:checking '/home/aravind/ros2_logistics_amr/install/amr_bringup' for CMake config files
[0.800s] Level 1:colcon.colcon_core.shell:create_environment_hook('amr_bringup', 'cmake_prefix_path')
[0.800s] INFO:colcon.colcon_core.shell:Creating environment hook '/home/aravind/ros2_logistics_amr/install/amr_bringup/share/amr_bringup/hook/cmake_prefix_path.ps1'
[0.801s] INFO:colcon.colcon_core.shell:Creating environment descriptor '/home/aravind/ros2_logistics_amr/install/amr_bringup/share/amr_bringup/hook/cmake_prefix_path.dsv'
[0.801s] INFO:colcon.colcon_core.shell:Creating environment hook '/home/aravind/ros2_logistics_amr/install/amr_bringup/share/amr_bringup/hook/cmake_prefix_path.sh'
[0.804s] Level 1:colcon.colcon_core.environment:checking '/home/aravind/ros2_logistics_amr/install/amr_bringup/bin'
[0.804s] Level 1:colcon.colcon_core.environment:checking '/home/aravind/ros2_logistics_amr/install/amr_bringup/lib/pkgconfig/amr_bringup.pc'
[0.805s] Level 1:colcon.colcon_core.environment:checking '/home/aravind/ros2_logistics_amr/install/amr_bringup/lib/python3.12/site-packages'
[0.805s] Level 1:colcon.colcon_core.environment:checking '/home/aravind/ros2_logistics_amr/install/amr_bringup/bin'
[0.805s] INFO:colcon.colcon_core.shell:Creating package script '/home/aravind/ros2_logistics_amr/install/amr_bringup/share/amr_bringup/package.ps1'
[0.806s] INFO:colcon.colcon_core.shell:Creating package descriptor '/home/aravind/ros2_logistics_amr/install/amr_bringup/share/amr_bringup/package.dsv'
[0.807s] INFO:colcon.colcon_core.shell:Creating package script '/home/aravind/ros2_logistics_amr/install/amr_bringup/share/amr_bringup/package.sh'
[0.807s] INFO:colcon.colcon_core.shell:Creating package script '/home/aravind/ros2_logistics_amr/install/amr_bringup/share/amr_bringup/package.bash'
[0.808s] INFO:colcon.colcon_core.shell:Creating package script '/home/aravind/ros2_logistics_amr/install/amr_bringup/share/amr_bringup/package.zsh'
[0.808s] Level 1:colcon.colcon_core.environment:create_file_with_runtime_dependencies(/home/aravind/ros2_logistics_amr/install/amr_bringup/share/colcon-core/packages/amr_bringup)
[0.810s] Level 1:colcon.colcon_core.environment:create_environment_scripts_only(amr_description)
[0.810s] DEBUG:colcon.colcon_core.event_handler.log_command:Invoked command in '/home/aravind/ros2_logistics_amr/build/amr_description' returned '0': CMAKE_PREFIX_PATH=${CMAKE_PREFIX_PATH}:/home/aravind/ros2_logistics_amr/install/amr_controller:/opt/ros/jazzy /usr/bin/cmake --install /home/aravind/ros2_logistics_amr/build/amr_description
[0.811s] Level 1:colcon.colcon_core.environment:checking '/home/aravind/ros2_logistics_amr/install/amr_description' for CMake module files
[0.812s] Level 1:colcon.colcon_core.environment:checking '/home/aravind/ros2_logistics_amr/install/amr_description' for CMake config files
[0.812s] Level 1:colcon.colcon_core.shell:create_environment_hook('amr_description', 'cmake_prefix_path')
[0.812s] INFO:colcon.colcon_core.shell:Creating environment hook '/home/aravind/ros2_logistics_amr/install/amr_description/share/amr_description/hook/cmake_prefix_path.ps1'
[0.813s] INFO:colcon.colcon_core.shell:Creating environment descriptor '/home/aravind/ros2_logistics_amr/install/amr_description/share/amr_description/hook/cmake_prefix_path.dsv'
[0.813s] INFO:colcon.colcon_core.shell:Creating environment hook '/home/aravind/ros2_logistics_amr/install/amr_description/share/amr_description/hook/cmake_prefix_path.sh'
[0.814s] Level 1:colcon.colcon_core.environment:checking '/home/aravind/ros2_logistics_amr/install/amr_description/bin'
[0.814s] Level 1:colcon.colcon_core.environment:checking '/home/aravind/ros2_logistics_amr/install/amr_description/lib/pkgconfig/amr_description.pc'
[0.814s] Level 1:colcon.colcon_core.environment:checking '/home/aravind/ros2_logistics_amr/install/amr_description/lib/python3.12/site-packages'
[0.815s] Level 1:colcon.colcon_core.environment:checking '/home/aravind/ros2_logistics_amr/install/amr_description/bin'
[0.815s] INFO:colcon.colcon_core.shell:Creating package script '/home/aravind/ros2_logistics_amr/install/amr_description/share/amr_description/package.ps1'
[0.815s] INFO:colcon.colcon_core.shell:Creating package descriptor '/home/aravind/ros2_logistics_amr/install/amr_description/share/amr_description/package.dsv'
[0.816s] INFO:colcon.colcon_core.shell:Creating package script '/home/aravind/ros2_logistics_amr/install/amr_description/share/amr_description/package.sh'
[0.817s] INFO:colcon.colcon_core.shell:Creating package script '/home/aravind/ros2_logistics_amr/install/amr_description/share/amr_description/package.bash'
[0.817s] INFO:colcon.colcon_core.shell:Creating package script '/home/aravind/ros2_logistics_amr/install/amr_description/share/amr_description/package.zsh'
[0.818s] Level 1:colcon.colcon_core.environment:create_file_with_runtime_dependencies(/home/aravind/ros2_logistics_amr/install/amr_description/share/colcon-core/packages/amr_description)
[0.819s] Level 1:colcon.colcon_core.environment:create_environment_scripts_only(amr_description)
[0.819s] Level 1:colcon.colcon_core.environment:checking '/home/aravind/ros2_logistics_amr/install/amr_description' for CMake module files
[0.819s] Level 1:colcon.colcon_core.environment:checking '/home/aravind/ros2_logistics_amr/install/amr_description' for CMake config files
[0.820s] Level 1:colcon.colcon_core.shell:create_environment_hook('amr_description', 'cmake_prefix_path')
[0.820s] INFO:colcon.colcon_core.shell:Creating environment hook '/home/aravind/ros2_logistics_amr/install/amr_description/share/amr_description/hook/cmake_prefix_path.ps1'
[0.821s] INFO:colcon.colcon_core.shell:Creating environment descriptor '/home/aravind/ros2_logistics_amr/install/amr_description/share/amr_description/hook/cmake_prefix_path.dsv'
[0.821s] INFO:colcon.colcon_core.shell:Creating environment hook '/home/aravind/ros2_logistics_amr/install/amr_description/share/amr_description/hook/cmake_prefix_path.sh'
[0.823s] Level 1:colcon.colcon_core.environment:checking '/home/aravind/ros2_logistics_amr/install/amr_description/bin'
[0.823s] Level 1:colcon.colcon_core.environment:checking '/home/aravind/ros2_logistics_amr/install/amr_description/lib/pkgconfig/amr_description.pc'
[0.823s] Level 1:colcon.colcon_core.environment:checking '/home/aravind/ros2_logistics_amr/install/amr_description/lib/python3.12/site-packages'
[0.824s] Level 1:colcon.colcon_core.environment:checking '/home/aravind/ros2_logistics_amr/install/amr_description/bin'
[0.824s] INFO:colcon.colcon_core.shell:Creating package script '/home/aravind/ros2_logistics_amr/install/amr_description/share/amr_description/package.ps1'
[0.825s] INFO:colcon.colcon_core.shell:Creating package descriptor '/home/aravind/ros2_logistics_amr/install/amr_description/share/amr_description/package.dsv'
[0.825s] INFO:colcon.colcon_core.shell:Creating package script '/home/aravind/ros2_logistics_amr/install/amr_description/share/amr_description/package.sh'
[0.826s] INFO:colcon.colcon_core.shell:Creating package script '/home/aravind/ros2_logistics_amr/install/amr_description/share/amr_description/package.bash'
[0.827s] INFO:colcon.colcon_core.shell:Creating package script '/home/aravind/ros2_logistics_amr/install/amr_description/share/amr_description/package.zsh'
[0.827s] Level 1:colcon.colcon_core.environment:create_file_with_runtime_dependencies(/home/aravind/ros2_logistics_amr/install/amr_description/share/colcon-core/packages/amr_description)
[1.339s] DEBUG:colcon.colcon_core.event_handler.log_command:Invoked command in '/home/aravind/ros2_logistics_amr/build/amr_navigation' returned '0': CMAKE_PREFIX_PATH=${CMAKE_PREFIX_PATH}:/home/aravind/ros2_logistics_amr/install/amr_controller:/opt/ros/jazzy /usr/bin/cmake --build /home/aravind/ros2_logistics_amr/build/amr_navigation -- -j16 -l16
[1.341s] DEBUG:colcon.colcon_core.event_handler.log_command:Invoking command in '/home/aravind/ros2_logistics_amr/build/amr_navigation': CMAKE_PREFIX_PATH=${CMAKE_PREFIX_PATH}:/home/aravind/ros2_logistics_amr/install/amr_controller:/opt/ros/jazzy /usr/bin/cmake --install /home/aravind/ros2_logistics_amr/build/amr_navigation
[1.380s] Level 1:colcon.colcon_core.environment:create_environment_scripts_only(amr_navigation)
[1.380s] Level 1:colcon.colcon_core.environment:checking '/home/aravind/ros2_logistics_amr/install/amr_navigation' for CMake module files
[1.381s] DEBUG:colcon.colcon_core.event_handler.log_command:Invoked command in '/home/aravind/ros2_logistics_amr/build/amr_navigation' returned '0': CMAKE_PREFIX_PATH=${CMAKE_PREFIX_PATH}:/home/aravind/ros2_logistics_amr/install/amr_controller:/opt/ros/jazzy /usr/bin/cmake --install /home/aravind/ros2_logistics_amr/build/amr_navigation
[1.381s] Level 1:colcon.colcon_core.environment:checking '/home/aravind/ros2_logistics_amr/install/amr_navigation' for CMake config files
[1.382s] Level 1:colcon.colcon_core.shell:create_environment_hook('amr_navigation', 'cmake_prefix_path')
[1.382s] INFO:colcon.colcon_core.shell:Creating environment hook '/home/aravind/ros2_logistics_amr/install/amr_navigation/share/amr_navigation/hook/cmake_prefix_path.ps1'
[1.382s] INFO:colcon.colcon_core.shell:Creating environment descriptor '/home/aravind/ros2_logistics_amr/install/amr_navigation/share/amr_navigation/hook/cmake_prefix_path.dsv'
[1.382s] INFO:colcon.colcon_core.shell:Creating environment hook '/home/aravind/ros2_logistics_amr/install/amr_navigation/share/amr_navigation/hook/cmake_prefix_path.sh'
[1.383s] Level 1:colcon.colcon_core.environment:checking '/home/aravind/ros2_logistics_amr/install/amr_navigation/bin'
[1.383s] Level 1:colcon.colcon_core.environment:checking '/home/aravind/ros2_logistics_amr/install/amr_navigation/lib/pkgconfig/amr_navigation.pc'
[1.383s] Level 1:colcon.colcon_core.environment:checking '/home/aravind/ros2_logistics_amr/install/amr_navigation/lib/python3.12/site-packages'
[1.384s] Level 1:colcon.colcon_core.environment:checking '/home/aravind/ros2_logistics_amr/install/amr_navigation/bin'
[1.384s] INFO:colcon.colcon_core.shell:Creating package script '/home/aravind/ros2_logistics_amr/install/amr_navigation/share/amr_navigation/package.ps1'
[1.384s] INFO:colcon.colcon_core.shell:Creating package descriptor '/home/aravind/ros2_logistics_amr/install/amr_navigation/share/amr_navigation/package.dsv'
[1.385s] INFO:colcon.colcon_core.shell:Creating package script '/home/aravind/ros2_logistics_amr/install/amr_navigation/share/amr_navigation/package.sh'
[1.385s] INFO:colcon.colcon_core.shell:Creating package script '/home/aravind/ros2_logistics_amr/install/amr_navigation/share/amr_navigation/package.bash'
[1.385s] INFO:colcon.colcon_core.shell:Creating package script '/home/aravind/ros2_logistics_amr/install/amr_navigation/share/amr_navigation/package.zsh'
[1.386s] Level 1:colcon.colcon_core.environment:create_file_with_runtime_dependencies(/home/aravind/ros2_logistics_amr/install/amr_navigation/share/colcon-core/packages/amr_navigation)
[1.386s] Level 1:colcon.colcon_core.environment:create_environment_scripts_only(amr_navigation)
[1.386s] Level 1:colcon.colcon_core.environment:checking '/home/aravind/ros2_logistics_amr/install/amr_navigation' for CMake module files
[1.387s] Level 1:colcon.colcon_core.environment:checking '/home/aravind/ros2_logistics_amr/install/amr_navigation' for CMake config files
[1.387s] Level 1:colcon.colcon_core.shell:create_environment_hook('amr_navigation', 'cmake_prefix_path')
[1.387s] INFO:colcon.colcon_core.shell:Creating environment hook '/home/aravind/ros2_logistics_amr/install/amr_navigation/share/amr_navigation/hook/cmake_prefix_path.ps1'
[1.388s] INFO:colcon.colcon_core.shell:Creating environment descriptor '/home/aravind/ros2_logistics_amr/install/amr_navigation/share/amr_navigation/hook/cmake_prefix_path.dsv'
[1.388s] INFO:colcon.colcon_core.shell:Creating environment hook '/home/aravind/ros2_logistics_amr/install/amr_navigation/share/amr_navigation/hook/cmake_prefix_path.sh'
[1.389s] Level 1:colcon.colcon_core.environment:checking '/home/aravind/ros2_logistics_amr/install/amr_navigation/bin'
[1.389s] Level 1:colcon.colcon_core.environment:checking '/home/aravind/ros2_logistics_amr/install/amr_navigation/lib/pkgconfig/amr_navigation.pc'
[1.389s] Level 1:colcon.colcon_core.environment:checking '/home/aravind/ros2_logistics_amr/install/amr_navigation/lib/python3.12/site-packages'
[1.389s] Level 1:colcon.colcon_core.environment:checking '/home/aravind/ros2_logistics_amr/install/amr_navigation/bin'
[1.390s] INFO:colcon.colcon_core.shell:Creating package script '/home/aravind/ros2_logistics_amr/install/amr_navigation/share/amr_navigation/package.ps1'
[1.390s] INFO:colcon.colcon_core.shell:Creating package descriptor '/home/aravind/ros2_logistics_amr/install/amr_navigation/share/amr_navigation/package.dsv'
[1.391s] INFO:colcon.colcon_core.shell:Creating package script '/home/aravind/ros2_logistics_amr/install/amr_navigation/share/amr_navigation/package.sh'
[1.391s] INFO:colcon.colcon_core.shell:Creating package script '/home/aravind/ros2_logistics_amr/install/amr_navigation/share/amr_navigation/package.bash'
[1.392s] INFO:colcon.colcon_core.shell:Creating package script '/home/aravind/ros2_logistics_amr/install/amr_navigation/share/amr_navigation/package.zsh'
[1.392s] Level 1:colcon.colcon_core.environment:create_file_with_runtime_dependencies(/home/aravind/ros2_logistics_amr/install/amr_navigation/share/colcon-core/packages/amr_navigation)
[1.468s] DEBUG:colcon.colcon_core.event_handler.log_command:Invoking command in '/home/aravind/ros2_logistics_amr/build/amr_controller': PYTHONPATH=/home/aravind/ros2_logistics_amr/build/amr_controller/prefix_override:/usr/lib/python3/dist-packages/colcon_core/task/python/colcon_distutils_commands:/home/aravind/ros2_logistics_amr/install/amr_controller/lib/python3.12/site-packages:${PYTHONPATH} /usr/bin/python3 -W ignore:setup.py install is deprecated -W ignore:easy_install command is deprecated setup.py develop --editable --build-directory /home/aravind/ros2_logistics_amr/build/amr_controller/build --no-deps symlink_data
[2.130s] Level 1:colcon.colcon_core.shell:create_environment_hook('amr_controller', 'pythonpath_develop')
[2.130s] INFO:colcon.colcon_core.shell:Creating environment hook '/home/aravind/ros2_logistics_amr/build/amr_controller/share/amr_controller/hook/pythonpath_develop.ps1'
[2.131s] INFO:colcon.colcon_core.shell:Creating environment descriptor '/home/aravind/ros2_logistics_amr/build/amr_controller/share/amr_controller/hook/pythonpath_develop.dsv'
[2.131s] INFO:colcon.colcon_core.shell:Creating environment hook '/home/aravind/ros2_logistics_amr/build/amr_controller/share/amr_controller/hook/pythonpath_develop.sh'
[2.132s] Level 1:colcon.colcon_core.environment:checking '/home/aravind/ros2_logistics_amr/install/amr_controller' for CMake module files
[2.133s] Level 1:colcon.colcon_core.environment:checking '/home/aravind/ros2_logistics_amr/install/amr_controller' for CMake config files
[2.134s] DEBUG:colcon.colcon_core.event_handler.log_command:Invoked command in '/home/aravind/ros2_logistics_amr/build/amr_controller' returned '0': PYTHONPATH=/home/aravind/ros2_logistics_amr/build/amr_controller/prefix_override:/usr/lib/python3/dist-packages/colcon_core/task/python/colcon_distutils_commands:/home/aravind/ros2_logistics_amr/install/amr_controller/lib/python3.12/site-packages:${PYTHONPATH} /usr/bin/python3 -W ignore:setup.py install is deprecated -W ignore:easy_install command is deprecated setup.py develop --editable --build-directory /home/aravind/ros2_logistics_amr/build/amr_controller/build --no-deps symlink_data
[2.135s] Level 1:colcon.colcon_core.environment:checking '/home/aravind/ros2_logistics_amr/install/amr_controller/lib'
[2.135s] Level 1:colcon.colcon_core.environment:checking '/home/aravind/ros2_logistics_amr/install/amr_controller/bin'
[2.135s] Level 1:colcon.colcon_core.environment:checking '/home/aravind/ros2_logistics_amr/install/amr_controller/lib/pkgconfig/amr_controller.pc'
[2.136s] Level 1:colcon.colcon_core.environment:checking '/home/aravind/ros2_logistics_amr/install/amr_controller/lib/python3.12/site-packages'
[2.136s] Level 1:colcon.colcon_core.shell:create_environment_hook('amr_controller', 'pythonpath')
[2.136s] INFO:colcon.colcon_core.shell:Creating environment hook '/home/aravind/ros2_logistics_amr/install/amr_controller/share/amr_controller/hook/pythonpath.ps1'
[2.137s] INFO:colcon.colcon_core.shell:Creating environment descriptor '/home/aravind/ros2_logistics_amr/install/amr_controller/share/amr_controller/hook/pythonpath.dsv'
[2.137s] INFO:colcon.colcon_core.shell:Creating environment hook '/home/aravind/ros2_logistics_amr/install/amr_controller/share/amr_controller/hook/pythonpath.sh'
[2.138s] Level 1:colcon.colcon_core.environment:checking '/home/aravind/ros2_logistics_amr/install/amr_controller/bin'
[2.139s] Level 1:colcon.colcon_core.environment:create_environment_scripts_only(amr_controller)
[2.139s] INFO:colcon.colcon_core.shell:Creating package script '/home/aravind/ros2_logistics_amr/install/amr_controller/share/amr_controller/package.ps1'
[2.139s] INFO:colcon.colcon_core.shell:Creating package descriptor '/home/aravind/ros2_logistics_amr/install/amr_controller/share/amr_controller/package.dsv'
[2.140s] INFO:colcon.colcon_core.shell:Creating package script '/home/aravind/ros2_logistics_amr/install/amr_controller/share/amr_controller/package.sh'
[2.140s] INFO:colcon.colcon_core.shell:Creating package script '/home/aravind/ros2_logistics_amr/install/amr_controller/share/amr_controller/package.bash'
[2.140s] INFO:colcon.colcon_core.shell:Creating package script '/home/aravind/ros2_logistics_amr/install/amr_controller/share/amr_controller/package.zsh'
[2.141s] Level 1:colcon.colcon_core.environment:create_file_with_runtime_dependencies(/home/aravind/ros2_logistics_amr/install/amr_controller/share/colcon-core/packages/amr_controller)
[2.141s] DEBUG:colcon.colcon_parallel_executor.executor.parallel:closing loop
[2.142s] DEBUG:colcon.colcon_parallel_executor.executor.parallel:loop closed
[2.142s] DEBUG:colcon.colcon_parallel_executor.executor.parallel:run_until_complete finished with '0'
[2.142s] DEBUG:colcon.colcon_core.event_reactor:joining thread
[2.216s] INFO:colcon.colcon_core.plugin_system:Skipping extension 'colcon_notification.desktop_notification.notify_send': Could not find 'notify-send'
[2.216s] INFO:colcon.colcon_core.plugin_system:Skipping extension 'colcon_notification.desktop_notification.terminal_notifier': Not used on non-Darwin systems
[2.216s] INFO:colcon.colcon_core.plugin_system:Skipping extension 'colcon_notification.desktop_notification.win32': Not used on non-Windows systems
[2.216s] INFO:colcon.colcon_notification.desktop_notification:Sending desktop notification using 'notify2'
[2.218s] DEBUG:colcon.colcon_notification.desktop_notification.notify2:Failed to initialize notify2: org.freedesktop.DBus.Error.ServiceUnknown: The name org.freedesktop.Notifications was not provided by any .service files
[2.218s] DEBUG:colcon.colcon_core.event_reactor:joined thread
[2.218s] INFO:colcon.colcon_core.shell:Creating prefix script '/home/aravind/ros2_logistics_amr/install/local_setup.ps1'
[2.220s] INFO:colcon.colcon_core.shell:Creating prefix util module '/home/aravind/ros2_logistics_amr/install/_local_setup_util_ps1.py'
[2.222s] INFO:colcon.colcon_core.shell:Creating prefix chain script '/home/aravind/ros2_logistics_amr/install/setup.ps1'
[2.223s] INFO:colcon.colcon_core.shell:Creating prefix script '/home/aravind/ros2_logistics_amr/install/local_setup.sh'
[2.223s] INFO:colcon.colcon_core.shell:Creating prefix util module '/home/aravind/ros2_logistics_amr/install/_local_setup_util_sh.py'
[2.224s] INFO:colcon.colcon_core.shell:Creating prefix chain script '/home/aravind/ros2_logistics_amr/install/setup.sh'
[2.225s] INFO:colcon.colcon_core.shell:Creating prefix script '/home/aravind/ros2_logistics_amr/install/local_setup.bash'
[2.226s] INFO:colcon.colcon_core.shell:Creating prefix chain script '/home/aravind/ros2_logistics_amr/install/setup.bash'
[2.227s] INFO:colcon.colcon_core.shell:Creating prefix script '/home/aravind/ros2_logistics_amr/install/local_setup.zsh'
[2.228s] INFO:colcon.colcon_core.shell:Creating prefix chain script '/home/aravind/ros2_logistics_amr/install/setup.zsh'
