[0.181s] Invoking command in '/home/aravind/ros2_logistics_amr/build/amr_description': CMAKE_PREFIX_PATH=${CMAKE_PREFIX_PATH}:/home/aravind/ros2_logistics_amr/install/amr_controller:/opt/ros/jazzy /usr/bin/cmake --build /home/aravind/ros2_logistics_amr/build/amr_description -- -j16 -l16
[0.214s] Invoked command in '/home/aravind/ros2_logistics_amr/build/amr_description' returned '0': CMAKE_PREFIX_PATH=${CMAKE_PREFIX_PATH}:/home/aravind/ros2_logistics_amr/install/amr_controller:/opt/ros/jazzy /usr/bin/cmake --build /home/aravind/ros2_logistics_amr/build/amr_description -- -j16 -l16
[0.215s] Invoking command in '/home/aravind/ros2_logistics_amr/build/amr_description': CMAKE_PREFIX_PATH=${CMAKE_PREFIX_PATH}:/home/aravind/ros2_logistics_amr/install/amr_controller:/opt/ros/jazzy /usr/bin/cmake --install /home/aravind/ros2_logistics_amr/build/amr_description
[0.222s] -- Install configuration: ""
[0.223s] -- Execute custom install script
[0.223s] -- Up-to-date symlink: /home/aravind/ros2_logistics_amr/install/amr_description/share/amr_description/urdf/amr_robot.urdf.xacro
[0.223s] -- Up-to-date symlink: /home/aravind/ros2_logistics_amr/install/amr_description/share/amr_description/meshes/.gitkeep
[0.223s] -- Up-to-date symlink: /home/aravind/ros2_logistics_amr/install/amr_description/share/ament_index/resource_index/package_run_dependencies/amr_description
[0.224s] -- Up-to-date symlink: /home/aravind/ros2_logistics_amr/install/amr_description/share/ament_index/resource_index/parent_prefix_path/amr_description
[0.224s] -- Up-to-date symlink: /home/aravind/ros2_logistics_amr/install/amr_description/share/amr_description/environment/ament_prefix_path.sh
[0.224s] -- Up-to-date symlink: /home/aravind/ros2_logistics_amr/install/amr_description/share/amr_description/environment/ament_prefix_path.dsv
[0.224s] -- Up-to-date symlink: /home/aravind/ros2_logistics_amr/install/amr_description/share/amr_description/environment/path.sh
[0.225s] -- Up-to-date symlink: /home/aravind/ros2_logistics_amr/install/amr_description/share/amr_description/environment/path.dsv
[0.225s] -- Up-to-date symlink: /home/aravind/ros2_logistics_amr/install/amr_description/share/amr_description/local_setup.bash
[0.225s] -- Up-to-date symlink: /home/aravind/ros2_logistics_amr/install/amr_description/share/amr_description/local_setup.sh
[0.225s] -- Up-to-date symlink: /home/aravind/ros2_logistics_amr/install/amr_description/share/amr_description/local_setup.zsh
[0.225s] -- Up-to-date symlink: /home/aravind/ros2_logistics_amr/install/amr_description/share/amr_description/local_setup.dsv
[0.225s] -- Symlinking: /home/aravind/ros2_logistics_amr/install/amr_description/share/amr_description/package.dsv
[0.232s] -- Up-to-date symlink: /home/aravind/ros2_logistics_amr/install/amr_description/share/ament_index/resource_index/packages/amr_description
[0.232s] -- Up-to-date symlink: /home/aravind/ros2_logistics_amr/install/amr_description/share/amr_description/cmake/amr_descriptionConfig.cmake
[0.232s] -- Up-to-date symlink: /home/aravind/ros2_logistics_amr/install/amr_description/share/amr_description/cmake/amr_descriptionConfig-version.cmake
[0.232s] -- Up-to-date symlink: /home/aravind/ros2_logistics_amr/install/amr_description/share/amr_description/package.xml
[0.245s] Invoked command in '/home/aravind/ros2_logistics_amr/build/amr_description' returned '0': CMAKE_PREFIX_PATH=${CMAKE_PREFIX_PATH}:/home/aravind/ros2_logistics_amr/install/amr_controller:/opt/ros/jazzy /usr/bin/cmake --install /home/aravind/ros2_logistics_amr/build/amr_description
