[0.290s] Invoking command in '/home/aravind/ros2_logistics_amr/build/amr_description': CMAKE_PREFIX_PATH=${CMAKE_PREFIX_PATH}:/home/aravind/ros2_logistics_amr/install/amr_controller:/opt/ros/jazzy /usr/bin/cmake --build /home/aravind/ros2_logistics_amr/build/amr_description -- -j16 -l16
[0.316s] -- Found ament_cmake: 2.5.5 (/opt/ros/jazzy/share/ament_cmake/cmake)
[0.490s] -- Override CMake install command with custom implementation using symlinks instead of copying resources
[0.575s] -- Configuring done (0.3s)
[0.580s] -- Generating done (0.0s)
[0.582s] -- Build files have been written to: /home/aravind/ros2_logistics_amr/build/amr_description
[0.599s] Invoked command in '/home/aravind/ros2_logistics_amr/build/amr_description' returned '0': CMAKE_PREFIX_PATH=${CMAKE_PREFIX_PATH}:/home/aravind/ros2_logistics_amr/install/amr_controller:/opt/ros/jazzy /usr/bin/cmake --build /home/aravind/ros2_logistics_amr/build/amr_description -- -j16 -l16
[0.600s] Invoking command in '/home/aravind/ros2_logistics_amr/build/amr_description': CMAKE_PREFIX_PATH=${CMAKE_PREFIX_PATH}:/home/aravind/ros2_logistics_amr/install/amr_controller:/opt/ros/jazzy /usr/bin/cmake --install /home/aravind/ros2_logistics_amr/build/amr_description
[0.606s] -- Install configuration: ""
[0.607s] -- Execute custom install script
[0.607s] -- Symlinking: /home/aravind/ros2_logistics_amr/install/amr_description/share/amr_description/urdf/amr_robot.urdf.xacro
[0.615s] [31mCMake Error at ament_cmake_symlink_install/ament_cmake_symlink_install.cmake:105 (message):
[0.615s]   ament_cmake_symlink_install_directory() can't find
[0.615s]   '/home/aravind/ros2_logistics_amr/src/amr_description/meshes'
[0.615s] Call Stack (most recent call first):
[0.615s]   ament_cmake_symlink_install/ament_cmake_symlink_install.cmake:319 (ament_cmake_symlink_install_directory)
[0.615s]   cmake_install.cmake:46 (include)
[0.615s] 
[0.615s] [0m
[0.617s] Invoked command in '/home/aravind/ros2_logistics_amr/build/amr_description' returned '1': CMAKE_PREFIX_PATH=${CMAKE_PREFIX_PATH}:/home/aravind/ros2_logistics_amr/install/amr_controller:/opt/ros/jazzy /usr/bin/cmake --install /home/aravind/ros2_logistics_amr/build/amr_description
