[1.438s] Invoking command in '/home/aravind/ros2_logistics_amr/build/amr_controller': PYTHONPATH=/home/aravind/ros2_logistics_amr/build/amr_controller/prefix_override:/usr/lib/python3/dist-packages/colcon_core/task/python/colcon_distutils_commands:/home/aravind/ros2_logistics_amr/install/amr_controller/lib/python3.12/site-packages:${PYTHONPATH} /usr/bin/python3 -W ignore:setup.py install is deprecated -W ignore:easy_install command is deprecated setup.py develop --editable --build-directory /home/aravind/ros2_logistics_amr/build/amr_controller/build --no-deps symlink_data
[1.915s] running develop
[2.141s] /usr/lib/python3/dist-packages/setuptools/command/easy_install.py:363: UserWarning: Unbuilt egg for pytest-repeat [unknown version] (/usr/lib/python3/dist-packages)
[2.141s]   self.local_index = Environment(self.shadow_path + sys.path)
[2.192s] running egg_info
[2.225s] writing amr_controller.egg-info/PKG-INFO
[2.226s] writing dependency_links to amr_controller.egg-info/dependency_links.txt
[2.226s] writing entry points to amr_controller.egg-info/entry_points.txt
[2.227s] writing requirements to amr_controller.egg-info/requires.txt
[2.227s] writing top-level names to amr_controller.egg-info/top_level.txt
[2.280s] reading manifest file 'amr_controller.egg-info/SOURCES.txt'
[2.281s] writing manifest file 'amr_controller.egg-info/SOURCES.txt'
[2.309s] running build_ext
[2.309s] Creating /home/aravind/ros2_logistics_amr/install/amr_controller/lib/python3.12/site-packages/amr-controller.egg-link (link to .)
[2.310s] Installing initial_pose_publisher script to /home/aravind/ros2_logistics_amr/install/amr_controller/lib/amr_controller
[2.310s] Installing odom_tf_broadcaster script to /home/aravind/ros2_logistics_amr/install/amr_controller/lib/amr_controller
[2.311s] 
[2.311s] Installed /home/aravind/ros2_logistics_amr/build/amr_controller
[2.311s] running symlink_data
[2.368s] Invoked command in '/home/aravind/ros2_logistics_amr/build/amr_controller' returned '0': PYTHONPATH=/home/aravind/ros2_logistics_amr/build/amr_controller/prefix_override:/usr/lib/python3/dist-packages/colcon_core/task/python/colcon_distutils_commands:/home/aravind/ros2_logistics_amr/install/amr_controller/lib/python3.12/site-packages:${PYTHONPATH} /usr/bin/python3 -W ignore:setup.py install is deprecated -W ignore:easy_install command is deprecated setup.py develop --editable --build-directory /home/aravind/ros2_logistics_amr/build/amr_controller/build --no-deps symlink_data
