[0.365s] Invoking command in '/home/aravind/ros2_logistics_amr/build/amr_navigation': CMAKE_PREFIX_PATH=${CMAKE_PREFIX_PATH}:/home/aravind/ros2_logistics_amr/install/amr_controller:/opt/ros/jazzy /usr/bin/cmake --build /home/aravind/ros2_logistics_amr/build/amr_navigation -- -j16 -l16
[0.423s] Invoked command in '/home/aravind/ros2_logistics_amr/build/amr_navigation' returned '0': CMAKE_PREFIX_PATH=${CMAKE_PREFIX_PATH}:/home/aravind/ros2_logistics_amr/install/amr_controller:/opt/ros/jazzy /usr/bin/cmake --build /home/aravind/ros2_logistics_amr/build/amr_navigation -- -j16 -l16
[0.425s] Invoking command in '/home/aravind/ros2_logistics_amr/build/amr_navigation': CMAKE_PREFIX_PATH=${CMAKE_PREFIX_PATH}:/home/aravind/ros2_logistics_amr/install/amr_controller:/opt/ros/jazzy /usr/bin/cmake --install /home/aravind/ros2_logistics_amr/build/amr_navigation
[0.436s] -- Install configuration: ""
[0.437s] -- Execute custom install script
[0.438s] -- Up-to-date symlink: /home/aravind/ros2_logistics_amr/install/amr_navigation/share/amr_navigation/config/nav2_params.yaml
[0.438s] -- Up-to-date symlink: /home/aravind/ros2_logistics_amr/install/amr_navigation/share/amr_navigation/config/slam_toolbox.yaml
[0.438s] -- Up-to-date symlink: /home/aravind/ros2_logistics_amr/install/amr_navigation/share/ament_index/resource_index/package_run_dependencies/amr_navigation
[0.440s] -- Up-to-date symlink: /home/aravind/ros2_logistics_amr/install/amr_navigation/share/ament_index/resource_index/parent_prefix_path/amr_navigation
[0.440s] -- Up-to-date symlink: /home/aravind/ros2_logistics_amr/install/amr_navigation/share/amr_navigation/environment/ament_prefix_path.sh
[0.440s] -- Up-to-date symlink: /home/aravind/ros2_logistics_amr/install/amr_navigation/share/amr_navigation/environment/ament_prefix_path.dsv
[0.441s] -- Up-to-date symlink: /home/aravind/ros2_logistics_amr/install/amr_navigation/share/amr_navigation/environment/path.sh
[0.441s] -- Up-to-date symlink: /home/aravind/ros2_logistics_amr/install/amr_navigation/share/amr_navigation/environment/path.dsv
[0.441s] -- Up-to-date symlink: /home/aravind/ros2_logistics_amr/install/amr_navigation/share/amr_navigation/local_setup.bash
[0.442s] -- Up-to-date symlink: /home/aravind/ros2_logistics_amr/install/amr_navigation/share/amr_navigation/local_setup.sh
[0.442s] -- Up-to-date symlink: /home/aravind/ros2_logistics_amr/install/amr_navigation/share/amr_navigation/local_setup.zsh
[0.442s] -- Up-to-date symlink: /home/aravind/ros2_logistics_amr/install/amr_navigation/share/amr_navigation/local_setup.dsv
[0.442s] -- Symlinking: /home/aravind/ros2_logistics_amr/install/amr_navigation/share/amr_navigation/package.dsv
[0.456s] -- Up-to-date symlink: /home/aravind/ros2_logistics_amr/install/amr_navigation/share/ament_index/resource_index/packages/amr_navigation
[0.457s] -- Up-to-date symlink: /home/aravind/ros2_logistics_amr/install/amr_navigation/share/amr_navigation/cmake/amr_navigationConfig.cmake
[0.457s] -- Up-to-date symlink: /home/aravind/ros2_logistics_amr/install/amr_navigation/share/amr_navigation/cmake/amr_navigationConfig-version.cmake
[0.457s] -- Up-to-date symlink: /home/aravind/ros2_logistics_amr/install/amr_navigation/share/amr_navigation/package.xml
[0.467s] Invoked command in '/home/aravind/ros2_logistics_amr/build/amr_navigation' returned '0': CMAKE_PREFIX_PATH=${CMAKE_PREFIX_PATH}:/home/aravind/ros2_logistics_amr/install/amr_controller:/opt/ros/jazzy /usr/bin/cmake --install /home/aravind/ros2_logistics_amr/build/amr_navigation
